Time: 11.01.2024 11:03:11
Accuracy: 0.9115421098490818

Optimizer: Adam
Learning Rate: 0.0001
Scheduler: False
Weight decay: 0
Smoothing: 0
Batch size: 64
Bidirectional: False
Hidden Dim: 22
n_layers: 1


Time: 11.01.2024 11:21:01
Accuracy: 0.9051728056618896

Optimizer: Adam
Learning Rate: 0.0001
Scheduler: False
Weight decay: 0
Smoothing: 0
Batch size: 64
Bidirectional: False
Hidden Dim: 22
n_layers: 1


Time: 11.01.2024 11:38:53
Accuracy: 0.905494371069662

Optimizer: Adam
Learning Rate: 0.0001
Scheduler: False
Weight decay: 0
Smoothing: 0
Batch size: 64
Bidirectional: False
Hidden Dim: 22
n_layers: 1


Time: 11.01.2024 11:56:43
Accuracy: 0.9107455782902998

Optimizer: Adam
Learning Rate: 0.0001
Scheduler: False
Weight decay: 0
Smoothing: 0
Batch size: 64
Bidirectional: False
Hidden Dim: 22
n_layers: 1


Time: 11.01.2024 12:14:37
Accuracy: 0.9068128294875119

Optimizer: Adam
Learning Rate: 0.0001
Scheduler: False
Weight decay: 0
Smoothing: 0
Batch size: 64
Bidirectional: False
Hidden Dim: 22
n_layers: 1


Time: 11.01.2024 12:32:34
Accuracy: 0.9067777519356199

Optimizer: Adam
Learning Rate: 0.0001
Scheduler: False
Weight decay: 0
Smoothing: 0
Batch size: 64
Bidirectional: False
Hidden Dim: 22
n_layers: 1


Time: 11.01.2024 12:50:26
Accuracy: 0.9075263907740955

Optimizer: Adam
Learning Rate: 0.0001
Scheduler: False
Weight decay: 0
Smoothing: 0
Batch size: 64
Bidirectional: False
Hidden Dim: 22
n_layers: 1


Time: 11.01.2024 13:08:20
Accuracy: 0.9019229424982333

Optimizer: Adam
Learning Rate: 0.0001
Scheduler: False
Weight decay: 0
Smoothing: 0
Batch size: 64
Bidirectional: False
Hidden Dim: 22
n_layers: 1


Time: 11.01.2024 13:26:18
Accuracy: 0.9020670482727271

Optimizer: Adam
Learning Rate: 0.0001
Scheduler: False
Weight decay: 0
Smoothing: 0
Batch size: 64
Bidirectional: False
Hidden Dim: 22
n_layers: 1


Time: 11.01.2024 13:44:12
Accuracy: 0.9178020574911755

Optimizer: Adam
Learning Rate: 0.0001
Scheduler: False
Weight decay: 0
Smoothing: 0
Batch size: 64
Bidirectional: False
Hidden Dim: 22
n_layers: 1


Time: 11.01.2024 14:02:07
Accuracy: 0.9130953148803381

Optimizer: Adam
Learning Rate: 0.0001
Scheduler: False
Weight decay: 0
Smoothing: 0
Batch size: 64
Bidirectional: False
Hidden Dim: 22
n_layers: 1


Time: 11.01.2024 14:20:06
Accuracy: 0.9010608735327161

Optimizer: Adam
Learning Rate: 0.0001
Scheduler: False
Weight decay: 0
Smoothing: 0
Batch size: 64
Bidirectional: False
Hidden Dim: 22
n_layers: 1


Time: 11.01.2024 14:38:01
Accuracy: 0.9057269928540079

Optimizer: Adam
Learning Rate: 0.0001
Scheduler: False
Weight decay: 0
Smoothing: 0
Batch size: 64
Bidirectional: False
Hidden Dim: 22
n_layers: 1


Time: 11.01.2024 14:56:00
Accuracy: 0.9124101654046373

Optimizer: Adam
Learning Rate: 0.0001
Scheduler: False
Weight decay: 0
Smoothing: 0
Batch size: 64
Bidirectional: False
Hidden Dim: 22
n_layers: 1


Time: 11.01.2024 15:13:57
Accuracy: 0.910991883709019

Optimizer: Adam
Learning Rate: 0.0001
Scheduler: False
Weight decay: 0
Smoothing: 0
Batch size: 64
Bidirectional: False
Hidden Dim: 22
n_layers: 1


Time: 11.01.2024 15:31:52
Accuracy: 0.90312731612987

Optimizer: Adam
Learning Rate: 0.0001
Scheduler: False
Weight decay: 0
Smoothing: 0
Batch size: 64
Bidirectional: False
Hidden Dim: 22
n_layers: 1


Time: 11.01.2024 15:49:45
Accuracy: 0.917624485328009

Optimizer: Adam
Learning Rate: 0.0001
Scheduler: False
Weight decay: 0
Smoothing: 0
Batch size: 64
Bidirectional: False
Hidden Dim: 22
n_layers: 1


Time: 11.01.2024 16:07:41
Accuracy: 0.8979812005715776

Optimizer: Adam
Learning Rate: 0.0001
Scheduler: False
Weight decay: 0
Smoothing: 0
Batch size: 64
Bidirectional: False
Hidden Dim: 22
n_layers: 1


Time: 11.01.2024 16:25:39
Accuracy: 0.9125151690288941

Optimizer: Adam
Learning Rate: 0.0001
Scheduler: False
Weight decay: 0
Smoothing: 0
Batch size: 64
Bidirectional: False
Hidden Dim: 22
n_layers: 1


Time: 11.01.2024 16:43:34
Accuracy: 0.906342756400806

Optimizer: Adam
Learning Rate: 0.0001
Scheduler: False
Weight decay: 0
Smoothing: 0
Batch size: 64
Bidirectional: False
Hidden Dim: 22
n_layers: 1


Time: 11.01.2024 17:01:28
Accuracy: 0.9142172603690599

Optimizer: Adam
Learning Rate: 0.0001
Scheduler: False
Weight decay: 0
Smoothing: 0
Batch size: 64
Bidirectional: False
Hidden Dim: 22
n_layers: 1


Time: 11.01.2024 17:19:23
Accuracy: 0.8945068402814846

Optimizer: Adam
Learning Rate: 0.0001
Scheduler: False
Weight decay: 0
Smoothing: 0
Batch size: 64
Bidirectional: False
Hidden Dim: 22
n_layers: 1


Time: 11.01.2024 17:37:18
Accuracy: 0.9076359723789698

Optimizer: Adam
Learning Rate: 0.0001
Scheduler: False
Weight decay: 0
Smoothing: 0
Batch size: 64
Bidirectional: False
Hidden Dim: 22
n_layers: 1


Time: 11.01.2024 17:55:13
Accuracy: 0.9047457322311865

Optimizer: Adam
Learning Rate: 0.0001
Scheduler: False
Weight decay: 0
Smoothing: 0
Batch size: 64
Bidirectional: False
Hidden Dim: 22
n_layers: 1


Time: 11.01.2024 18:13:13
Accuracy: 0.9033353501337013

Optimizer: Adam
Learning Rate: 0.0001
Scheduler: False
Weight decay: 0
Smoothing: 0
Batch size: 64
Bidirectional: False
Hidden Dim: 22
n_layers: 1


Time: 11.01.2024 18:31:14
Accuracy: 0.9052276911218207

Optimizer: Adam
Learning Rate: 0.0001
Scheduler: False
Weight decay: 0
Smoothing: 0
Batch size: 64
Bidirectional: False
Hidden Dim: 22
n_layers: 1


Time: 11.01.2024 18:49:11
Accuracy: 0.9078205889131212

Optimizer: Adam
Learning Rate: 0.0001
Scheduler: False
Weight decay: 0
Smoothing: 0
Batch size: 64
Bidirectional: False
Hidden Dim: 22
n_layers: 1


Time: 11.01.2024 19:07:04
Accuracy: 0.9028509897228704

Optimizer: Adam
Learning Rate: 0.0001
Scheduler: False
Weight decay: 0
Smoothing: 0
Batch size: 64
Bidirectional: False
Hidden Dim: 22
n_layers: 1


Time: 11.01.2024 19:25:01
Accuracy: 0.9111150364183787

Optimizer: Adam
Learning Rate: 0.0001
Scheduler: False
Weight decay: 0
Smoothing: 0
Batch size: 64
Bidirectional: False
Hidden Dim: 22
n_layers: 1


Time: 11.01.2024 19:43:01
Accuracy: 0.9070200963022838

Optimizer: Adam
Learning Rate: 0.0001
Scheduler: False
Weight decay: 0
Smoothing: 0
Batch size: 64
Bidirectional: False
Hidden Dim: 22
n_layers: 1


Time: 11.01.2024 20:00:58
Accuracy: 0.8986941449295991

Optimizer: Adam
Learning Rate: 0.0001
Scheduler: False
Weight decay: 0
Smoothing: 0
Batch size: 64
Bidirectional: False
Hidden Dim: 22
n_layers: 1


Time: 11.01.2024 20:18:53
Accuracy: 0.9025388185749194

Optimizer: Adam
Learning Rate: 0.0001
Scheduler: False
Weight decay: 0
Smoothing: 0
Batch size: 64
Bidirectional: False
Hidden Dim: 22
n_layers: 1


Time: 11.01.2024 20:36:51
Accuracy: 0.903885688803652

Optimizer: Adam
Learning Rate: 0.0001
Scheduler: False
Weight decay: 0
Smoothing: 0
Batch size: 64
Bidirectional: False
Hidden Dim: 22
n_layers: 1


Time: 11.01.2024 20:54:48
Accuracy: 0.9132760828923221

Optimizer: Adam
Learning Rate: 0.0001
Scheduler: False
Weight decay: 0
Smoothing: 0
Batch size: 64
Bidirectional: False
Hidden Dim: 22
n_layers: 1


Time: 11.01.2024 21:12:46
Accuracy: 0.9050886915564773

Optimizer: Adam
Learning Rate: 0.0001
Scheduler: False
Weight decay: 0
Smoothing: 0
Batch size: 64
Bidirectional: False
Hidden Dim: 22
n_layers: 1


Time: 11.01.2024 21:30:42
Accuracy: 0.910991883709019

Optimizer: Adam
Learning Rate: 0.0001
Scheduler: False
Weight decay: 0
Smoothing: 0
Batch size: 64
Bidirectional: False
Hidden Dim: 22
n_layers: 1


Time: 11.01.2024 21:48:42
Accuracy: 0.9158466931464055

Optimizer: Adam
Learning Rate: 0.0001
Scheduler: False
Weight decay: 0
Smoothing: 0
Batch size: 64
Bidirectional: False
Hidden Dim: 22
n_layers: 1


Time: 11.01.2024 22:06:42
Accuracy: 0.9043513599859181

Optimizer: Adam
Learning Rate: 0.0001
Scheduler: False
Weight decay: 0
Smoothing: 0
Batch size: 64
Bidirectional: False
Hidden Dim: 22
n_layers: 1


Time: 11.01.2024 22:24:42
Accuracy: 0.907085633709019

Optimizer: Adam
Learning Rate: 0.0001
Scheduler: False
Weight decay: 0
Smoothing: 0
Batch size: 64
Bidirectional: False
Hidden Dim: 22
n_layers: 1


Time: 11.01.2024 22:42:39
Accuracy: 0.9141420003800068

Optimizer: Adam
Learning Rate: 0.0001
Scheduler: False
Weight decay: 0
Smoothing: 0
Batch size: 64
Bidirectional: False
Hidden Dim: 22
n_layers: 1


Time: 11.01.2024 23:00:35
Accuracy: 0.9068413538282826

Optimizer: Adam
Learning Rate: 0.0001
Scheduler: False
Weight decay: 0
Smoothing: 0
Batch size: 64
Bidirectional: False
Hidden Dim: 22
n_layers: 1


Time: 11.01.2024 23:18:34
Accuracy: 0.9106800408835646

Optimizer: Adam
Learning Rate: 0.0001
Scheduler: False
Weight decay: 0
Smoothing: 0
Batch size: 64
Bidirectional: False
Hidden Dim: 22
n_layers: 1


Time: 11.01.2024 23:36:32
Accuracy: 0.9078881518578392

Optimizer: Adam
Learning Rate: 0.0001
Scheduler: False
Weight decay: 0
Smoothing: 0
Batch size: 64
Bidirectional: False
Hidden Dim: 22
n_layers: 1


Time: 11.01.2024 23:54:32
Accuracy: 0.9110885376155907

Optimizer: Adam
Learning Rate: 0.0001
Scheduler: False
Weight decay: 0
Smoothing: 0
Batch size: 64
Bidirectional: False
Hidden Dim: 22
n_layers: 1


Time: 12.01.2024 00:12:29
Accuracy: 0.9022445079060057

Optimizer: Adam
Learning Rate: 0.0001
Scheduler: False
Weight decay: 0
Smoothing: 0
Batch size: 64
Bidirectional: False
Hidden Dim: 22
n_layers: 1


Time: 12.01.2024 00:30:25
Accuracy: 0.9101934166361644

Optimizer: Adam
Learning Rate: 0.0001
Scheduler: False
Weight decay: 0
Smoothing: 0
Batch size: 64
Bidirectional: False
Hidden Dim: 22
n_layers: 1


Time: 12.01.2024 00:48:26
Accuracy: 0.9193817878028403

Optimizer: Adam
Learning Rate: 0.0001
Scheduler: False
Weight decay: 0
Smoothing: 0
Batch size: 64
Bidirectional: False
Hidden Dim: 22
n_layers: 1


Time: 12.01.2024 01:06:22
Accuracy: 0.907026082892322

Optimizer: Adam
Learning Rate: 0.0001
Scheduler: False
Weight decay: 0
Smoothing: 0
Batch size: 64
Bidirectional: False
Hidden Dim: 22
n_layers: 1


Time: 12.01.2024 01:24:12
Accuracy: 0.9055422637899685

Optimizer: Adam
Learning Rate: 0.0001
Scheduler: False
Weight decay: 0
Smoothing: 0
Batch size: 64
Bidirectional: False
Hidden Dim: 22
n_layers: 1


Time: 12.01.2024 01:42:13
Accuracy: 0.899500511600587

Optimizer: Adam
Learning Rate: 0.0001
Scheduler: False
Weight decay: 0
Smoothing: 0
Batch size: 64
Bidirectional: False
Hidden Dim: 22
n_layers: 1


Time: 12.01.2024 02:00:07
Accuracy: 0.9140360647435017

Optimizer: Adam
Learning Rate: 0.0001
Scheduler: False
Weight decay: 0
Smoothing: 0
Batch size: 64
Bidirectional: False
Hidden Dim: 22
n_layers: 1


Time: 12.01.2024 02:18:04
Accuracy: 0.9085039154046373

Optimizer: Adam
Learning Rate: 0.0001
Scheduler: False
Weight decay: 0
Smoothing: 0
Batch size: 64
Bidirectional: False
Hidden Dim: 22
n_layers: 1


Time: 12.01.2024 02:36:06
Accuracy: 0.9059044524872866

Optimizer: Adam
Learning Rate: 0.0001
Scheduler: False
Weight decay: 0
Smoothing: 0
Batch size: 64
Bidirectional: False
Hidden Dim: 22
n_layers: 1


Time: 12.01.2024 02:54:09
Accuracy: 0.9057137368332088

Optimizer: Adam
Learning Rate: 0.0001
Scheduler: False
Weight decay: 0
Smoothing: 0
Batch size: 64
Bidirectional: False
Hidden Dim: 22
n_layers: 1


Time: 12.01.2024 03:12:12
Accuracy: 0.9088367112952258

Optimizer: Adam
Learning Rate: 0.0001
Scheduler: False
Weight decay: 0
Smoothing: 0
Batch size: 64
Bidirectional: False
Hidden Dim: 22
n_layers: 1


Time: 12.01.2024 03:30:10
Accuracy: 0.9068413538282826

Optimizer: Adam
Learning Rate: 0.0001
Scheduler: False
Weight decay: 0
Smoothing: 0
Batch size: 64
Bidirectional: False
Hidden Dim: 22
n_layers: 1


Time: 12.01.2024 03:48:09
Accuracy: 0.9142207938075412

Optimizer: Adam
Learning Rate: 0.0001
Scheduler: False
Weight decay: 0
Smoothing: 0
Batch size: 64
Bidirectional: False
Hidden Dim: 22
n_layers: 1


Time: 12.01.2024 04:06:05
Accuracy: 0.9017382134341939

Optimizer: Adam
Learning Rate: 0.0001
Scheduler: False
Weight decay: 0
Smoothing: 0
Batch size: 64
Bidirectional: False
Hidden Dim: 22
n_layers: 1


Time: 12.01.2024 04:24:04
Accuracy: 0.90330354918737

Optimizer: Adam
Learning Rate: 0.0001
Scheduler: False
Weight decay: 0
Smoothing: 0
Batch size: 64
Bidirectional: False
Hidden Dim: 22
n_layers: 1


Time: 12.01.2024 04:42:03
Accuracy: 0.9095160767346866

Optimizer: Adam
Learning Rate: 0.0001
Scheduler: False
Weight decay: 0
Smoothing: 0
Batch size: 64
Bidirectional: False
Hidden Dim: 22
n_layers: 1


Time: 12.01.2024 05:00:00
Accuracy: 0.9171803073543392

Optimizer: Adam
Learning Rate: 0.0001
Scheduler: False
Weight decay: 0
Smoothing: 0
Batch size: 64
Bidirectional: False
Hidden Dim: 22
n_layers: 1


Time: 12.01.2024 05:17:58
Accuracy: 0.9125663701279059

Optimizer: Adam
Learning Rate: 0.0001
Scheduler: False
Weight decay: 0
Smoothing: 0
Batch size: 64
Bidirectional: False
Hidden Dim: 22
n_layers: 1


Time: 12.01.2024 05:35:58
Accuracy: 0.9068128294875119

Optimizer: Adam
Learning Rate: 0.0001
Scheduler: False
Weight decay: 0
Smoothing: 0
Batch size: 64
Bidirectional: False
Hidden Dim: 22
n_layers: 1


Time: 12.01.2024 05:53:59
Accuracy: 0.908904274239944

Optimizer: Adam
Learning Rate: 0.0001
Scheduler: False
Weight decay: 0
Smoothing: 0
Batch size: 64
Bidirectional: False
Hidden Dim: 22
n_layers: 1


Time: 12.01.2024 06:11:56
Accuracy: 0.9062255902814846

Optimizer: Adam
Learning Rate: 0.0001
Scheduler: False
Weight decay: 0
Smoothing: 0
Batch size: 64
Bidirectional: False
Hidden Dim: 22
n_layers: 1


Time: 12.01.2024 06:29:58
Accuracy: 0.9113408296243483

Optimizer: Adam
Learning Rate: 0.0001
Scheduler: False
Weight decay: 0
Smoothing: 0
Batch size: 64
Bidirectional: False
Hidden Dim: 22
n_layers: 1


Time: 12.01.2024 06:47:56
Accuracy: 0.9065507904046373

Optimizer: Adam
Learning Rate: 0.0001
Scheduler: False
Weight decay: 0
Smoothing: 0
Batch size: 64
Bidirectional: False
Hidden Dim: 22
n_layers: 1


Time: 12.01.2024 07:05:57
Accuracy: 0.90568872143912

Optimizer: Adam
Learning Rate: 0.0001
Scheduler: False
Weight decay: 0
Smoothing: 0
Batch size: 64
Bidirectional: False
Hidden Dim: 22
n_layers: 1


Time: 12.01.2024 07:23:57
Accuracy: 0.9066545992262603

Optimizer: Adam
Learning Rate: 0.0001
Scheduler: False
Weight decay: 0
Smoothing: 0
Batch size: 64
Bidirectional: False
Hidden Dim: 22
n_layers: 1


Time: 12.01.2024 07:41:59
Accuracy: 0.9152713278293774

Optimizer: Adam
Learning Rate: 0.0001
Scheduler: False
Weight decay: 0
Smoothing: 0
Batch size: 64
Bidirectional: False
Hidden Dim: 22
n_layers: 1


Time: 12.01.2024 07:59:58
Accuracy: 0.9025388185749194

Optimizer: Adam
Learning Rate: 0.0001
Scheduler: False
Weight decay: 0
Smoothing: 0
Batch size: 64
Bidirectional: False
Hidden Dim: 22
n_layers: 1


Time: 12.01.2024 08:18:02
Accuracy: 0.9117923763198564

Optimizer: Adam
Learning Rate: 0.0001
Scheduler: False
Weight decay: 0
Smoothing: 0
Batch size: 64
Bidirectional: False
Hidden Dim: 22
n_layers: 1


Time: 12.01.2024 08:36:04
Accuracy: 0.9061928890960498

Optimizer: Adam
Learning Rate: 0.0001
Scheduler: False
Weight decay: 0
Smoothing: 0
Batch size: 64
Bidirectional: False
Hidden Dim: 22
n_layers: 1


Time: 12.01.2024 08:54:06
Accuracy: 0.9036134114867967

Optimizer: Adam
Learning Rate: 0.0001
Scheduler: False
Weight decay: 0
Smoothing: 0
Batch size: 64
Bidirectional: False
Hidden Dim: 22
n_layers: 1


