Time: 13.02.2024 16:49:24
Accuracy: 0.7280879278006828

Optimizer: SGD
Learning Rate: 0.001
Scheduler: True
Weight decay: 0
Smoothing: 0.0466
Batch size: 64
Momentum: 0.193
T_max: 0.715


Time: 13.02.2024 17:26:25
Accuracy: 0.765361764349317

Optimizer: SGD
Learning Rate: 0.001
Scheduler: True
Weight decay: 0
Smoothing: 0.0466
Batch size: 64
Momentum: 0.193
T_max: 0.715


Time: 13.02.2024 18:03:29
Accuracy: 0.7375303316590298

Optimizer: SGD
Learning Rate: 0.001
Scheduler: True
Weight decay: 0
Smoothing: 0.0466
Batch size: 64
Momentum: 0.193
T_max: 0.715


Time: 13.02.2024 18:40:28
Accuracy: 0.7541474873814721

Optimizer: SGD
Learning Rate: 0.001
Scheduler: True
Weight decay: 0
Smoothing: 0.0466
Batch size: 64
Momentum: 0.193
T_max: 0.715


Time: 13.02.2024 19:17:34
Accuracy: 0.7535263590274281

Optimizer: SGD
Learning Rate: 0.001
Scheduler: True
Weight decay: 0
Smoothing: 0.0466
Batch size: 64
Momentum: 0.193
T_max: 0.715


Time: 13.02.2024 19:54:36
Accuracy: 0.7532267384923318

Optimizer: SGD
Learning Rate: 0.001
Scheduler: True
Weight decay: 0
Smoothing: 0.0466
Batch size: 64
Momentum: 0.193
T_max: 0.715


Time: 13.02.2024 20:31:41
Accuracy: 0.7367269357770835

Optimizer: SGD
Learning Rate: 0.001
Scheduler: True
Weight decay: 0
Smoothing: 0.0466
Batch size: 64
Momentum: 0.193
T_max: 0.715


Time: 13.02.2024 21:23:12
Accuracy: 0.7351377202990996

Optimizer: SGD
Learning Rate: 0.001
Scheduler: True
Weight decay: 0
Smoothing: 0.0466
Batch size: 64
Momentum: 0.193
T_max: 0.715


Time: 13.02.2024 22:10:07
Accuracy: 0.737387487543162

Optimizer: SGD
Learning Rate: 0.001
Scheduler: True
Weight decay: 0
Smoothing: 0.0466
Batch size: 64
Momentum: 0.193
T_max: 0.715


Time: 13.02.2024 22:46:53
Accuracy: 0.757769558153469

Optimizer: SGD
Learning Rate: 0.001
Scheduler: True
Weight decay: 0
Smoothing: 0.0466
Batch size: 64
Momentum: 0.193
T_max: 0.715


Time: 13.02.2024 23:23:53
Accuracy: 0.7435390508101306

Optimizer: SGD
Learning Rate: 0.001
Scheduler: True
Weight decay: 0
Smoothing: 0.0466
Batch size: 64
Momentum: 0.193
T_max: 0.715


Time: 14.02.2024 00:00:45
Accuracy: 0.7591401525509882

Optimizer: SGD
Learning Rate: 0.001
Scheduler: True
Weight decay: 0
Smoothing: 0.0466
Batch size: 64
Momentum: 0.193
T_max: 0.715


Time: 14.02.2024 00:37:35
Accuracy: 0.6185858118327993

Optimizer: SGD
Learning Rate: 0.001
Scheduler: True
Weight decay: 0
Smoothing: 0.0466
Batch size: 64
Momentum: 0.193
T_max: 0.715


Time: 14.02.2024 01:14:36
Accuracy: 0.7846866429194181

Optimizer: SGD
Learning Rate: 0.001
Scheduler: True
Weight decay: 0
Smoothing: 0.0466
Batch size: 64
Momentum: 0.193
T_max: 0.715


Time: 14.02.2024 01:51:27
Accuracy: 0.7539522420684345

Optimizer: SGD
Learning Rate: 0.001
Scheduler: True
Weight decay: 0
Smoothing: 0.0466
Batch size: 64
Momentum: 0.193
T_max: 0.715


Time: 14.02.2024 02:28:26
Accuracy: 0.7439620800049198

Optimizer: SGD
Learning Rate: 0.001
Scheduler: True
Weight decay: 0
Smoothing: 0.0466
Batch size: 64
Momentum: 0.193
T_max: 0.715


Time: 14.02.2024 03:05:23
Accuracy: 0.7452468008591316

Optimizer: SGD
Learning Rate: 0.001
Scheduler: True
Weight decay: 0
Smoothing: 0.0466
Batch size: 64
Momentum: 0.193
T_max: 0.715


Time: 14.02.2024 03:42:24
Accuracy: 0.75869743967233

Optimizer: SGD
Learning Rate: 0.001
Scheduler: True
Weight decay: 0
Smoothing: 0.0466
Batch size: 64
Momentum: 0.193
T_max: 0.715


Time: 14.02.2024 04:19:27
Accuracy: 0.7758143483497453

Optimizer: SGD
Learning Rate: 0.001
Scheduler: True
Weight decay: 0
Smoothing: 0.0466
Batch size: 64
Momentum: 0.193
T_max: 0.715


Time: 14.02.2024 04:56:21
Accuracy: 0.7550629217708459

Optimizer: SGD
Learning Rate: 0.001
Scheduler: True
Weight decay: 0
Smoothing: 0.0466
Batch size: 64
Momentum: 0.193
T_max: 0.715


Time: 14.02.2024 05:33:11
Accuracy: 0.7456810797330125

Optimizer: SGD
Learning Rate: 0.001
Scheduler: True
Weight decay: 0
Smoothing: 0.0466
Batch size: 64
Momentum: 0.193
T_max: 0.715


Time: 14.02.2024 06:10:07
Accuracy: 0.757678213009846

Optimizer: SGD
Learning Rate: 0.001
Scheduler: True
Weight decay: 0
Smoothing: 0.0466
Batch size: 64
Momentum: 0.193
T_max: 0.715


Time: 14.02.2024 06:47:02
Accuracy: 0.7320073980766939

Optimizer: SGD
Learning Rate: 0.001
Scheduler: True
Weight decay: 0
Smoothing: 0.0466
Batch size: 64
Momentum: 0.193
T_max: 0.715


Time: 14.02.2024 07:23:56
Accuracy: 0.7570703702432778

Optimizer: SGD
Learning Rate: 0.001
Scheduler: True
Weight decay: 0
Smoothing: 0.0466
Batch size: 64
Momentum: 0.193
T_max: 0.715


Time: 14.02.2024 08:00:57
Accuracy: 0.7200908920232744

Optimizer: SGD
Learning Rate: 0.001
Scheduler: True
Weight decay: 0
Smoothing: 0.0466
Batch size: 64
Momentum: 0.193
T_max: 0.715


Time: 14.02.2024 08:37:49
Accuracy: 0.7275444324924465

Optimizer: SGD
Learning Rate: 0.001
Scheduler: True
Weight decay: 0
Smoothing: 0.0466
Batch size: 64
Momentum: 0.193
T_max: 0.715


Time: 14.02.2024 09:14:45
Accuracy: 0.7358703693024398

Optimizer: SGD
Learning Rate: 0.001
Scheduler: True
Weight decay: 0
Smoothing: 0.0466
Batch size: 64
Momentum: 0.193
T_max: 0.715


Time: 14.02.2024 09:51:47
Accuracy: 0.715698662505938

Optimizer: SGD
Learning Rate: 0.001
Scheduler: True
Weight decay: 0
Smoothing: 0.0466
Batch size: 64
Momentum: 0.193
T_max: 0.715


Time: 14.02.2024 10:28:41
Accuracy: 0.7264891794966625

Optimizer: SGD
Learning Rate: 0.001
Scheduler: True
Weight decay: 0
Smoothing: 0.0466
Batch size: 64
Momentum: 0.193
T_max: 0.715


Time: 14.02.2024 11:05:44
Accuracy: 0.7312495414958683

Optimizer: SGD
Learning Rate: 0.001
Scheduler: True
Weight decay: 0
Smoothing: 0.0466
Batch size: 64
Momentum: 0.193
T_max: 0.715


Time: 14.02.2024 11:44:15
Accuracy: 0.7316858644420663

Optimizer: SGD
Learning Rate: 0.001
Scheduler: True
Weight decay: 0
Smoothing: 0.0466
Batch size: 64
Momentum: 0.193
T_max: 0.715


Time: 14.02.2024 12:44:58
Accuracy: 0.707437344549889

Optimizer: SGD
Learning Rate: 0.001
Scheduler: True
Weight decay: 0
Smoothing: 0.0466
Batch size: 64
Momentum: 0.193
T_max: 0.715


Time: 14.02.2024 13:38:02
Accuracy: 0.740514419968179

Optimizer: SGD
Learning Rate: 0.001
Scheduler: True
Weight decay: 0
Smoothing: 0.0466
Batch size: 64
Momentum: 0.193
T_max: 0.715


Time: 14.02.2024 14:36:17
Accuracy: 0.7396538434578812

Optimizer: SGD
Learning Rate: 0.001
Scheduler: True
Weight decay: 0
Smoothing: 0.0466
Batch size: 64
Momentum: 0.193
T_max: 0.715


Time: 14.02.2024 15:33:48
Accuracy: 0.7584333240820527

Optimizer: SGD
Learning Rate: 0.001
Scheduler: True
Weight decay: 0
Smoothing: 0.0466
Batch size: 64
Momentum: 0.193
T_max: 0.715


Time: 14.02.2024 16:10:52
Accuracy: 0.7302973250577706

Optimizer: SGD
Learning Rate: 0.001
Scheduler: True
Weight decay: 0
Smoothing: 0.0466
Batch size: 64
Momentum: 0.193
T_max: 0.715


Time: 14.02.2024 16:47:53
Accuracy: 0.7565822500103085

Optimizer: SGD
Learning Rate: 0.001
Scheduler: True
Weight decay: 0
Smoothing: 0.0466
Batch size: 64
Momentum: 0.193
T_max: 0.715


Time: 14.02.2024 17:24:57
Accuracy: 0.7515314772750701

Optimizer: SGD
Learning Rate: 0.001
Scheduler: True
Weight decay: 0
Smoothing: 0.0466
Batch size: 64
Momentum: 0.193
T_max: 0.715


Time: 14.02.2024 18:01:59
Accuracy: 0.7172520921556766

Optimizer: SGD
Learning Rate: 0.001
Scheduler: True
Weight decay: 0
Smoothing: 0.0466
Batch size: 64
Momentum: 0.193
T_max: 0.715


Time: 14.02.2024 18:39:02
Accuracy: 0.7547776946910041

Optimizer: SGD
Learning Rate: 0.001
Scheduler: True
Weight decay: 0
Smoothing: 0.0466
Batch size: 64
Momentum: 0.193
T_max: 0.715


Time: 14.02.2024 19:16:06
Accuracy: 0.7769854837415406

Optimizer: SGD
Learning Rate: 0.001
Scheduler: True
Weight decay: 0
Smoothing: 0.0466
Batch size: 64
Momentum: 0.193
T_max: 0.715


Time: 14.02.2024 19:53:01
Accuracy: 0.7365936434628801

Optimizer: SGD
Learning Rate: 0.001
Scheduler: True
Weight decay: 0
Smoothing: 0.0466
Batch size: 64
Momentum: 0.193
T_max: 0.715


Time: 14.02.2024 20:30:02
Accuracy: 0.7357753484031242

Optimizer: SGD
Learning Rate: 0.001
Scheduler: True
Weight decay: 0
Smoothing: 0.0466
Batch size: 64
Momentum: 0.193
T_max: 0.715


Time: 14.02.2024 21:07:07
Accuracy: 0.7269175757051661

Optimizer: SGD
Learning Rate: 0.001
Scheduler: True
Weight decay: 0
Smoothing: 0.0466
Batch size: 64
Momentum: 0.193
T_max: 0.715


Time: 14.02.2024 21:44:05
Accuracy: 0.760693354051895

Optimizer: SGD
Learning Rate: 0.001
Scheduler: True
Weight decay: 0
Smoothing: 0.0466
Batch size: 64
Momentum: 0.193
T_max: 0.715


Time: 14.02.2024 22:20:58
Accuracy: 0.7743301898925531

Optimizer: SGD
Learning Rate: 0.001
Scheduler: True
Weight decay: 0
Smoothing: 0.0466
Batch size: 64
Momentum: 0.193
T_max: 0.715


Time: 14.02.2024 22:57:52
Accuracy: 0.7404178357860083

Optimizer: SGD
Learning Rate: 0.001
Scheduler: True
Weight decay: 0
Smoothing: 0.0466
Batch size: 64
Momentum: 0.193
T_max: 0.715


Time: 14.02.2024 23:34:44
Accuracy: 0.609245264292196

Optimizer: SGD
Learning Rate: 0.001
Scheduler: True
Weight decay: 0
Smoothing: 0.0466
Batch size: 64
Momentum: 0.193
T_max: 0.715


Time: 15.02.2024 00:11:40
Accuracy: 0.7569115687273598

Optimizer: SGD
Learning Rate: 0.001
Scheduler: True
Weight decay: 0
Smoothing: 0.0466
Batch size: 64
Momentum: 0.193
T_max: 0.715


Time: 15.02.2024 00:48:35
Accuracy: 0.7429255358752698

Optimizer: SGD
Learning Rate: 0.001
Scheduler: True
Weight decay: 0
Smoothing: 0.0466
Batch size: 64
Momentum: 0.193
T_max: 0.715


Time: 15.02.2024 01:25:30
Accuracy: 0.775030350414011

Optimizer: SGD
Learning Rate: 0.001
Scheduler: True
Weight decay: 0
Smoothing: 0.0466
Batch size: 64
Momentum: 0.193
T_max: 0.715


Time: 15.02.2024 02:02:31
Accuracy: 0.7636211174011347

Optimizer: SGD
Learning Rate: 0.001
Scheduler: True
Weight decay: 0
Smoothing: 0.0466
Batch size: 64
Momentum: 0.193
T_max: 0.715


Time: 15.02.2024 02:39:29
Accuracy: 0.7538167677776393

Optimizer: SGD
Learning Rate: 0.001
Scheduler: True
Weight decay: 0
Smoothing: 0.0466
Batch size: 64
Momentum: 0.193
T_max: 0.715


Time: 15.02.2024 03:16:26
Accuracy: 0.7451191769622247

Optimizer: SGD
Learning Rate: 0.001
Scheduler: True
Weight decay: 0
Smoothing: 0.0466
Batch size: 64
Momentum: 0.193
T_max: 0.715


Time: 15.02.2024 03:53:30
Accuracy: 0.6849728249587795

Optimizer: SGD
Learning Rate: 0.001
Scheduler: True
Weight decay: 0
Smoothing: 0.0466
Batch size: 64
Momentum: 0.193
T_max: 0.715


Time: 15.02.2024 04:30:27
Accuracy: 0.7263176036319953

Optimizer: SGD
Learning Rate: 0.001
Scheduler: True
Weight decay: 0
Smoothing: 0.0466
Batch size: 64
Momentum: 0.193
T_max: 0.715


Time: 15.02.2024 05:07:26
Accuracy: 0.7421788435832087

Optimizer: SGD
Learning Rate: 0.001
Scheduler: True
Weight decay: 0
Smoothing: 0.0466
Batch size: 64
Momentum: 0.193
T_max: 0.715


Time: 15.02.2024 05:44:22
Accuracy: 0.7291820247899018

Optimizer: SGD
Learning Rate: 0.001
Scheduler: True
Weight decay: 0
Smoothing: 0.0466
Batch size: 64
Momentum: 0.193
T_max: 0.715


Time: 15.02.2024 06:21:19
Accuracy: 0.7110989978202915

Optimizer: SGD
Learning Rate: 0.001
Scheduler: True
Weight decay: 0
Smoothing: 0.0466
Batch size: 64
Momentum: 0.193
T_max: 0.715


Time: 15.02.2024 06:58:21
Accuracy: 0.7435702787366206

Optimizer: SGD
Learning Rate: 0.001
Scheduler: True
Weight decay: 0
Smoothing: 0.0466
Batch size: 64
Momentum: 0.193
T_max: 0.715


Time: 15.02.2024 07:35:25
Accuracy: 0.7416933898672898

Optimizer: SGD
Learning Rate: 0.001
Scheduler: True
Weight decay: 0
Smoothing: 0.0466
Batch size: 64
Momentum: 0.193
T_max: 0.715


Time: 15.02.2024 08:12:21
Accuracy: 0.7476081033151817

Optimizer: SGD
Learning Rate: 0.001
Scheduler: True
Weight decay: 0
Smoothing: 0.0466
Batch size: 64
Momentum: 0.193
T_max: 0.715


Time: 15.02.2024 08:49:17
Accuracy: 0.727707626866284

Optimizer: SGD
Learning Rate: 0.001
Scheduler: True
Weight decay: 0
Smoothing: 0.0466
Batch size: 64
Momentum: 0.193
T_max: 0.715


Time: 15.02.2024 09:26:15
Accuracy: 0.7475224431373678

Optimizer: SGD
Learning Rate: 0.001
Scheduler: True
Weight decay: 0
Smoothing: 0.0466
Batch size: 64
Momentum: 0.193
T_max: 0.715


Time: 15.02.2024 10:03:17
Accuracy: 0.7974614931990642

Optimizer: SGD
Learning Rate: 0.001
Scheduler: True
Weight decay: 0
Smoothing: 0.0466
Batch size: 64
Momentum: 0.193
T_max: 0.715


Time: 15.02.2024 10:40:25
Accuracy: 0.7417262748515419

Optimizer: SGD
Learning Rate: 0.001
Scheduler: True
Weight decay: 0
Smoothing: 0.0466
Batch size: 64
Momentum: 0.193
T_max: 0.715


Time: 15.02.2024 11:17:24
Accuracy: 0.7438183996375319

Optimizer: SGD
Learning Rate: 0.001
Scheduler: True
Weight decay: 0
Smoothing: 0.0466
Batch size: 64
Momentum: 0.193
T_max: 0.715


Time: 15.02.2024 11:54:28
Accuracy: 0.7536974448354659

Optimizer: SGD
Learning Rate: 0.001
Scheduler: True
Weight decay: 0
Smoothing: 0.0466
Batch size: 64
Momentum: 0.193
T_max: 0.715


Time: 15.02.2024 12:31:33
Accuracy: 0.7280069660766606

Optimizer: SGD
Learning Rate: 0.001
Scheduler: True
Weight decay: 0
Smoothing: 0.0466
Batch size: 64
Momentum: 0.193
T_max: 0.715


Time: 15.02.2024 13:08:39
Accuracy: 0.7018174583051612

Optimizer: SGD
Learning Rate: 0.001
Scheduler: True
Weight decay: 0
Smoothing: 0.0466
Batch size: 64
Momentum: 0.193
T_max: 0.715


Time: 15.02.2024 13:45:44
Accuracy: 0.7728342071919008

Optimizer: SGD
Learning Rate: 0.001
Scheduler: True
Weight decay: 0
Smoothing: 0.0466
Batch size: 64
Momentum: 0.193
T_max: 0.715


Time: 15.02.2024 14:22:50
Accuracy: 0.7280358242560988

Optimizer: SGD
Learning Rate: 0.001
Scheduler: True
Weight decay: 0
Smoothing: 0.0466
Batch size: 64
Momentum: 0.193
T_max: 0.715


Time: 15.02.2024 14:59:52
Accuracy: 0.7542760362299286

Optimizer: SGD
Learning Rate: 0.001
Scheduler: True
Weight decay: 0
Smoothing: 0.0466
Batch size: 64
Momentum: 0.193
T_max: 0.715


Time: 15.02.2024 15:37:04
Accuracy: 0.7624374064633919

Optimizer: SGD
Learning Rate: 0.001
Scheduler: True
Weight decay: 0
Smoothing: 0.0466
Batch size: 64
Momentum: 0.193
T_max: 0.715


Time: 15.02.2024 16:14:05
Accuracy: 0.6141707032240704

Optimizer: SGD
Learning Rate: 0.001
Scheduler: True
Weight decay: 0
Smoothing: 0.0466
Batch size: 64
Momentum: 0.193
T_max: 0.715


Time: 15.02.2024 16:51:06
Accuracy: 0.7596561142227611

Optimizer: SGD
Learning Rate: 0.001
Scheduler: True
Weight decay: 0
Smoothing: 0.0466
Batch size: 64
Momentum: 0.193
T_max: 0.715


Time: 15.02.2024 17:28:14
Accuracy: 0.7393122852400186

Optimizer: SGD
Learning Rate: 0.001
Scheduler: True
Weight decay: 0
Smoothing: 0.0466
Batch size: 64
Momentum: 0.193
T_max: 0.715


Time: 15.02.2024 18:05:13
Accuracy: 0.7454185545651514

Optimizer: SGD
Learning Rate: 0.001
Scheduler: True
Weight decay: 0
Smoothing: 0.0466
Batch size: 64
Momentum: 0.193
T_max: 0.715


Time: 15.02.2024 18:42:14
Accuracy: 0.7529864931390483

Optimizer: SGD
Learning Rate: 0.001
Scheduler: True
Weight decay: 0
Smoothing: 0.0466
Batch size: 64
Momentum: 0.193
T_max: 0.715


Time: 15.02.2024 19:19:12
Accuracy: 0.7537828777470355

Optimizer: SGD
Learning Rate: 0.001
Scheduler: True
Weight decay: 0
Smoothing: 0.0466
Batch size: 64
Momentum: 0.193
T_max: 0.715


Time: 15.02.2024 19:56:15
Accuracy: 0.7447261795674108

Optimizer: SGD
Learning Rate: 0.001
Scheduler: True
Weight decay: 0
Smoothing: 0.0466
Batch size: 64
Momentum: 0.193
T_max: 0.715


Time: 15.02.2024 20:33:12
Accuracy: 0.7628494551682338

Optimizer: SGD
Learning Rate: 0.001
Scheduler: True
Weight decay: 0
Smoothing: 0.0466
Batch size: 64
Momentum: 0.193
T_max: 0.715


Time: 15.02.2024 21:10:11
Accuracy: 0.7160243431979063

Optimizer: SGD
Learning Rate: 0.001
Scheduler: True
Weight decay: 0
Smoothing: 0.0466
Batch size: 64
Momentum: 0.193
T_max: 0.715


Time: 15.02.2024 21:47:14
Accuracy: 0.7476338843538021

Optimizer: SGD
Learning Rate: 0.001
Scheduler: True
Weight decay: 0
Smoothing: 0.0466
Batch size: 64
Momentum: 0.193
T_max: 0.715


Time: 15.02.2024 22:24:17
Accuracy: 0.7634843545327992

Optimizer: SGD
Learning Rate: 0.001
Scheduler: True
Weight decay: 0
Smoothing: 0.0466
Batch size: 64
Momentum: 0.193
T_max: 0.715


Time: 15.02.2024 23:01:19
Accuracy: 0.6420528873351116

Optimizer: SGD
Learning Rate: 0.001
Scheduler: True
Weight decay: 0
Smoothing: 0.0466
Batch size: 64
Momentum: 0.193
T_max: 0.715


Time: 15.02.2024 23:38:30
Accuracy: 0.7549172622013112

Optimizer: SGD
Learning Rate: 0.001
Scheduler: True
Weight decay: 0
Smoothing: 0.0466
Batch size: 64
Momentum: 0.193
T_max: 0.715


Time: 16.02.2024 00:15:35
Accuracy: 0.7620392446086622

Optimizer: SGD
Learning Rate: 0.001
Scheduler: True
Weight decay: 0
Smoothing: 0.0466
Batch size: 64
Momentum: 0.193
T_max: 0.715


Time: 16.02.2024 00:52:42
Accuracy: 0.7609670790326616

Optimizer: SGD
Learning Rate: 0.001
Scheduler: True
Weight decay: 0
Smoothing: 0.0466
Batch size: 64
Momentum: 0.193
T_max: 0.715


Time: 16.02.2024 01:29:51
Accuracy: 0.7567392989283837

Optimizer: SGD
Learning Rate: 0.001
Scheduler: True
Weight decay: 0
Smoothing: 0.0466
Batch size: 64
Momentum: 0.193
T_max: 0.715


Time: 16.02.2024 02:06:59
Accuracy: 0.7393443456670328

Optimizer: SGD
Learning Rate: 0.001
Scheduler: True
Weight decay: 0
Smoothing: 0.0466
Batch size: 64
Momentum: 0.193
T_max: 0.715


Time: 16.02.2024 02:44:08
Accuracy: 0.7395204024277082

Optimizer: SGD
Learning Rate: 0.001
Scheduler: True
Weight decay: 0
Smoothing: 0.0466
Batch size: 64
Momentum: 0.193
T_max: 0.715


Time: 16.02.2024 03:21:18
Accuracy: 0.7511870599154666

Optimizer: SGD
Learning Rate: 0.001
Scheduler: True
Weight decay: 0
Smoothing: 0.0466
Batch size: 64
Momentum: 0.193
T_max: 0.715


Time: 16.02.2024 03:58:30
Accuracy: 0.7467814494912202

Optimizer: SGD
Learning Rate: 0.001
Scheduler: True
Weight decay: 0
Smoothing: 0.0466
Batch size: 64
Momentum: 0.193
T_max: 0.715


Time: 16.02.2024 04:35:38
Accuracy: 0.7945101546176547

Optimizer: SGD
Learning Rate: 0.001
Scheduler: True
Weight decay: 0
Smoothing: 0.0466
Batch size: 64
Momentum: 0.193
T_max: 0.715


Time: 16.02.2024 05:12:40
Accuracy: 0.7110966077737306

Optimizer: SGD
Learning Rate: 0.001
Scheduler: True
Weight decay: 0
Smoothing: 0.0466
Batch size: 64
Momentum: 0.193
T_max: 0.715


Time: 16.02.2024 05:49:54
Accuracy: 0.7464163065533735

Optimizer: SGD
Learning Rate: 0.001
Scheduler: True
Weight decay: 0
Smoothing: 0.0466
Batch size: 64
Momentum: 0.193
T_max: 0.715


Time: 16.02.2024 06:27:08
Accuracy: 0.7481107324017023

Optimizer: SGD
Learning Rate: 0.001
Scheduler: True
Weight decay: 0
Smoothing: 0.0466
Batch size: 64
Momentum: 0.193
T_max: 0.715


Time: 16.02.2024 07:04:27
Accuracy: 0.7116543835660399

Optimizer: SGD
Learning Rate: 0.001
Scheduler: True
Weight decay: 0
Smoothing: 0.0466
Batch size: 64
Momentum: 0.193
T_max: 0.715


Time: 16.02.2024 07:41:43
Accuracy: 0.7412186366404799

Optimizer: SGD
Learning Rate: 0.001
Scheduler: True
Weight decay: 0
Smoothing: 0.0466
Batch size: 64
Momentum: 0.193
T_max: 0.715


Time: 16.02.2024 08:18:57
Accuracy: 0.7103871052857521

Optimizer: SGD
Learning Rate: 0.001
Scheduler: True
Weight decay: 0
Smoothing: 0.0466
Batch size: 64
Momentum: 0.193
T_max: 0.715


Time: 16.02.2024 08:56:10
Accuracy: 0.7294235260649934

Optimizer: SGD
Learning Rate: 0.001
Scheduler: True
Weight decay: 0
Smoothing: 0.0466
Batch size: 64
Momentum: 0.193
T_max: 0.715


