Time: 12.01.2024 10:29:45
Accuracy: 0.4460828726929056

Optimizer: Adam
Learning Rate: 0.0001
Scheduler: False
Weight decay: 0
Smoothing: 0
Batch size: 64
Bidirectional: False
Hidden Dim: 22
n_layers: 1


Time: 12.01.2024 11:03:26
Accuracy: 0.45244534507711065

Optimizer: Adam
Learning Rate: 0.0001
Scheduler: False
Weight decay: 0
Smoothing: 0
Batch size: 64
Bidirectional: False
Hidden Dim: 22
n_layers: 1


Time: 12.01.2024 11:37:14
Accuracy: 0.44487402006731064

Optimizer: Adam
Learning Rate: 0.0001
Scheduler: False
Weight decay: 0
Smoothing: 0
Batch size: 64
Bidirectional: False
Hidden Dim: 22
n_layers: 1


Time: 12.01.2024 12:11:00
Accuracy: 0.4411416938990471

Optimizer: Adam
Learning Rate: 0.0001
Scheduler: False
Weight decay: 0
Smoothing: 0
Batch size: 64
Bidirectional: False
Hidden Dim: 22
n_layers: 1


Time: 12.01.2024 12:44:47
Accuracy: 0.44236510196867757

Optimizer: Adam
Learning Rate: 0.0001
Scheduler: False
Weight decay: 0
Smoothing: 0
Batch size: 64
Bidirectional: False
Hidden Dim: 22
n_layers: 1


Time: 12.01.2024 13:18:37
Accuracy: 0.4524215374865663

Optimizer: Adam
Learning Rate: 0.0001
Scheduler: False
Weight decay: 0
Smoothing: 0
Batch size: 64
Bidirectional: False
Hidden Dim: 22
n_layers: 1


Time: 12.01.2024 13:52:26
Accuracy: 0.44829393978647786

Optimizer: Adam
Learning Rate: 0.0001
Scheduler: False
Weight decay: 0
Smoothing: 0
Batch size: 64
Bidirectional: False
Hidden Dim: 22
n_layers: 1


Time: 12.01.2024 14:26:16
Accuracy: 0.4531525758348689

Optimizer: Adam
Learning Rate: 0.0001
Scheduler: False
Weight decay: 0
Smoothing: 0
Batch size: 64
Bidirectional: False
Hidden Dim: 22
n_layers: 1


Time: 12.01.2024 16:15:09
Accuracy: 0.44247441041916646

Optimizer: Adam
Learning Rate: 0.0001
Scheduler: False
Weight decay: 0
Smoothing: 0
Batch size: 64
Bidirectional: False
Hidden Dim: 22
n_layers: 1


Time: 12.01.2024 16:48:37
Accuracy: 0.45419409817760714

Optimizer: Adam
Learning Rate: 0.0001
Scheduler: False
Weight decay: 0
Smoothing: 0
Batch size: 64
Bidirectional: False
Hidden Dim: 22
n_layers: 1


Time: 12.01.2024 17:22:16
Accuracy: 0.4397141993073407

Optimizer: Adam
Learning Rate: 0.0001
Scheduler: False
Weight decay: 0
Smoothing: 0
Batch size: 64
Bidirectional: False
Hidden Dim: 22
n_layers: 1


Time: 12.01.2024 17:55:54
Accuracy: 0.45268303843012264

Optimizer: Adam
Learning Rate: 0.0001
Scheduler: False
Weight decay: 0
Smoothing: 0
Batch size: 64
Bidirectional: False
Hidden Dim: 22
n_layers: 1


Time: 12.01.2024 18:29:32
Accuracy: 0.45505390007618335

Optimizer: Adam
Learning Rate: 0.0001
Scheduler: False
Weight decay: 0
Smoothing: 0
Batch size: 64
Bidirectional: False
Hidden Dim: 22
n_layers: 1


Time: 12.01.2024 19:03:09
Accuracy: 0.4558491584432668

Optimizer: Adam
Learning Rate: 0.0001
Scheduler: False
Weight decay: 0
Smoothing: 0
Batch size: 64
Bidirectional: False
Hidden Dim: 22
n_layers: 1


Time: 12.01.2024 19:36:40
Accuracy: 0.4599633805018332

Optimizer: Adam
Learning Rate: 0.0001
Scheduler: False
Weight decay: 0
Smoothing: 0
Batch size: 64
Bidirectional: False
Hidden Dim: 22
n_layers: 1


Time: 12.01.2024 20:10:18
Accuracy: 0.4534602191316907

Optimizer: Adam
Learning Rate: 0.0001
Scheduler: False
Weight decay: 0
Smoothing: 0
Batch size: 64
Bidirectional: False
Hidden Dim: 22
n_layers: 1


Time: 12.01.2024 20:43:52
Accuracy: 0.45216461542864794

Optimizer: Adam
Learning Rate: 0.0001
Scheduler: False
Weight decay: 0
Smoothing: 0
Batch size: 64
Bidirectional: False
Hidden Dim: 22
n_layers: 1


Time: 12.01.2024 21:17:30
Accuracy: 0.454350666999686

Optimizer: Adam
Learning Rate: 0.0001
Scheduler: False
Weight decay: 0
Smoothing: 0
Batch size: 64
Bidirectional: False
Hidden Dim: 22
n_layers: 1


Time: 12.01.2024 21:51:10
Accuracy: 0.449576755451163

Optimizer: Adam
Learning Rate: 0.0001
Scheduler: False
Weight decay: 0
Smoothing: 0
Batch size: 64
Bidirectional: False
Hidden Dim: 22
n_layers: 1


Time: 12.01.2024 22:24:46
Accuracy: 0.4471450802223834

Optimizer: Adam
Learning Rate: 0.0001
Scheduler: False
Weight decay: 0
Smoothing: 0
Batch size: 64
Bidirectional: False
Hidden Dim: 22
n_layers: 1


Time: 12.01.2024 22:58:20
Accuracy: 0.44993701420263266

Optimizer: Adam
Learning Rate: 0.0001
Scheduler: False
Weight decay: 0
Smoothing: 0
Batch size: 64
Bidirectional: False
Hidden Dim: 22
n_layers: 1


Time: 12.01.2024 23:31:57
Accuracy: 0.4501506713496612

Optimizer: Adam
Learning Rate: 0.0001
Scheduler: False
Weight decay: 0
Smoothing: 0
Batch size: 64
Bidirectional: False
Hidden Dim: 22
n_layers: 1


Time: 13.01.2024 00:05:41
Accuracy: 0.44906935884680566

Optimizer: Adam
Learning Rate: 0.0001
Scheduler: False
Weight decay: 0
Smoothing: 0
Batch size: 64
Bidirectional: False
Hidden Dim: 22
n_layers: 1


Time: 13.01.2024 00:39:25
Accuracy: 0.46816065239999843

Optimizer: Adam
Learning Rate: 0.0001
Scheduler: False
Weight decay: 0
Smoothing: 0
Batch size: 64
Bidirectional: False
Hidden Dim: 22
n_layers: 1


Time: 13.01.2024 01:13:01
Accuracy: 0.45830204070305747

Optimizer: Adam
Learning Rate: 0.0001
Scheduler: False
Weight decay: 0
Smoothing: 0
Batch size: 64
Bidirectional: False
Hidden Dim: 22
n_layers: 1


Time: 13.01.2024 01:46:39
Accuracy: 0.4451473865787964

Optimizer: Adam
Learning Rate: 0.0001
Scheduler: False
Weight decay: 0
Smoothing: 0
Batch size: 64
Bidirectional: False
Hidden Dim: 22
n_layers: 1


Time: 13.01.2024 02:20:18
Accuracy: 0.4619516098782922

Optimizer: Adam
Learning Rate: 0.0001
Scheduler: False
Weight decay: 0
Smoothing: 0
Batch size: 64
Bidirectional: False
Hidden Dim: 22
n_layers: 1


Time: 13.01.2024 02:53:58
Accuracy: 0.4544473565587539

Optimizer: Adam
Learning Rate: 0.0001
Scheduler: False
Weight decay: 0
Smoothing: 0
Batch size: 64
Bidirectional: False
Hidden Dim: 22
n_layers: 1


Time: 13.01.2024 03:27:35
Accuracy: 0.447864778738312

Optimizer: Adam
Learning Rate: 0.0001
Scheduler: False
Weight decay: 0
Smoothing: 0
Batch size: 64
Bidirectional: False
Hidden Dim: 22
n_layers: 1


Time: 13.01.2024 04:01:15
Accuracy: 0.4564060966809681

Optimizer: Adam
Learning Rate: 0.0001
Scheduler: False
Weight decay: 0
Smoothing: 0
Batch size: 64
Bidirectional: False
Hidden Dim: 22
n_layers: 1


Time: 13.01.2024 04:34:50
Accuracy: 0.4613013887028111

Optimizer: Adam
Learning Rate: 0.0001
Scheduler: False
Weight decay: 0
Smoothing: 0
Batch size: 64
Bidirectional: False
Hidden Dim: 22
n_layers: 1


Time: 13.01.2024 05:08:30
Accuracy: 0.44691757210760774

Optimizer: Adam
Learning Rate: 0.0001
Scheduler: False
Weight decay: 0
Smoothing: 0
Batch size: 64
Bidirectional: False
Hidden Dim: 22
n_layers: 1


Time: 13.01.2024 05:42:11
Accuracy: 0.45176200637945313

Optimizer: Adam
Learning Rate: 0.0001
Scheduler: False
Weight decay: 0
Smoothing: 0
Batch size: 64
Bidirectional: False
Hidden Dim: 22
n_layers: 1


Time: 13.01.2024 06:15:54
Accuracy: 0.4492522190340367

Optimizer: Adam
Learning Rate: 0.0001
Scheduler: False
Weight decay: 0
Smoothing: 0
Batch size: 64
Bidirectional: False
Hidden Dim: 22
n_layers: 1


Time: 13.01.2024 06:49:39
Accuracy: 0.4578152105785014

Optimizer: Adam
Learning Rate: 0.0001
Scheduler: False
Weight decay: 0
Smoothing: 0
Batch size: 64
Bidirectional: False
Hidden Dim: 22
n_layers: 1


Time: 13.01.2024 07:23:18
Accuracy: 0.46176364493337685

Optimizer: Adam
Learning Rate: 0.0001
Scheduler: False
Weight decay: 0
Smoothing: 0
Batch size: 64
Bidirectional: False
Hidden Dim: 22
n_layers: 1


Time: 13.01.2024 07:56:55
Accuracy: 0.45652925184487736

Optimizer: Adam
Learning Rate: 0.0001
Scheduler: False
Weight decay: 0
Smoothing: 0
Batch size: 64
Bidirectional: False
Hidden Dim: 22
n_layers: 1


Time: 13.01.2024 08:30:37
Accuracy: 0.45463986695947817

Optimizer: Adam
Learning Rate: 0.0001
Scheduler: False
Weight decay: 0
Smoothing: 0
Batch size: 64
Bidirectional: False
Hidden Dim: 22
n_layers: 1


Time: 13.01.2024 09:04:14
Accuracy: 0.46021427969616346

Optimizer: Adam
Learning Rate: 0.0001
Scheduler: False
Weight decay: 0
Smoothing: 0
Batch size: 64
Bidirectional: False
Hidden Dim: 22
n_layers: 1


Time: 13.01.2024 09:37:54
Accuracy: 0.4488551007771683

Optimizer: Adam
Learning Rate: 0.0001
Scheduler: False
Weight decay: 0
Smoothing: 0
Batch size: 64
Bidirectional: False
Hidden Dim: 22
n_layers: 1


Time: 13.01.2024 10:11:30
Accuracy: 0.4614367374152191

Optimizer: Adam
Learning Rate: 0.0001
Scheduler: False
Weight decay: 0
Smoothing: 0
Batch size: 64
Bidirectional: False
Hidden Dim: 22
n_layers: 1


Time: 13.01.2024 10:45:20
Accuracy: 0.44925521289494297

Optimizer: Adam
Learning Rate: 0.0001
Scheduler: False
Weight decay: 0
Smoothing: 0
Batch size: 64
Bidirectional: False
Hidden Dim: 22
n_layers: 1


Time: 13.01.2024 11:19:08
Accuracy: 0.44693665557014806

Optimizer: Adam
Learning Rate: 0.0001
Scheduler: False
Weight decay: 0
Smoothing: 0
Batch size: 64
Bidirectional: False
Hidden Dim: 22
n_layers: 1


Time: 13.01.2024 11:52:46
Accuracy: 0.4485901535765958

Optimizer: Adam
Learning Rate: 0.0001
Scheduler: False
Weight decay: 0
Smoothing: 0
Batch size: 64
Bidirectional: False
Hidden Dim: 22
n_layers: 1


Time: 13.01.2024 12:26:28
Accuracy: 0.45054168660220956

Optimizer: Adam
Learning Rate: 0.0001
Scheduler: False
Weight decay: 0
Smoothing: 0
Batch size: 64
Bidirectional: False
Hidden Dim: 22
n_layers: 1


Time: 13.01.2024 13:00:13
Accuracy: 0.4514510463437779

Optimizer: Adam
Learning Rate: 0.0001
Scheduler: False
Weight decay: 0
Smoothing: 0
Batch size: 64
Bidirectional: False
Hidden Dim: 22
n_layers: 1


Time: 13.01.2024 13:36:18
Accuracy: 0.4528659548019907

Optimizer: Adam
Learning Rate: 0.0001
Scheduler: False
Weight decay: 0
Smoothing: 0
Batch size: 64
Bidirectional: False
Hidden Dim: 22
n_layers: 1


Time: 13.01.2024 14:19:01
Accuracy: 0.4499779727701726

Optimizer: Adam
Learning Rate: 0.0001
Scheduler: False
Weight decay: 0
Smoothing: 0
Batch size: 64
Bidirectional: False
Hidden Dim: 22
n_layers: 1


Time: 13.01.2024 15:01:47
Accuracy: 0.451644615061328

Optimizer: Adam
Learning Rate: 0.0001
Scheduler: False
Weight decay: 0
Smoothing: 0
Batch size: 64
Bidirectional: False
Hidden Dim: 22
n_layers: 1


Time: 13.01.2024 15:44:39
Accuracy: 0.44991575015620616

Optimizer: Adam
Learning Rate: 0.0001
Scheduler: False
Weight decay: 0
Smoothing: 0
Batch size: 64
Bidirectional: False
Hidden Dim: 22
n_layers: 1


Time: 13.01.2024 16:27:12
Accuracy: 0.4423614375813201

Optimizer: Adam
Learning Rate: 0.0001
Scheduler: False
Weight decay: 0
Smoothing: 0
Batch size: 64
Bidirectional: False
Hidden Dim: 22
n_layers: 1


Time: 13.01.2024 17:09:53
Accuracy: 0.4468582297075866

Optimizer: Adam
Learning Rate: 0.0001
Scheduler: False
Weight decay: 0
Smoothing: 0
Batch size: 64
Bidirectional: False
Hidden Dim: 22
n_layers: 1


Time: 13.01.2024 17:52:40
Accuracy: 0.46126598390752976

Optimizer: Adam
Learning Rate: 0.0001
Scheduler: False
Weight decay: 0
Smoothing: 0
Batch size: 64
Bidirectional: False
Hidden Dim: 22
n_layers: 1


Time: 13.01.2024 18:28:11
Accuracy: 0.44908297718178786

Optimizer: Adam
Learning Rate: 0.0001
Scheduler: False
Weight decay: 0
Smoothing: 0
Batch size: 64
Bidirectional: False
Hidden Dim: 22
n_layers: 1


Time: 13.01.2024 19:01:53
Accuracy: 0.45055852157992493

Optimizer: Adam
Learning Rate: 0.0001
Scheduler: False
Weight decay: 0
Smoothing: 0
Batch size: 64
Bidirectional: False
Hidden Dim: 22
n_layers: 1


Time: 13.01.2024 19:35:30
Accuracy: 0.45825203685211324

Optimizer: Adam
Learning Rate: 0.0001
Scheduler: False
Weight decay: 0
Smoothing: 0
Batch size: 64
Bidirectional: False
Hidden Dim: 22
n_layers: 1


Time: 13.01.2024 20:09:12
Accuracy: 0.4443894131160834

Optimizer: Adam
Learning Rate: 0.0001
Scheduler: False
Weight decay: 0
Smoothing: 0
Batch size: 64
Bidirectional: False
Hidden Dim: 22
n_layers: 1


Time: 13.01.2024 20:42:53
Accuracy: 0.44086572026612697

Optimizer: Adam
Learning Rate: 0.0001
Scheduler: False
Weight decay: 0
Smoothing: 0
Batch size: 64
Bidirectional: False
Hidden Dim: 22
n_layers: 1


Time: 13.01.2024 21:18:19
Accuracy: 0.44505349912083625

Optimizer: Adam
Learning Rate: 0.0001
Scheduler: False
Weight decay: 0
Smoothing: 0
Batch size: 64
Bidirectional: False
Hidden Dim: 22
n_layers: 1


Time: 13.01.2024 21:52:08
Accuracy: 0.4516574846820575

Optimizer: Adam
Learning Rate: 0.0001
Scheduler: False
Weight decay: 0
Smoothing: 0
Batch size: 64
Bidirectional: False
Hidden Dim: 22
n_layers: 1


Time: 13.01.2024 22:25:48
Accuracy: 0.4456813806497854

Optimizer: Adam
Learning Rate: 0.0001
Scheduler: False
Weight decay: 0
Smoothing: 0
Batch size: 64
Bidirectional: False
Hidden Dim: 22
n_layers: 1


Time: 13.01.2024 22:59:32
Accuracy: 0.4633614255167131

Optimizer: Adam
Learning Rate: 0.0001
Scheduler: False
Weight decay: 0
Smoothing: 0
Batch size: 64
Bidirectional: False
Hidden Dim: 22
n_layers: 1


Time: 13.01.2024 23:33:16
Accuracy: 0.44620012777392243

Optimizer: Adam
Learning Rate: 0.0001
Scheduler: False
Weight decay: 0
Smoothing: 0
Batch size: 64
Bidirectional: False
Hidden Dim: 22
n_layers: 1


Time: 14.01.2024 00:07:03
Accuracy: 0.46453185542751313

Optimizer: Adam
Learning Rate: 0.0001
Scheduler: False
Weight decay: 0
Smoothing: 0
Batch size: 64
Bidirectional: False
Hidden Dim: 22
n_layers: 1


Time: 14.01.2024 00:40:47
Accuracy: 0.45852451151871454

Optimizer: Adam
Learning Rate: 0.0001
Scheduler: False
Weight decay: 0
Smoothing: 0
Batch size: 64
Bidirectional: False
Hidden Dim: 22
n_layers: 1


Time: 14.01.2024 01:14:29
Accuracy: 0.4528812241254852

Optimizer: Adam
Learning Rate: 0.0001
Scheduler: False
Weight decay: 0
Smoothing: 0
Batch size: 64
Bidirectional: False
Hidden Dim: 22
n_layers: 1


Time: 14.01.2024 01:48:01
Accuracy: 0.45604369511842013

Optimizer: Adam
Learning Rate: 0.0001
Scheduler: False
Weight decay: 0
Smoothing: 0
Batch size: 64
Bidirectional: False
Hidden Dim: 22
n_layers: 1


Time: 14.01.2024 02:21:43
Accuracy: 0.44452223566946114

Optimizer: Adam
Learning Rate: 0.0001
Scheduler: False
Weight decay: 0
Smoothing: 0
Batch size: 64
Bidirectional: False
Hidden Dim: 22
n_layers: 1


Time: 14.01.2024 02:55:23
Accuracy: 0.45180099817904884

Optimizer: Adam
Learning Rate: 0.0001
Scheduler: False
Weight decay: 0
Smoothing: 0
Batch size: 64
Bidirectional: False
Hidden Dim: 22
n_layers: 1


Time: 14.01.2024 03:29:04
Accuracy: 0.4469023678101525

Optimizer: Adam
Learning Rate: 0.0001
Scheduler: False
Weight decay: 0
Smoothing: 0
Batch size: 64
Bidirectional: False
Hidden Dim: 22
n_layers: 1


Time: 14.01.2024 04:02:47
Accuracy: 0.4488230539810796

Optimizer: Adam
Learning Rate: 0.0001
Scheduler: False
Weight decay: 0
Smoothing: 0
Batch size: 64
Bidirectional: False
Hidden Dim: 22
n_layers: 1


Time: 14.01.2024 04:36:32
Accuracy: 0.45481003659234975

Optimizer: Adam
Learning Rate: 0.0001
Scheduler: False
Weight decay: 0
Smoothing: 0
Batch size: 64
Bidirectional: False
Hidden Dim: 22
n_layers: 1


Time: 14.01.2024 05:10:17
Accuracy: 0.4504990150140396

Optimizer: Adam
Learning Rate: 0.0001
Scheduler: False
Weight decay: 0
Smoothing: 0
Batch size: 64
Bidirectional: False
Hidden Dim: 22
n_layers: 1


Time: 14.01.2024 05:44:00
Accuracy: 0.44907583532947654

Optimizer: Adam
Learning Rate: 0.0001
Scheduler: False
Weight decay: 0
Smoothing: 0
Batch size: 64
Bidirectional: False
Hidden Dim: 22
n_layers: 1


Time: 14.01.2024 06:17:42
Accuracy: 0.45866720028882846

Optimizer: Adam
Learning Rate: 0.0001
Scheduler: False
Weight decay: 0
Smoothing: 0
Batch size: 64
Bidirectional: False
Hidden Dim: 22
n_layers: 1


Time: 14.01.2024 06:51:25
Accuracy: 0.44952185720335985

Optimizer: Adam
Learning Rate: 0.0001
Scheduler: False
Weight decay: 0
Smoothing: 0
Batch size: 64
Bidirectional: False
Hidden Dim: 22
n_layers: 1


Time: 14.01.2024 07:25:12
Accuracy: 0.44891155391431936

Optimizer: Adam
Learning Rate: 0.0001
Scheduler: False
Weight decay: 0
Smoothing: 0
Batch size: 64
Bidirectional: False
Hidden Dim: 22
n_layers: 1


Time: 14.01.2024 07:58:54
Accuracy: 0.4466179863982258

Optimizer: Adam
Learning Rate: 0.0001
Scheduler: False
Weight decay: 0
Smoothing: 0
Batch size: 64
Bidirectional: False
Hidden Dim: 22
n_layers: 1


Time: 14.01.2024 08:32:37
Accuracy: 0.45425390590900305

Optimizer: Adam
Learning Rate: 0.0001
Scheduler: False
Weight decay: 0
Smoothing: 0
Batch size: 64
Bidirectional: False
Hidden Dim: 22
n_layers: 1


Time: 14.01.2024 09:06:26
Accuracy: 0.4529302120587854

Optimizer: Adam
Learning Rate: 0.0001
Scheduler: False
Weight decay: 0
Smoothing: 0
Batch size: 64
Bidirectional: False
Hidden Dim: 22
n_layers: 1


Time: 14.01.2024 09:40:03
Accuracy: 0.44353518705243866

Optimizer: Adam
Learning Rate: 0.0001
Scheduler: False
Weight decay: 0
Smoothing: 0
Batch size: 64
Bidirectional: False
Hidden Dim: 22
n_layers: 1


Time: 14.01.2024 10:13:47
Accuracy: 0.444984627223047

Optimizer: Adam
Learning Rate: 0.0001
Scheduler: False
Weight decay: 0
Smoothing: 0
Batch size: 64
Bidirectional: False
Hidden Dim: 22
n_layers: 1


Time: 14.01.2024 10:47:34
Accuracy: 0.4555755655060181

Optimizer: Adam
Learning Rate: 0.0001
Scheduler: False
Weight decay: 0
Smoothing: 0
Batch size: 64
Bidirectional: False
Hidden Dim: 22
n_layers: 1


Time: 14.01.2024 11:21:21
Accuracy: 0.4449825813846595

Optimizer: Adam
Learning Rate: 0.0001
Scheduler: False
Weight decay: 0
Smoothing: 0
Batch size: 64
Bidirectional: False
Hidden Dim: 22
n_layers: 1


Time: 14.01.2024 11:55:07
Accuracy: 0.4502459460656953

Optimizer: Adam
Learning Rate: 0.0001
Scheduler: False
Weight decay: 0
Smoothing: 0
Batch size: 64
Bidirectional: False
Hidden Dim: 22
n_layers: 1


Time: 14.01.2024 12:28:48
Accuracy: 0.45827763763716417

Optimizer: Adam
Learning Rate: 0.0001
Scheduler: False
Weight decay: 0
Smoothing: 0
Batch size: 64
Bidirectional: False
Hidden Dim: 22
n_layers: 1


Time: 14.01.2024 13:02:34
Accuracy: 0.4418963465301202

Optimizer: Adam
Learning Rate: 0.0001
Scheduler: False
Weight decay: 0
Smoothing: 0
Batch size: 64
Bidirectional: False
Hidden Dim: 22
n_layers: 1


Time: 14.01.2024 13:36:19
Accuracy: 0.45818604957480125

Optimizer: Adam
Learning Rate: 0.0001
Scheduler: False
Weight decay: 0
Smoothing: 0
Batch size: 64
Bidirectional: False
Hidden Dim: 22
n_layers: 1


Time: 14.01.2024 14:10:07
Accuracy: 0.45553633350949374

Optimizer: Adam
Learning Rate: 0.0001
Scheduler: False
Weight decay: 0
Smoothing: 0
Batch size: 64
Bidirectional: False
Hidden Dim: 22
n_layers: 1


Time: 14.01.2024 14:43:49
Accuracy: 0.4504911577138177

Optimizer: Adam
Learning Rate: 0.0001
Scheduler: False
Weight decay: 0
Smoothing: 0
Batch size: 64
Bidirectional: False
Hidden Dim: 22
n_layers: 1


Time: 14.01.2024 15:17:38
Accuracy: 0.46331636177499813

Optimizer: Adam
Learning Rate: 0.0001
Scheduler: False
Weight decay: 0
Smoothing: 0
Batch size: 64
Bidirectional: False
Hidden Dim: 22
n_layers: 1


Time: 14.01.2024 15:51:28
Accuracy: 0.45567373337310524

Optimizer: Adam
Learning Rate: 0.0001
Scheduler: False
Weight decay: 0
Smoothing: 0
Batch size: 64
Bidirectional: False
Hidden Dim: 22
n_layers: 1


Time: 14.01.2024 16:25:09
Accuracy: 0.44603916502577184

Optimizer: Adam
Learning Rate: 0.0001
Scheduler: False
Weight decay: 0
Smoothing: 0
Batch size: 64
Bidirectional: False
Hidden Dim: 22
n_layers: 1


Time: 14.01.2024 16:58:56
Accuracy: 0.4504345028387664

Optimizer: Adam
Learning Rate: 0.0001
Scheduler: False
Weight decay: 0
Smoothing: 0
Batch size: 64
Bidirectional: False
Hidden Dim: 22
n_layers: 1


Time: 14.01.2024 17:32:41
Accuracy: 0.45144031839581167

Optimizer: Adam
Learning Rate: 0.0001
Scheduler: False
Weight decay: 0
Smoothing: 0
Batch size: 64
Bidirectional: False
Hidden Dim: 22
n_layers: 1


Time: 14.01.2024 18:06:31
Accuracy: 0.45592405897688804

Optimizer: Adam
Learning Rate: 0.0001
Scheduler: False
Weight decay: 0
Smoothing: 0
Batch size: 64
Bidirectional: False
Hidden Dim: 22
n_layers: 1


Time: 14.01.2024 18:40:19
Accuracy: 0.4566804149178472

Optimizer: Adam
Learning Rate: 0.0001
Scheduler: False
Weight decay: 0
Smoothing: 0
Batch size: 64
Bidirectional: False
Hidden Dim: 22
n_layers: 1


Time: 14.01.2024 19:14:08
Accuracy: 0.46666886276629155

Optimizer: Adam
Learning Rate: 0.0001
Scheduler: False
Weight decay: 0
Smoothing: 0
Batch size: 64
Bidirectional: False
Hidden Dim: 22
n_layers: 1


Time: 14.01.2024 19:47:51
Accuracy: 0.45487524494261744

Optimizer: Adam
Learning Rate: 0.0001
Scheduler: False
Weight decay: 0
Smoothing: 0
Batch size: 64
Bidirectional: False
Hidden Dim: 22
n_layers: 1


Time: 14.01.2024 20:21:41
Accuracy: 0.4442981180710927

Optimizer: Adam
Learning Rate: 0.0001
Scheduler: False
Weight decay: 0
Smoothing: 0
Batch size: 64
Bidirectional: False
Hidden Dim: 22
n_layers: 1


Time: 14.01.2024 20:55:28
Accuracy: 0.44202552412986235

Optimizer: Adam
Learning Rate: 0.0001
Scheduler: False
Weight decay: 0
Smoothing: 0
Batch size: 64
Bidirectional: False
Hidden Dim: 22
n_layers: 1


Time: 14.01.2024 21:29:14
Accuracy: 0.4571544516304878

Optimizer: Adam
Learning Rate: 0.0001
Scheduler: False
Weight decay: 0
Smoothing: 0
Batch size: 64
Bidirectional: False
Hidden Dim: 22
n_layers: 1


Time: 14.01.2024 22:03:00
Accuracy: 0.45388927631715525

Optimizer: Adam
Learning Rate: 0.0001
Scheduler: False
Weight decay: 0
Smoothing: 0
Batch size: 64
Bidirectional: False
Hidden Dim: 22
n_layers: 1


Time: 14.01.2024 22:36:44
Accuracy: 0.4461926669421259

Optimizer: Adam
Learning Rate: 0.0001
Scheduler: False
Weight decay: 0
Smoothing: 0
Batch size: 64
Bidirectional: False
Hidden Dim: 22
n_layers: 1


Time: 14.01.2024 23:10:26
Accuracy: 0.4554311114511206

Optimizer: Adam
Learning Rate: 0.0001
Scheduler: False
Weight decay: 0
Smoothing: 0
Batch size: 64
Bidirectional: False
Hidden Dim: 22
n_layers: 1


Time: 14.01.2024 23:44:09
Accuracy: 0.4641138331609887

Optimizer: Adam
Learning Rate: 0.0001
Scheduler: False
Weight decay: 0
Smoothing: 0
Batch size: 64
Bidirectional: False
Hidden Dim: 22
n_layers: 1


Time: 15.01.2024 00:18:01
Accuracy: 0.44437063573894364

Optimizer: Adam
Learning Rate: 0.0001
Scheduler: False
Weight decay: 0
Smoothing: 0
Batch size: 64
Bidirectional: False
Hidden Dim: 22
n_layers: 1


Time: 15.01.2024 00:51:49
Accuracy: 0.45091780978946266

Optimizer: Adam
Learning Rate: 0.0001
Scheduler: False
Weight decay: 0
Smoothing: 0
Batch size: 64
Bidirectional: False
Hidden Dim: 22
n_layers: 1


Time: 15.01.2024 01:25:37
Accuracy: 0.4475752640011248

Optimizer: Adam
Learning Rate: 0.0001
Scheduler: False
Weight decay: 0
Smoothing: 0
Batch size: 64
Bidirectional: False
Hidden Dim: 22
n_layers: 1


Time: 15.01.2024 01:59:22
Accuracy: 0.45206421234703364

Optimizer: Adam
Learning Rate: 0.0001
Scheduler: False
Weight decay: 0
Smoothing: 0
Batch size: 64
Bidirectional: False
Hidden Dim: 22
n_layers: 1


Time: 15.01.2024 02:33:08
Accuracy: 0.4544047865153035

Optimizer: Adam
Learning Rate: 0.0001
Scheduler: False
Weight decay: 0
Smoothing: 0
Batch size: 64
Bidirectional: False
Hidden Dim: 22
n_layers: 1


Time: 15.01.2024 03:06:58
Accuracy: 0.45445924105076113

Optimizer: Adam
Learning Rate: 0.0001
Scheduler: False
Weight decay: 0
Smoothing: 0
Batch size: 64
Bidirectional: False
Hidden Dim: 22
n_layers: 1


Time: 15.01.2024 03:40:44
Accuracy: 0.4499228557425055

Optimizer: Adam
Learning Rate: 0.0001
Scheduler: False
Weight decay: 0
Smoothing: 0
Batch size: 64
Bidirectional: False
Hidden Dim: 22
n_layers: 1


Time: 15.01.2024 04:14:29
Accuracy: 0.45749969741866536

Optimizer: Adam
Learning Rate: 0.0001
Scheduler: False
Weight decay: 0
Smoothing: 0
Batch size: 64
Bidirectional: False
Hidden Dim: 22
n_layers: 1


Time: 15.01.2024 04:48:19
Accuracy: 0.4543711036452558

Optimizer: Adam
Learning Rate: 0.0001
Scheduler: False
Weight decay: 0
Smoothing: 0
Batch size: 64
Bidirectional: False
Hidden Dim: 22
n_layers: 1


Time: 15.01.2024 05:22:10
Accuracy: 0.44907489771516806

Optimizer: Adam
Learning Rate: 0.0001
Scheduler: False
Weight decay: 0
Smoothing: 0
Batch size: 64
Bidirectional: False
Hidden Dim: 22
n_layers: 1


Time: 15.01.2024 05:56:00
Accuracy: 0.4542157218766822

Optimizer: Adam
Learning Rate: 0.0001
Scheduler: False
Weight decay: 0
Smoothing: 0
Batch size: 64
Bidirectional: False
Hidden Dim: 22
n_layers: 1


Time: 15.01.2024 06:29:51
Accuracy: 0.4556723858316951

Optimizer: Adam
Learning Rate: 0.0001
Scheduler: False
Weight decay: 0
Smoothing: 0
Batch size: 64
Bidirectional: False
Hidden Dim: 22
n_layers: 1


Time: 15.01.2024 07:03:48
Accuracy: 0.4523019950958228

Optimizer: Adam
Learning Rate: 0.0001
Scheduler: False
Weight decay: 0
Smoothing: 0
Batch size: 64
Bidirectional: False
Hidden Dim: 22
n_layers: 1


Time: 15.01.2024 07:37:36
Accuracy: 0.4508440351690575

Optimizer: Adam
Learning Rate: 0.0001
Scheduler: False
Weight decay: 0
Smoothing: 0
Batch size: 64
Bidirectional: False
Hidden Dim: 22
n_layers: 1


Time: 15.01.2024 08:11:24
Accuracy: 0.45195451136047676

Optimizer: Adam
Learning Rate: 0.0001
Scheduler: False
Weight decay: 0
Smoothing: 0
Batch size: 64
Bidirectional: False
Hidden Dim: 22
n_layers: 1


Time: 15.01.2024 08:45:15
Accuracy: 0.46222415919373677

Optimizer: Adam
Learning Rate: 0.0001
Scheduler: False
Weight decay: 0
Smoothing: 0
Batch size: 64
Bidirectional: False
Hidden Dim: 22
n_layers: 1


Time: 15.01.2024 09:19:07
Accuracy: 0.45255265479201306

Optimizer: Adam
Learning Rate: 0.0001
Scheduler: False
Weight decay: 0
Smoothing: 0
Batch size: 64
Bidirectional: False
Hidden Dim: 22
n_layers: 1


Time: 15.01.2024 09:52:55
Accuracy: 0.457690816060488

Optimizer: Adam
Learning Rate: 0.0001
Scheduler: False
Weight decay: 0
Smoothing: 0
Batch size: 64
Bidirectional: False
Hidden Dim: 22
n_layers: 1


Time: 15.01.2024 10:26:41
Accuracy: 0.4520015476616311

Optimizer: Adam
Learning Rate: 0.0001
Scheduler: False
Weight decay: 0
Smoothing: 0
Batch size: 64
Bidirectional: False
Hidden Dim: 22
n_layers: 1


Time: 15.01.2024 11:00:41
Accuracy: 0.44970035470368636

Optimizer: Adam
Learning Rate: 0.0001
Scheduler: False
Weight decay: 0
Smoothing: 0
Batch size: 64
Bidirectional: False
Hidden Dim: 22
n_layers: 1


Time: 15.01.2024 11:34:29
Accuracy: 0.45090577141246085

Optimizer: Adam
Learning Rate: 0.0001
Scheduler: False
Weight decay: 0
Smoothing: 0
Batch size: 64
Bidirectional: False
Hidden Dim: 22
n_layers: 1


Time: 15.01.2024 12:12:31
Accuracy: 0.4537127499345084

Optimizer: Adam
Learning Rate: 0.0001
Scheduler: False
Weight decay: 0
Smoothing: 0
Batch size: 64
Bidirectional: False
Hidden Dim: 22
n_layers: 1


Time: 15.01.2024 12:46:21
Accuracy: 0.463947027032653

Optimizer: Adam
Learning Rate: 0.0001
Scheduler: False
Weight decay: 0
Smoothing: 0
Batch size: 64
Bidirectional: False
Hidden Dim: 22
n_layers: 1


Time: 15.01.2024 13:20:12
Accuracy: 0.4506678582432138

Optimizer: Adam
Learning Rate: 0.0001
Scheduler: False
Weight decay: 0
Smoothing: 0
Batch size: 64
Bidirectional: False
Hidden Dim: 22
n_layers: 1


Time: 15.01.2024 13:54:05
Accuracy: 0.4467036537513621

Optimizer: Adam
Learning Rate: 0.0001
Scheduler: False
Weight decay: 0
Smoothing: 0
Batch size: 64
Bidirectional: False
Hidden Dim: 22
n_layers: 1


Time: 15.01.2024 14:27:49
Accuracy: 0.4534185300455357

Optimizer: Adam
Learning Rate: 0.0001
Scheduler: False
Weight decay: 0
Smoothing: 0
Batch size: 64
Bidirectional: False
Hidden Dim: 22
n_layers: 1


Time: 15.01.2024 15:01:38
Accuracy: 0.45726187429802206

Optimizer: Adam
Learning Rate: 0.0001
Scheduler: False
Weight decay: 0
Smoothing: 0
Batch size: 64
Bidirectional: False
Hidden Dim: 22
n_layers: 1


Time: 15.01.2024 15:35:35
Accuracy: 0.44969272204489946

Optimizer: Adam
Learning Rate: 0.0001
Scheduler: False
Weight decay: 0
Smoothing: 0
Batch size: 64
Bidirectional: False
Hidden Dim: 22
n_layers: 1


Time: 15.01.2024 16:14:26
Accuracy: 0.4564900209291676

Optimizer: Adam
Learning Rate: 0.0001
Scheduler: False
Weight decay: 0
Smoothing: 0
Batch size: 64
Bidirectional: False
Hidden Dim: 22
n_layers: 1


Time: 15.01.2024 16:51:39
Accuracy: 0.447215971941613

Optimizer: Adam
Learning Rate: 0.0001
Scheduler: False
Weight decay: 0
Smoothing: 0
Batch size: 64
Bidirectional: False
Hidden Dim: 22
n_layers: 1


Time: 15.01.2024 17:25:26
Accuracy: 0.4585248091600133

Optimizer: Adam
Learning Rate: 0.0001
Scheduler: False
Weight decay: 0
Smoothing: 0
Batch size: 64
Bidirectional: False
Hidden Dim: 22
n_layers: 1


Time: 15.01.2024 17:59:12
Accuracy: 0.4588185847067188

Optimizer: Adam
Learning Rate: 0.0001
Scheduler: False
Weight decay: 0
Smoothing: 0
Batch size: 64
Bidirectional: False
Hidden Dim: 22
n_layers: 1


Time: 15.01.2024 18:33:02
Accuracy: 0.45862174191209526

Optimizer: Adam
Learning Rate: 0.0001
Scheduler: False
Weight decay: 0
Smoothing: 0
Batch size: 64
Bidirectional: False
Hidden Dim: 22
n_layers: 1


Time: 15.01.2024 19:06:58
Accuracy: 0.4621705870077513

Optimizer: Adam
Learning Rate: 0.0001
Scheduler: False
Weight decay: 0
Smoothing: 0
Batch size: 64
Bidirectional: False
Hidden Dim: 22
n_layers: 1


Time: 15.01.2024 19:40:52
Accuracy: 0.4572749582800626

Optimizer: Adam
Learning Rate: 0.0001
Scheduler: False
Weight decay: 0
Smoothing: 0
Batch size: 64
Bidirectional: False
Hidden Dim: 22
n_layers: 1


