Time: 22.11.2023 14:06:54
Accuracy: 0.4321160189897314

Optimizer: SGD
Learning Rate: 0.001
Scheduler: True
Weight decay: 0.001
Smoothing: 0
Batch size: 32
Momentum: 0.246
T_max: 1


Time: 22.11.2023 15:04:47
Accuracy: 0.4528720433713786

Optimizer: SGD
Learning Rate: 0.001
Scheduler: True
Weight decay: 0.001
Smoothing: 0
Batch size: 32
Momentum: 0.246
T_max: 1


Time: 22.11.2023 16:02:45
Accuracy: 0.4281157757369935

Optimizer: SGD
Learning Rate: 0.001
Scheduler: True
Weight decay: 0.001
Smoothing: 0
Batch size: 32
Momentum: 0.246
T_max: 1


Time: 22.11.2023 17:00:40
Accuracy: 0.4375990536400389

Optimizer: SGD
Learning Rate: 0.001
Scheduler: True
Weight decay: 0.001
Smoothing: 0
Batch size: 32
Momentum: 0.246
T_max: 1


Time: 22.11.2023 17:58:40
Accuracy: 0.43151117702707287

Optimizer: SGD
Learning Rate: 0.001
Scheduler: True
Weight decay: 0.001
Smoothing: 0
Batch size: 32
Momentum: 0.246
T_max: 1


Time: 22.11.2023 18:56:41
Accuracy: 0.45316850082940735

Optimizer: SGD
Learning Rate: 0.001
Scheduler: True
Weight decay: 0.001
Smoothing: 0
Batch size: 32
Momentum: 0.246
T_max: 1


Time: 22.11.2023 19:54:37
Accuracy: 0.44568342328961535

Optimizer: SGD
Learning Rate: 0.001
Scheduler: True
Weight decay: 0.001
Smoothing: 0
Batch size: 32
Momentum: 0.246
T_max: 1


Time: 22.11.2023 20:52:38
Accuracy: 0.4398278270278643

Optimizer: SGD
Learning Rate: 0.001
Scheduler: True
Weight decay: 0.001
Smoothing: 0
Batch size: 32
Momentum: 0.246
T_max: 1


Time: 22.11.2023 21:50:34
Accuracy: 0.4306417511231645

Optimizer: SGD
Learning Rate: 0.001
Scheduler: True
Weight decay: 0.001
Smoothing: 0
Batch size: 32
Momentum: 0.246
T_max: 1


Time: 22.11.2023 22:48:34
Accuracy: 0.43835762100544096

Optimizer: SGD
Learning Rate: 0.001
Scheduler: True
Weight decay: 0.001
Smoothing: 0
Batch size: 32
Momentum: 0.246
T_max: 1


Time: 22.11.2023 23:46:32
Accuracy: 0.43817364231245404

Optimizer: SGD
Learning Rate: 0.001
Scheduler: True
Weight decay: 0.001
Smoothing: 0
Batch size: 32
Momentum: 0.246
T_max: 1


Time: 23.11.2023 00:44:33
Accuracy: 0.43946221817901615

Optimizer: SGD
Learning Rate: 0.001
Scheduler: True
Weight decay: 0.001
Smoothing: 0
Batch size: 32
Momentum: 0.246
T_max: 1


Time: 23.11.2023 01:42:33
Accuracy: 0.4298533490894687

Optimizer: SGD
Learning Rate: 0.001
Scheduler: True
Weight decay: 0.001
Smoothing: 0
Batch size: 32
Momentum: 0.246
T_max: 1


Time: 23.11.2023 02:40:30
Accuracy: 0.43900594008837523

Optimizer: SGD
Learning Rate: 0.001
Scheduler: True
Weight decay: 0.001
Smoothing: 0
Batch size: 32
Momentum: 0.246
T_max: 1


Time: 23.11.2023 03:38:29
Accuracy: 0.4554977899659267

Optimizer: SGD
Learning Rate: 0.001
Scheduler: True
Weight decay: 0.001
Smoothing: 0
Batch size: 32
Momentum: 0.246
T_max: 1


Time: 23.11.2023 04:36:28
Accuracy: 0.4401598877573313

Optimizer: SGD
Learning Rate: 0.001
Scheduler: True
Weight decay: 0.001
Smoothing: 0
Batch size: 32
Momentum: 0.246
T_max: 1


Time: 23.11.2023 05:34:23
Accuracy: 0.43750369292328395

Optimizer: SGD
Learning Rate: 0.001
Scheduler: True
Weight decay: 0.001
Smoothing: 0
Batch size: 32
Momentum: 0.246
T_max: 1


Time: 23.11.2023 06:32:19
Accuracy: 0.42173303624538644

Optimizer: SGD
Learning Rate: 0.001
Scheduler: True
Weight decay: 0.001
Smoothing: 0
Batch size: 32
Momentum: 0.246
T_max: 1


Time: 23.11.2023 07:30:31
Accuracy: 0.43898923688496433

Optimizer: SGD
Learning Rate: 0.001
Scheduler: True
Weight decay: 0.001
Smoothing: 0
Batch size: 32
Momentum: 0.246
T_max: 1


Time: 23.11.2023 08:28:33
Accuracy: 0.4315985269163047

Optimizer: SGD
Learning Rate: 0.001
Scheduler: True
Weight decay: 0.001
Smoothing: 0
Batch size: 32
Momentum: 0.246
T_max: 1


Time: 23.11.2023 09:26:31
Accuracy: 0.4482039492622156

Optimizer: SGD
Learning Rate: 0.001
Scheduler: True
Weight decay: 0.001
Smoothing: 0
Batch size: 32
Momentum: 0.246
T_max: 1


Time: 23.11.2023 10:24:29
Accuracy: 0.4543019096980237

Optimizer: SGD
Learning Rate: 0.001
Scheduler: True
Weight decay: 0.001
Smoothing: 0
Batch size: 32
Momentum: 0.246
T_max: 1


Time: 23.11.2023 11:22:27
Accuracy: 0.454695102625836

Optimizer: SGD
Learning Rate: 0.001
Scheduler: True
Weight decay: 0.001
Smoothing: 0
Batch size: 32
Momentum: 0.246
T_max: 1


Time: 23.11.2023 12:20:24
Accuracy: 0.44918288452141625

Optimizer: SGD
Learning Rate: 0.001
Scheduler: True
Weight decay: 0.001
Smoothing: 0
Batch size: 32
Momentum: 0.246
T_max: 1


Time: 23.11.2023 13:18:23
Accuracy: 0.43954284816187406

Optimizer: SGD
Learning Rate: 0.001
Scheduler: True
Weight decay: 0.001
Smoothing: 0
Batch size: 32
Momentum: 0.246
T_max: 1


Time: 23.11.2023 14:16:24
Accuracy: 0.4207926113715207

Optimizer: SGD
Learning Rate: 0.001
Scheduler: True
Weight decay: 0.001
Smoothing: 0
Batch size: 32
Momentum: 0.246
T_max: 1


Time: 23.11.2023 15:14:22
Accuracy: 0.45311609732858305

Optimizer: SGD
Learning Rate: 0.001
Scheduler: True
Weight decay: 0.001
Smoothing: 0
Batch size: 32
Momentum: 0.246
T_max: 1


Time: 23.11.2023 16:12:19
Accuracy: 0.4311196836221175

Optimizer: SGD
Learning Rate: 0.001
Scheduler: True
Weight decay: 0.001
Smoothing: 0
Batch size: 32
Momentum: 0.246
T_max: 1


Time: 23.11.2023 17:10:15
Accuracy: 0.45487781363433455

Optimizer: SGD
Learning Rate: 0.001
Scheduler: True
Weight decay: 0.001
Smoothing: 0
Batch size: 32
Momentum: 0.246
T_max: 1


Time: 23.11.2023 18:08:12
Accuracy: 0.429680014336582

Optimizer: SGD
Learning Rate: 0.001
Scheduler: True
Weight decay: 0.001
Smoothing: 0
Batch size: 32
Momentum: 0.246
T_max: 1


Time: 23.11.2023 19:06:10
Accuracy: 0.44977075306249675

Optimizer: SGD
Learning Rate: 0.001
Scheduler: True
Weight decay: 0.001
Smoothing: 0
Batch size: 32
Momentum: 0.246
T_max: 1


Time: 23.11.2023 20:04:07
Accuracy: 0.43826763161137783

Optimizer: SGD
Learning Rate: 0.001
Scheduler: True
Weight decay: 0.001
Smoothing: 0
Batch size: 32
Momentum: 0.246
T_max: 1


Time: 23.11.2023 21:02:06
Accuracy: 0.4311652356163332

Optimizer: SGD
Learning Rate: 0.001
Scheduler: True
Weight decay: 0.001
Smoothing: 0
Batch size: 32
Momentum: 0.246
T_max: 1


Time: 23.11.2023 22:00:05
Accuracy: 0.4311926405756482

Optimizer: SGD
Learning Rate: 0.001
Scheduler: True
Weight decay: 0.001
Smoothing: 0
Batch size: 32
Momentum: 0.246
T_max: 1


Time: 23.11.2023 22:58:02
Accuracy: 0.4417064123419129

Optimizer: SGD
Learning Rate: 0.001
Scheduler: True
Weight decay: 0.001
Smoothing: 0
Batch size: 32
Momentum: 0.246
T_max: 1


Time: 23.11.2023 23:55:58
Accuracy: 0.42722841889580343

Optimizer: SGD
Learning Rate: 0.001
Scheduler: True
Weight decay: 0.001
Smoothing: 0
Batch size: 32
Momentum: 0.246
T_max: 1


Time: 24.11.2023 00:53:54
Accuracy: 0.4395163312492487

Optimizer: SGD
Learning Rate: 0.001
Scheduler: True
Weight decay: 0.001
Smoothing: 0
Batch size: 32
Momentum: 0.246
T_max: 1


Time: 24.11.2023 01:51:51
Accuracy: 0.44391414297065995

Optimizer: SGD
Learning Rate: 0.001
Scheduler: True
Weight decay: 0.001
Smoothing: 0
Batch size: 32
Momentum: 0.246
T_max: 1


Time: 24.11.2023 02:49:49
Accuracy: 0.44100893375211336

Optimizer: SGD
Learning Rate: 0.001
Scheduler: True
Weight decay: 0.001
Smoothing: 0
Batch size: 32
Momentum: 0.246
T_max: 1


Time: 24.11.2023 03:47:49
Accuracy: 0.43233329145728816

Optimizer: SGD
Learning Rate: 0.001
Scheduler: True
Weight decay: 0.001
Smoothing: 0
Batch size: 32
Momentum: 0.246
T_max: 1


Time: 24.11.2023 04:45:47
Accuracy: 0.43509447781779176

Optimizer: SGD
Learning Rate: 0.001
Scheduler: True
Weight decay: 0.001
Smoothing: 0
Batch size: 32
Momentum: 0.246
T_max: 1


Time: 24.11.2023 05:43:39
Accuracy: 0.43102747874186054

Optimizer: SGD
Learning Rate: 0.001
Scheduler: True
Weight decay: 0.001
Smoothing: 0
Batch size: 32
Momentum: 0.246
T_max: 1


Time: 24.11.2023 06:41:34
Accuracy: 0.43562617719433244

Optimizer: SGD
Learning Rate: 0.001
Scheduler: True
Weight decay: 0.001
Smoothing: 0
Batch size: 32
Momentum: 0.246
T_max: 1


Time: 24.11.2023 07:39:29
Accuracy: 0.44835458635009146

Optimizer: SGD
Learning Rate: 0.001
Scheduler: True
Weight decay: 0.001
Smoothing: 0
Batch size: 32
Momentum: 0.246
T_max: 1


Time: 24.11.2023 08:37:28
Accuracy: 0.440222274764172

Optimizer: SGD
Learning Rate: 0.001
Scheduler: True
Weight decay: 0.001
Smoothing: 0
Batch size: 32
Momentum: 0.246
T_max: 1


Time: 24.11.2023 09:35:29
Accuracy: 0.4407804602910316

Optimizer: SGD
Learning Rate: 0.001
Scheduler: True
Weight decay: 0.001
Smoothing: 0
Batch size: 32
Momentum: 0.246
T_max: 1


Time: 24.11.2023 10:33:23
Accuracy: 0.4367044727717949

Optimizer: SGD
Learning Rate: 0.001
Scheduler: True
Weight decay: 0.001
Smoothing: 0
Batch size: 32
Momentum: 0.246
T_max: 1


Time: 24.11.2023 11:31:26
Accuracy: 0.4215322361407671

Optimizer: SGD
Learning Rate: 0.001
Scheduler: True
Weight decay: 0.001
Smoothing: 0
Batch size: 32
Momentum: 0.246
T_max: 1


Time: 24.11.2023 12:29:25
Accuracy: 0.4275186997374507

Optimizer: SGD
Learning Rate: 0.001
Scheduler: True
Weight decay: 0.001
Smoothing: 0
Batch size: 32
Momentum: 0.246
T_max: 1


Time: 24.11.2023 13:27:27
Accuracy: 0.42675835576364574

Optimizer: SGD
Learning Rate: 0.001
Scheduler: True
Weight decay: 0.001
Smoothing: 0
Batch size: 32
Momentum: 0.246
T_max: 1


Time: 24.11.2023 14:25:24
Accuracy: 0.4379191753647465

Optimizer: SGD
Learning Rate: 0.001
Scheduler: True
Weight decay: 0.001
Smoothing: 0
Batch size: 32
Momentum: 0.246
T_max: 1


Time: 24.11.2023 15:23:24
Accuracy: 0.43138946777239906

Optimizer: SGD
Learning Rate: 0.001
Scheduler: True
Weight decay: 0.001
Smoothing: 0
Batch size: 32
Momentum: 0.246
T_max: 1


Time: 24.11.2023 16:21:25
Accuracy: 0.4211359411577749

Optimizer: SGD
Learning Rate: 0.001
Scheduler: True
Weight decay: 0.001
Smoothing: 0
Batch size: 32
Momentum: 0.246
T_max: 1


Time: 24.11.2023 17:19:25
Accuracy: 0.4228938804269338

Optimizer: SGD
Learning Rate: 0.001
Scheduler: True
Weight decay: 0.001
Smoothing: 0
Batch size: 32
Momentum: 0.246
T_max: 1


Time: 24.11.2023 18:17:30
Accuracy: 0.4465711908302782

Optimizer: SGD
Learning Rate: 0.001
Scheduler: True
Weight decay: 0.001
Smoothing: 0
Batch size: 32
Momentum: 0.246
T_max: 1


Time: 24.11.2023 19:15:29
Accuracy: 0.43609975461774325

Optimizer: SGD
Learning Rate: 0.001
Scheduler: True
Weight decay: 0.001
Smoothing: 0
Batch size: 32
Momentum: 0.246
T_max: 1


Time: 24.11.2023 20:13:30
Accuracy: 0.43616234242296703

Optimizer: SGD
Learning Rate: 0.001
Scheduler: True
Weight decay: 0.001
Smoothing: 0
Batch size: 32
Momentum: 0.246
T_max: 1


Time: 24.11.2023 21:11:28
Accuracy: 0.4347537663564146

Optimizer: SGD
Learning Rate: 0.001
Scheduler: True
Weight decay: 0.001
Smoothing: 0
Batch size: 32
Momentum: 0.246
T_max: 1


Time: 24.11.2023 22:09:28
Accuracy: 0.43160779780710046

Optimizer: SGD
Learning Rate: 0.001
Scheduler: True
Weight decay: 0.001
Smoothing: 0
Batch size: 32
Momentum: 0.246
T_max: 1


Time: 24.11.2023 23:07:27
Accuracy: 0.4293214380315782

Optimizer: SGD
Learning Rate: 0.001
Scheduler: True
Weight decay: 0.001
Smoothing: 0
Batch size: 32
Momentum: 0.246
T_max: 1


Time: 25.11.2023 00:05:27
Accuracy: 0.4359037888596483

Optimizer: SGD
Learning Rate: 0.001
Scheduler: True
Weight decay: 0.001
Smoothing: 0
Batch size: 32
Momentum: 0.246
T_max: 1


Time: 25.11.2023 01:03:29
Accuracy: 0.4438920348775237

Optimizer: SGD
Learning Rate: 0.001
Scheduler: True
Weight decay: 0.001
Smoothing: 0
Batch size: 32
Momentum: 0.246
T_max: 1


Time: 25.11.2023 02:01:25
Accuracy: 0.4471657857863854

Optimizer: SGD
Learning Rate: 0.001
Scheduler: True
Weight decay: 0.001
Smoothing: 0
Batch size: 32
Momentum: 0.246
T_max: 1


Time: 25.11.2023 02:59:29
Accuracy: 0.44168961848604565

Optimizer: SGD
Learning Rate: 0.001
Scheduler: True
Weight decay: 0.001
Smoothing: 0
Batch size: 32
Momentum: 0.246
T_max: 1


Time: 25.11.2023 03:57:30
Accuracy: 0.4353991509710924

Optimizer: SGD
Learning Rate: 0.001
Scheduler: True
Weight decay: 0.001
Smoothing: 0
Batch size: 32
Momentum: 0.246
T_max: 1


Time: 25.11.2023 04:55:26
Accuracy: 0.43299170621628486

Optimizer: SGD
Learning Rate: 0.001
Scheduler: True
Weight decay: 0.001
Smoothing: 0
Batch size: 32
Momentum: 0.246
T_max: 1


Time: 25.11.2023 05:53:24
Accuracy: 0.432507725392895

Optimizer: SGD
Learning Rate: 0.001
Scheduler: True
Weight decay: 0.001
Smoothing: 0
Batch size: 32
Momentum: 0.246
T_max: 1


Time: 25.11.2023 06:51:26
Accuracy: 0.4310012304641625

Optimizer: SGD
Learning Rate: 0.001
Scheduler: True
Weight decay: 0.001
Smoothing: 0
Batch size: 32
Momentum: 0.246
T_max: 1


Time: 25.11.2023 07:49:27
Accuracy: 0.43655483817570856

Optimizer: SGD
Learning Rate: 0.001
Scheduler: True
Weight decay: 0.001
Smoothing: 0
Batch size: 32
Momentum: 0.246
T_max: 1


Time: 25.11.2023 08:47:27
Accuracy: 0.43055553599475055

Optimizer: SGD
Learning Rate: 0.001
Scheduler: True
Weight decay: 0.001
Smoothing: 0
Batch size: 32
Momentum: 0.246
T_max: 1


Time: 25.11.2023 09:45:28
Accuracy: 0.43431109432337317

Optimizer: SGD
Learning Rate: 0.001
Scheduler: True
Weight decay: 0.001
Smoothing: 0
Batch size: 32
Momentum: 0.246
T_max: 1


Time: 25.11.2023 10:43:27
Accuracy: 0.43134283276938234

Optimizer: SGD
Learning Rate: 0.001
Scheduler: True
Weight decay: 0.001
Smoothing: 0
Batch size: 32
Momentum: 0.246
T_max: 1


Time: 25.11.2023 11:41:23
Accuracy: 0.43454673859534165

Optimizer: SGD
Learning Rate: 0.001
Scheduler: True
Weight decay: 0.001
Smoothing: 0
Batch size: 32
Momentum: 0.246
T_max: 1


Time: 25.11.2023 12:39:19
Accuracy: 0.43461042871647987

Optimizer: SGD
Learning Rate: 0.001
Scheduler: True
Weight decay: 0.001
Smoothing: 0
Batch size: 32
Momentum: 0.246
T_max: 1


Time: 25.11.2023 13:37:19
Accuracy: 0.4575990540425109

Optimizer: SGD
Learning Rate: 0.001
Scheduler: True
Weight decay: 0.001
Smoothing: 0
Batch size: 32
Momentum: 0.246
T_max: 1


Time: 25.11.2023 14:35:24
Accuracy: 0.417470538008552

Optimizer: SGD
Learning Rate: 0.001
Scheduler: True
Weight decay: 0.001
Smoothing: 0
Batch size: 32
Momentum: 0.246
T_max: 1


Time: 25.11.2023 15:33:26
Accuracy: 0.44494542990691555

Optimizer: SGD
Learning Rate: 0.001
Scheduler: True
Weight decay: 0.001
Smoothing: 0
Batch size: 32
Momentum: 0.246
T_max: 1


Time: 25.11.2023 16:31:34
Accuracy: 0.44003208066886923

Optimizer: SGD
Learning Rate: 0.001
Scheduler: True
Weight decay: 0.001
Smoothing: 0
Batch size: 32
Momentum: 0.246
T_max: 1


Time: 25.11.2023 17:29:34
Accuracy: 0.4410656854689371

Optimizer: SGD
Learning Rate: 0.001
Scheduler: True
Weight decay: 0.001
Smoothing: 0
Batch size: 32
Momentum: 0.246
T_max: 1


Time: 25.11.2023 18:27:34
Accuracy: 0.4427626109980098

Optimizer: SGD
Learning Rate: 0.001
Scheduler: True
Weight decay: 0.001
Smoothing: 0
Batch size: 32
Momentum: 0.246
T_max: 1


Time: 25.11.2023 19:25:38
Accuracy: 0.42381117413525266

Optimizer: SGD
Learning Rate: 0.001
Scheduler: True
Weight decay: 0.001
Smoothing: 0
Batch size: 32
Momentum: 0.246
T_max: 1


Time: 25.11.2023 20:23:35
Accuracy: 0.4517988080934697

Optimizer: SGD
Learning Rate: 0.001
Scheduler: True
Weight decay: 0.001
Smoothing: 0
Batch size: 32
Momentum: 0.246
T_max: 1


Time: 25.11.2023 21:21:47
Accuracy: 0.4192757092573645

Optimizer: SGD
Learning Rate: 0.001
Scheduler: True
Weight decay: 0.001
Smoothing: 0
Batch size: 32
Momentum: 0.246
T_max: 1


Time: 25.11.2023 22:19:47
Accuracy: 0.43356239417464826

Optimizer: SGD
Learning Rate: 0.001
Scheduler: True
Weight decay: 0.001
Smoothing: 0
Batch size: 32
Momentum: 0.246
T_max: 1


Time: 25.11.2023 23:17:35
Accuracy: 0.43987188937270777

Optimizer: SGD
Learning Rate: 0.001
Scheduler: True
Weight decay: 0.001
Smoothing: 0
Batch size: 32
Momentum: 0.246
T_max: 1


Time: 26.11.2023 00:15:23
Accuracy: 0.4329998142411921

Optimizer: SGD
Learning Rate: 0.001
Scheduler: True
Weight decay: 0.001
Smoothing: 0
Batch size: 32
Momentum: 0.246
T_max: 1


Time: 26.11.2023 01:13:12
Accuracy: 0.42452570330213496

Optimizer: SGD
Learning Rate: 0.001
Scheduler: True
Weight decay: 0.001
Smoothing: 0
Batch size: 32
Momentum: 0.246
T_max: 1


Time: 26.11.2023 02:10:57
Accuracy: 0.4378742494177088

Optimizer: SGD
Learning Rate: 0.001
Scheduler: True
Weight decay: 0.001
Smoothing: 0
Batch size: 32
Momentum: 0.246
T_max: 1


Time: 26.11.2023 03:08:43
Accuracy: 0.4266974821421162

Optimizer: SGD
Learning Rate: 0.001
Scheduler: True
Weight decay: 0.001
Smoothing: 0
Batch size: 32
Momentum: 0.246
T_max: 1


Time: 26.11.2023 04:06:31
Accuracy: 0.43445828104164186

Optimizer: SGD
Learning Rate: 0.001
Scheduler: True
Weight decay: 0.001
Smoothing: 0
Batch size: 32
Momentum: 0.246
T_max: 1


Time: 26.11.2023 05:04:18
Accuracy: 0.4323907357804395

Optimizer: SGD
Learning Rate: 0.001
Scheduler: True
Weight decay: 0.001
Smoothing: 0
Batch size: 32
Momentum: 0.246
T_max: 1


Time: 26.11.2023 06:02:03
Accuracy: 0.4355803786184318

Optimizer: SGD
Learning Rate: 0.001
Scheduler: True
Weight decay: 0.001
Smoothing: 0
Batch size: 32
Momentum: 0.246
T_max: 1


Time: 26.11.2023 06:59:52
Accuracy: 0.4252908758622303

Optimizer: SGD
Learning Rate: 0.001
Scheduler: True
Weight decay: 0.001
Smoothing: 0
Batch size: 32
Momentum: 0.246
T_max: 1


Time: 26.11.2023 07:57:36
Accuracy: 0.4378104480309056

Optimizer: SGD
Learning Rate: 0.001
Scheduler: True
Weight decay: 0.001
Smoothing: 0
Batch size: 32
Momentum: 0.246
T_max: 1


Time: 26.11.2023 08:55:18
Accuracy: 0.43747466377868655

Optimizer: SGD
Learning Rate: 0.001
Scheduler: True
Weight decay: 0.001
Smoothing: 0
Batch size: 32
Momentum: 0.246
T_max: 1


Time: 26.11.2023 09:53:03
Accuracy: 0.431655002649346

Optimizer: SGD
Learning Rate: 0.001
Scheduler: True
Weight decay: 0.001
Smoothing: 0
Batch size: 32
Momentum: 0.246
T_max: 1


Time: 26.11.2023 10:50:56
Accuracy: 0.43197788323504727

Optimizer: SGD
Learning Rate: 0.001
Scheduler: True
Weight decay: 0.001
Smoothing: 0
Batch size: 32
Momentum: 0.246
T_max: 1


Time: 26.11.2023 11:48:44
Accuracy: 0.43248873906815133

Optimizer: SGD
Learning Rate: 0.001
Scheduler: True
Weight decay: 0.001
Smoothing: 0
Batch size: 32
Momentum: 0.246
T_max: 1


Time: 26.11.2023 12:46:29
Accuracy: 0.4290217520629911

Optimizer: SGD
Learning Rate: 0.001
Scheduler: True
Weight decay: 0.001
Smoothing: 0
Batch size: 32
Momentum: 0.246
T_max: 1


Time: 26.11.2023 13:44:20
Accuracy: 0.43158978910481594

Optimizer: SGD
Learning Rate: 0.001
Scheduler: True
Weight decay: 0.001
Smoothing: 0
Batch size: 32
Momentum: 0.246
T_max: 1


Time: 26.11.2023 14:42:08
Accuracy: 0.43997076191980317

Optimizer: SGD
Learning Rate: 0.001
Scheduler: True
Weight decay: 0.001
Smoothing: 0
Batch size: 32
Momentum: 0.246
T_max: 1


Time: 26.11.2023 15:39:59
Accuracy: 0.4660215965032043

Optimizer: SGD
Learning Rate: 0.001
Scheduler: True
Weight decay: 0.001
Smoothing: 0
Batch size: 32
Momentum: 0.246
T_max: 1


Time: 26.11.2023 16:37:47
Accuracy: 0.4348035556363081

Optimizer: SGD
Learning Rate: 0.001
Scheduler: True
Weight decay: 0.001
Smoothing: 0
Batch size: 32
Momentum: 0.246
T_max: 1


Time: 26.11.2023 17:35:37
Accuracy: 0.4474415711876516

Optimizer: SGD
Learning Rate: 0.001
Scheduler: True
Weight decay: 0.001
Smoothing: 0
Batch size: 32
Momentum: 0.246
T_max: 1


Time: 26.11.2023 18:33:29
Accuracy: 0.43123247560791833

Optimizer: SGD
Learning Rate: 0.001
Scheduler: True
Weight decay: 0.001
Smoothing: 0
Batch size: 32
Momentum: 0.246
T_max: 1


Time: 26.11.2023 19:31:18
Accuracy: 0.4294551666737861

Optimizer: SGD
Learning Rate: 0.001
Scheduler: True
Weight decay: 0.001
Smoothing: 0
Batch size: 32
Momentum: 0.246
T_max: 1


Time: 26.11.2023 20:29:03
Accuracy: 0.4348152998514611

Optimizer: SGD
Learning Rate: 0.001
Scheduler: True
Weight decay: 0.001
Smoothing: 0
Batch size: 32
Momentum: 0.246
T_max: 1


Time: 26.11.2023 21:26:49
Accuracy: 0.42130612470788276

Optimizer: SGD
Learning Rate: 0.001
Scheduler: True
Weight decay: 0.001
Smoothing: 0
Batch size: 32
Momentum: 0.246
T_max: 1


Time: 26.11.2023 22:24:36
Accuracy: 0.4429336375460721

Optimizer: SGD
Learning Rate: 0.001
Scheduler: True
Weight decay: 0.001
Smoothing: 0
Batch size: 32
Momentum: 0.246
T_max: 1


Time: 26.11.2023 23:22:23
Accuracy: 0.42050323448121074

Optimizer: SGD
Learning Rate: 0.001
Scheduler: True
Weight decay: 0.001
Smoothing: 0
Batch size: 32
Momentum: 0.246
T_max: 1


Time: 27.11.2023 00:20:09
Accuracy: 0.44036443111326246

Optimizer: SGD
Learning Rate: 0.001
Scheduler: True
Weight decay: 0.001
Smoothing: 0
Batch size: 32
Momentum: 0.246
T_max: 1


Time: 27.11.2023 01:18:01
Accuracy: 0.42531533969405544

Optimizer: SGD
Learning Rate: 0.001
Scheduler: True
Weight decay: 0.001
Smoothing: 0
Batch size: 32
Momentum: 0.246
T_max: 1


Time: 27.11.2023 02:15:47
Accuracy: 0.4464994939356353

Optimizer: SGD
Learning Rate: 0.001
Scheduler: True
Weight decay: 0.001
Smoothing: 0
Batch size: 32
Momentum: 0.246
T_max: 1


Time: 27.11.2023 03:13:40
Accuracy: 0.43558021856791673

Optimizer: SGD
Learning Rate: 0.001
Scheduler: True
Weight decay: 0.001
Smoothing: 0
Batch size: 32
Momentum: 0.246
T_max: 1


Time: 27.11.2023 04:11:31
Accuracy: 0.4238525745203078

Optimizer: SGD
Learning Rate: 0.001
Scheduler: True
Weight decay: 0.001
Smoothing: 0
Batch size: 32
Momentum: 0.246
T_max: 1


Time: 27.11.2023 05:09:18
Accuracy: 0.43619468922357674

Optimizer: SGD
Learning Rate: 0.001
Scheduler: True
Weight decay: 0.001
Smoothing: 0
Batch size: 32
Momentum: 0.246
T_max: 1


Time: 27.11.2023 06:07:03
Accuracy: 0.44583126622501135

Optimizer: SGD
Learning Rate: 0.001
Scheduler: True
Weight decay: 0.001
Smoothing: 0
Batch size: 32
Momentum: 0.246
T_max: 1


Time: 27.11.2023 07:04:50
Accuracy: 0.4349451620553067

Optimizer: SGD
Learning Rate: 0.001
Scheduler: True
Weight decay: 0.001
Smoothing: 0
Batch size: 32
Momentum: 0.246
T_max: 1


Time: 27.11.2023 08:02:43
Accuracy: 0.434081936072805

Optimizer: SGD
Learning Rate: 0.001
Scheduler: True
Weight decay: 0.001
Smoothing: 0
Batch size: 32
Momentum: 0.246
T_max: 1


Time: 27.11.2023 09:00:31
Accuracy: 0.42896333598853187

Optimizer: SGD
Learning Rate: 0.001
Scheduler: True
Weight decay: 0.001
Smoothing: 0
Batch size: 32
Momentum: 0.246
T_max: 1


Time: 27.11.2023 09:58:19
Accuracy: 0.43959064766165473

Optimizer: SGD
Learning Rate: 0.001
Scheduler: True
Weight decay: 0.001
Smoothing: 0
Batch size: 32
Momentum: 0.246
T_max: 1


