Run log.

Time: 30.10.2023 10:09:19
Average validation accuracy: 0.3778305557039216
Fold 1: 0.37374735814947524.
Fold 2: 0.36763347208634034.
Fold 3: 0.38268778996328584.
Fold 4: 0.40433420495646727.
Fold 5: 0.36074995336403914.
Optimizer: Adam
Learning Rate: 1e-05
Scheduler: False
Weight decay: 0.001
Smoothing: 0.0431
Batch size: 32


Time: 30.10.2023 10:18:37
Average validation accuracy: 0.3932631968468588
Fold 1: 0.3938606779684191.
Fold 2: 0.3709282819880991.
Fold 3: 0.40573259246312027.
Fold 4: 0.3876823403246042.
Fold 5: 0.40811209149005123.
Optimizer: SGD
Learning Rate: 0.001
Scheduler: True
Weight decay: 1e-05
Smoothing: 0
Batch size: 32
Momentum: 0
T_max: 0.415


Time: 30.10.2023 10:25:10
Average validation accuracy: 0.37980879406577706
Fold 1: 0.39294437922070374.
Fold 2: 0.36429725717236383.
Fold 3: 0.36372052108358915.
Fold 4: 0.39153618815457747.
Fold 5: 0.38654562469765114.
Optimizer: Adam
Learning Rate: 0.0001
Scheduler: False
Weight decay: 0.001
Smoothing: 0.00616
Batch size: 64


Time: 30.10.2023 10:56:16
Average validation accuracy: 0.367838730348224
Fold 1: 0.3857375020012491.
Fold 2: 0.3792885799072763.
Fold 3: 0.3347501651132074.
Fold 4: 0.3345193038526181.
Fold 5: 0.4048981008667688.
Optimizer: SGD
Learning Rate: 1e-05
Scheduler: True
Weight decay: 1e-05
Smoothing: 0
Batch size: 32
Momentum: 0.86
T_max: 1


Time: 30.10.2023 11:06:30
Average validation accuracy: 0.3731635899078787
Fold 1: 0.39263720135558033.
Fold 2: 0.38784552279723633.
Fold 3: 0.3598478403614413.
Fold 4: 0.36944198268097056.
Fold 5: 0.3560454023441649.
Optimizer: SGD
Learning Rate: 0.001
Scheduler: True
Weight decay: 0.001
Smoothing: 0.0359
Batch size: 128
Momentum: 0
T_max: 1


Time: 30.10.2023 11:44:30
Average validation accuracy: 0.3826918943924859
Fold 1: 0.3962086600925031.
Fold 2: 0.34953316619587177.
Fold 3: 0.41496442230239555.
Fold 4: 0.36568736264477353.
Fold 5: 0.38706586072688554.
Optimizer: SGD
Learning Rate: 0.001
Scheduler: False
Weight decay: 0.0001
Smoothing: 0.00487
Batch size: 128
Momentum: 0


Time: 30.10.2023 12:13:17
Average validation accuracy: 0.25587869687816445
Fold 1: 0.3227069978616028.
Fold 2: 0.1522037600928781.
Fold 3: 0.3641620328902023.
Fold 4: 0.15053484524229777.
Fold 5: 0.2897858483038413.
Optimizer: SGD
Learning Rate: 1e-05
Scheduler: True
Weight decay: 1e-05
Smoothing: 0
Batch size: 128
Momentum: 0.817
T_max: 0.766


Time: 30.10.2023 12:18:05
Average validation accuracy: 0.40893416610212674
Fold 1: 0.40859298665838983.
Fold 2: 0.3870704590991868.
Fold 3: 0.40967141111695565.
Fold 4: 0.42600561661262204.
Fold 5: 0.4133303570234793.
Optimizer: Adam
Learning Rate: 0.01
Scheduler: False
Weight decay: 0.0001
Smoothing: 0.043
Batch size: 128


Time: 30.10.2023 12:26:14
Average validation accuracy: 0.15279912091657216
Fold 1: 0.15001062649795166.
Fold 2: 0.14890481728929358.
Fold 3: 0.17376433505500374.
Fold 4: 0.13949140361194515.
Fold 5: 0.15182442212866665.
Optimizer: SGD
Learning Rate: 1e-05
Scheduler: True
Weight decay: 1e-05
Smoothing: 0
Batch size: 128
Momentum: 0.227
T_max: 0.415


Time: 30.10.2023 12:30:52
Average validation accuracy: 0.14286590860727658
Fold 1: 0.14260303436837662.
Fold 2: 0.13895744791605705.
Fold 3: 0.1471268436617943.
Fold 4: 0.15031272808896598.
Fold 5: 0.1353294890011889.
Optimizer: SGD
Learning Rate: 1e-05
Scheduler: True
Weight decay: 0
Smoothing: 0
Batch size: 128
Momentum: 0
T_max: 1


Time: 30.10.2023 13:01:23
Average validation accuracy: 0.2072560580208246
Fold 1: 0.29373723010367564.
Fold 2: 0.16833938041077556.
Fold 3: 0.14147535562024796.
Fold 4: 0.30091397896905925.
Fold 5: 0.13181434500036454.
Optimizer: SGD
Learning Rate: 1e-05
Scheduler: True
Weight decay: 0.0001
Smoothing: 0
Batch size: 64
Momentum: 0.504
T_max: 0.516


Time: 30.10.2023 13:11:45
Average validation accuracy: 0.41395784326238816
Fold 1: 0.41558806395677694.
Fold 2: 0.4018932111412058.
Fold 3: 0.41797622848223137.
Fold 4: 0.4051712881632898.
Fold 5: 0.4291604245684367.
Optimizer: Adam
Learning Rate: 0.01
Scheduler: False
Weight decay: 0.001
Smoothing: 0.0144
Batch size: 64


Time: 30.10.2023 13:21:39
Average validation accuracy: 0.37680551963846887
Fold 1: 0.38251649399768656.
Fold 2: 0.36933239092459574.
Fold 3: 0.37546683854560453.
Fold 4: 0.39201614747047875.
Fold 5: 0.3646957272539787.
Optimizer: SGD
Learning Rate: 0.001
Scheduler: True
Weight decay: 0.001
Smoothing: 0.0328
Batch size: 128
Momentum: 0
T_max: 0.574


Time: 30.10.2023 13:47:17
Average validation accuracy: 0.17354358241441598
Fold 1: 0.13797177222439516.
Fold 2: 0.13402356814827054.
Fold 3: 0.14914370274434569.
Fold 4: 0.1503373067478891.
Fold 5: 0.29624156220717934.
Optimizer: SGD
Learning Rate: 1e-05
Scheduler: True
Weight decay: 0.0001
Smoothing: 0.0222
Batch size: 64
Momentum: 0
T_max: 1


Time: 30.10.2023 13:52:33
Average validation accuracy: 0.39461695120333323
Fold 1: 0.41886325178749423.
Fold 2: 0.3498216359081408.
Fold 3: 0.3973476747942408.
Fold 4: 0.41397545658665147.
Fold 5: 0.393076736940139.
Optimizer: SGD
Learning Rate: 0.01
Scheduler: False
Weight decay: 1e-05
Smoothing: 0
Batch size: 64
Momentum: 0.0944


Time: 30.10.2023 13:58:55
Average validation accuracy: 0.3860872627854284
Fold 1: 0.40567402541117775.
Fold 2: 0.3650179524991368.
Fold 3: 0.4063517045419088.
Fold 4: 0.38040049304831325.
Fold 5: 0.37299213842660534.
Optimizer: Adam
Learning Rate: 0.0001
Scheduler: False
Weight decay: 0.0001
Smoothing: 0.00599
Batch size: 64


Time: 30.10.2023 14:24:31
Average validation accuracy: 0.36025569054481865
Fold 1: 0.36360362868387164.
Fold 2: 0.3610250055649534.
Fold 3: 0.3597205640338231.
Fold 4: 0.35627965395087685.
Fold 5: 0.3606496004905684.
Optimizer: SGD
Learning Rate: 0.0001
Scheduler: False
Weight decay: 0
Smoothing: 0.0219
Batch size: 32
Momentum: 0.0645


Time: 30.10.2023 14:38:36
Average validation accuracy: 0.3741307670442024
Fold 1: 0.356763649358266.
Fold 2: 0.3808782894562463.
Fold 3: 0.37369641942564.
Fold 4: 0.3912405669178951.
Fold 5: 0.36807491006296456.
Optimizer: Adam
Learning Rate: 1e-05
Scheduler: False
Weight decay: 0
Smoothing: 0.0337
Batch size: 64


Time: 30.10.2023 14:43:38
Average validation accuracy: 0.3975535231302681
Fold 1: 0.3768106058743539.
Fold 2: 0.40769179722161586.
Fold 3: 0.3828839329308788.
Fold 4: 0.40252222313658764.
Fold 5: 0.41785905648790417.
Optimizer: SGD
Learning Rate: 0.01
Scheduler: True
Weight decay: 1e-05
Smoothing: 0
Batch size: 128
Momentum: 0
T_max: 0.734


Time: 30.10.2023 14:57:49
Average validation accuracy: 0.3784358309716983
Fold 1: 0.39487959503052283.
Fold 2: 0.36365843600501974.
Fold 3: 0.39249524594025453.
Fold 4: 0.36393849008132134.
Fold 5: 0.3772073878013731.
Optimizer: SGD
Learning Rate: 0.0001
Scheduler: False
Weight decay: 0.001
Smoothing: 0.00918
Batch size: 64
Momentum: 0.759


Time: 30.10.2023 15:08:52
Average validation accuracy: 0.39522011850043315
Fold 1: 0.36622110905724325.
Fold 2: 0.3905434517461689.
Fold 3: 0.409147597441317.
Fold 4: 0.4023997990113966.
Fold 5: 0.4077886352460401.
Optimizer: SGD
Learning Rate: 0.001
Scheduler: False
Weight decay: 0.001
Smoothing: 0.0496
Batch size: 64
Momentum: 0.187


Time: 30.10.2023 15:16:26
Average validation accuracy: 0.4137898490286826
Fold 1: 0.39891791675294275.
Fold 2: 0.41970203365812164.
Fold 3: 0.43097695101351546.
Fold 4: 0.3954749675927232.
Fold 5: 0.42387737612611.
Optimizer: Adam
Learning Rate: 0.001
Scheduler: False
Weight decay: 0
Smoothing: 0.0092
Batch size: 32


Time: 30.10.2023 15:38:42
Average validation accuracy: 0.182469699078034
Fold 1: 0.15242038871661662.
Fold 2: 0.14104152425710073.
Fold 3: 0.14772897978764143.
Fold 4: 0.30127808800826894.
Fold 5: 0.1698795146205423.
Optimizer: SGD
Learning Rate: 1e-05
Scheduler: True
Weight decay: 0.0001
Smoothing: 0
Batch size: 32
Momentum: 0
T_max: 0.709


Time: 30.10.2023 15:48:56
Average validation accuracy: 0.4058871913688812
Fold 1: 0.40033619716634317.
Fold 2: 0.4033964775820068.
Fold 3: 0.39998447842488427.
Fold 4: 0.4112346866189698.
Fold 5: 0.41448411705220173.
Optimizer: Adam
Learning Rate: 0.01
Scheduler: False
Weight decay: 0.0001
Smoothing: 0.0394
Batch size: 32


Time: 30.10.2023 15:58:51
Average validation accuracy: 0.3775105022815934
Fold 1: 0.38889294489729515.
Fold 2: 0.3677972438977849.
Fold 3: 0.3724276302260755.
Fold 4: 0.37703325625638573.
Fold 5: 0.38140143613042554.
Optimizer: SGD
Learning Rate: 0.001
Scheduler: False
Weight decay: 0.001
Smoothing: 0.0177
Batch size: 128
Momentum: 0


Time: 30.10.2023 16:32:00
Average validation accuracy: 0.3782660358576605
Fold 1: 0.4048955374464531.
Fold 2: 0.36090020371473536.
Fold 3: 0.3911444526946871.
Fold 4: 0.37069494955815435.
Fold 5: 0.3636950358742727.
Optimizer: SGD
Learning Rate: 0.001
Scheduler: False
Weight decay: 0
Smoothing: 0.000746
Batch size: 128
Momentum: 0


Time: 30.10.2023 16:39:31
Average validation accuracy: 0.4033666665311513
Fold 1: 0.39804981987501037.
Fold 2: 0.40078591944169617.
Fold 3: 0.4232798969505152.
Fold 4: 0.40396543418650877.
Fold 5: 0.3907522622020259.
Optimizer: SGD
Learning Rate: 0.01
Scheduler: True
Weight decay: 0.001
Smoothing: 0
Batch size: 32
Momentum: 0
T_max: 1


Time: 30.10.2023 16:48:22
Average validation accuracy: 0.3807362383287281
Fold 1: 0.3815350515056372.
Fold 2: 0.39977074851197325.
Fold 3: 0.35668449987903117.
Fold 4: 0.3708950195495362.
Fold 5: 0.3947958721974627.
Optimizer: SGD
Learning Rate: 0.001
Scheduler: False
Weight decay: 0
Smoothing: 0
Batch size: 32
Momentum: 0


Time: 30.10.2023 16:57:34
Average validation accuracy: 0.385126462788069
Fold 1: 0.3664059687479399.
Fold 2: 0.422789379174353.
Fold 3: 0.3926189563039878.
Fold 4: 0.3803316783824607.
Fold 5: 0.3634863313316038.
Optimizer: SGD
Learning Rate: 0.001
Scheduler: False
Weight decay: 1e-05
Smoothing: 0.046
Batch size: 64
Momentum: 0.591


Time: 30.10.2023 17:06:34
Average validation accuracy: 0.3901694384117643
Fold 1: 0.3867970098522769.
Fold 2: 0.40835962999926967.
Fold 3: 0.39803745519292394.
Fold 4: 0.3648291690087111.
Fold 5: 0.39282392800564014.
Optimizer: Adam
Learning Rate: 0.0001
Scheduler: False
Weight decay: 0.0001
Smoothing: 0.037
Batch size: 32


Time: 30.10.2023 17:14:48
Average validation accuracy: 0.3799172300790968
Fold 1: 0.37043634165492345.
Fold 2: 0.37788196989664957.
Fold 3: 0.38363114807624293.
Fold 4: 0.37988142508176287.
Fold 5: 0.38775526568590524.
Optimizer: SGD
Learning Rate: 0.001
Scheduler: False
Weight decay: 0.001
Smoothing: 0
Batch size: 64
Momentum: 0


Time: 30.10.2023 17:23:21
Average validation accuracy: 0.40362422215346416
Fold 1: 0.40535326623868134.
Fold 2: 0.4162257716783813.
Fold 3: 0.39906918370973365.
Fold 4: 0.4084248102040521.
Fold 5: 0.38904807893647286.
Optimizer: SGD
Learning Rate: 0.01
Scheduler: True
Weight decay: 0.0001
Smoothing: 0.0323
Batch size: 32
Momentum: 0.127
T_max: 0.754


Time: 30.10.2023 17:32:29
Average validation accuracy: 0.37905555365637983
Fold 1: 0.37841190863359697.
Fold 2: 0.3528675364434547.
Fold 3: 0.39365148889120166.
Fold 4: 0.3954591055608273.
Fold 5: 0.37488772875281823.
Optimizer: SGD
Learning Rate: 0.001
Scheduler: False
Weight decay: 1e-05
Smoothing: 0
Batch size: 128
Momentum: 0.0343


Time: 30.10.2023 17:37:40
Average validation accuracy: 0.4077943532556897
Fold 1: 0.42316678547518916.
Fold 2: 0.41412414920897767.
Fold 3: 0.4048962957388047.
Fold 4: 0.39690290156554736.
Fold 5: 0.39988163428992957.
Optimizer: Adam
Learning Rate: 0.01
Scheduler: False
Weight decay: 0
Smoothing: 0
Batch size: 64


Time: 30.10.2023 17:44:59
Average validation accuracy: 0.3975921429164468
Fold 1: 0.39977331614290834.
Fold 2: 0.4047979374983806.
Fold 3: 0.3904686899141415.
Fold 4: 0.3950127568627966.
Fold 5: 0.39790801416400673.
Optimizer: Adam
Learning Rate: 0.001
Scheduler: False
Weight decay: 0
Smoothing: 0.0355
Batch size: 32


Time: 30.10.2023 17:50:10
Average validation accuracy: 0.38749226339277937
Fold 1: 0.365254666494218.
Fold 2: 0.39330484544203853.
Fold 3: 0.39177646334147537.
Fold 4: 0.38075890128133255.
Fold 5: 0.4063664404048324.
Optimizer: SGD
Learning Rate: 0.01
Scheduler: True
Weight decay: 0.001
Smoothing: 0.00109
Batch size: 128
Momentum: 0
T_max: 1


Time: 30.10.2023 17:57:29
Average validation accuracy: 0.3909750209290105
Fold 1: 0.37890009548541875.
Fold 2: 0.4075186955372687.
Fold 3: 0.3699759651826438.
Fold 4: 0.4203801423054231.
Fold 5: 0.3781002061342984.
Optimizer: SGD
Learning Rate: 0.001
Scheduler: False
Weight decay: 0
Smoothing: 0.0264
Batch size: 64
Momentum: 0.661


Time: 30.10.2023 18:04:19
Average validation accuracy: 0.39894204766986296
Fold 1: 0.38685515213190624.
Fold 2: 0.4025757951500998.
Fold 3: 0.38863241014840905.
Fold 4: 0.41272301655963567.
Fold 5: 0.4039238643592642.
Optimizer: Adam
Learning Rate: 0.001
Scheduler: False
Weight decay: 0
Smoothing: 0
Batch size: 32


Time: 30.10.2023 18:09:26
Average validation accuracy: 0.40709459101951984
Fold 1: 0.40183546991178676.
Fold 2: 0.3941521379690794.
Fold 3: 0.40590247134301893.
Fold 4: 0.4283635841057146.
Fold 5: 0.4052192917679997.
Optimizer: Adam
Learning Rate: 0.01
Scheduler: False
Weight decay: 0
Smoothing: 0
Batch size: 64


Time: 30.10.2023 18:23:59
Average validation accuracy: 0.3750176387765345
Fold 1: 0.3612413355545878.
Fold 2: 0.3517048878621452.
Fold 3: 0.425949692943521.
Fold 4: 0.3745896122566382.
Fold 5: 0.3616026652657802.
Optimizer: Adam
Learning Rate: 1e-05
Scheduler: False
Weight decay: 0.001
Smoothing: 0
Batch size: 32


Time: 30.10.2023 18:52:05
Average validation accuracy: 0.272981293191271
Fold 1: 0.3321901849996565.
Fold 2: 0.3340280563964774.
Fold 3: 0.14861774135049557.
Fold 4: 0.3523628684037612.
Fold 5: 0.19770761480596444.
Optimizer: SGD
Learning Rate: 1e-05
Scheduler: True
Weight decay: 0.001
Smoothing: 0.039
Batch size: 32
Momentum: 0.714
T_max: 0.329


Time: 30.10.2023 18:57:43
Average validation accuracy: 0.3965474784814108
Fold 1: 0.3814842585928093.
Fold 2: 0.40808992159086865.
Fold 3: 0.39356893351693484.
Fold 4: 0.40121277781055253.
Fold 5: 0.3983815008958887.
Optimizer: Adam
Learning Rate: 0.001
Scheduler: False
Weight decay: 1e-05
Smoothing: 0.0311
Batch size: 64


Time: 30.10.2023 19:06:15
Average validation accuracy: 0.38330836432301807
Fold 1: 0.38431914737805867.
Fold 2: 0.3820233645983405.
Fold 3: 0.38882482495707743.
Fold 4: 0.3640097511336242.
Fold 5: 0.39736473354798957.
Optimizer: SGD
Learning Rate: 0.001
Scheduler: False
Weight decay: 0.001
Smoothing: 0
Batch size: 64
Momentum: 0


Time: 30.10.2023 19:18:41
Average validation accuracy: 0.3819439397214229
Fold 1: 0.37287942268354746.
Fold 2: 0.36743014937103735.
Fold 3: 0.40307035796101.
Fold 4: 0.37475008158958467.
Fold 5: 0.391589687001935.
Optimizer: Adam
Learning Rate: 1e-05
Scheduler: False
Weight decay: 0.001
Smoothing: 0
Batch size: 64


Time: 30.10.2023 19:26:11
Average validation accuracy: 0.4063876044292041
Fold 1: 0.38688536870123363.
Fold 2: 0.418040455830617.
Fold 3: 0.42187091301470137.
Fold 4: 0.39494829594256237.
Fold 5: 0.4101929886569059.
Optimizer: Adam
Learning Rate: 0.001
Scheduler: False
Weight decay: 0.0001
Smoothing: 0.0135
Batch size: 32


Time: 30.10.2023 19:44:22
Average validation accuracy: 0.3841105802464605
Fold 1: 0.368002654969793.
Fold 2: 0.36905423986152575.
Fold 3: 0.39673309097084075.
Fold 4: 0.38642717034343327.
Fold 5: 0.40033574508670966.
Optimizer: Adam
Learning Rate: 1e-05
Scheduler: False
Weight decay: 0.0001
Smoothing: 0.0116
Batch size: 32


Time: 30.10.2023 19:49:48
Average validation accuracy: 0.3911976203402997
Fold 1: 0.41758338369891.
Fold 2: 0.39221588364449994.
Fold 3: 0.39595618027891943.
Fold 4: 0.3803180058453458.
Fold 5: 0.36991464823382303.
Optimizer: SGD
Learning Rate: 0.01
Scheduler: True
Weight decay: 0.0001
Smoothing: 0
Batch size: 64
Momentum: 0.256
T_max: 0.373


Time: 30.10.2023 20:06:06
Average validation accuracy: 0.36993745840259107
Fold 1: 0.3722286104471601.
Fold 2: 0.37558427065813765.
Fold 3: 0.3650801404769901.
Fold 4: 0.3585644989609635.
Fold 5: 0.37822977146970377.
Optimizer: Adam
Learning Rate: 1e-05
Scheduler: False
Weight decay: 0.001
Smoothing: 0.00254
Batch size: 32


Time: 30.10.2023 20:27:23
Average validation accuracy: 0.3238999635790524
Fold 1: 0.33038111296299977.
Fold 2: 0.3780413192001582.
Fold 3: 0.3719142668656614.
Fold 4: 0.17274021571342402.
Fold 5: 0.36642290315301834.
Optimizer: SGD
Learning Rate: 0.0001
Scheduler: False
Weight decay: 0.0001
Smoothing: 0
Batch size: 64
Momentum: 0


Time: 30.10.2023 21:00:48
Average validation accuracy: 0.3579202023226998
Fold 1: 0.3505846417698083.
Fold 2: 0.32589560351116065.
Fold 3: 0.3554805815956426.
Fold 4: 0.3747491237923927.
Fold 5: 0.3828910609444943.
Optimizer: SGD
Learning Rate: 0.0001
Scheduler: False
Weight decay: 0.001
Smoothing: 0
Batch size: 128
Momentum: 0


Time: 30.10.2023 21:05:06
Average validation accuracy: 0.40052444477764554
Fold 1: 0.39778951267672075.
Fold 2: 0.41349540453594746.
Fold 3: 0.405804046387579.
Fold 4: 0.39095187778036167.
Fold 5: 0.39458138250761876.
Optimizer: Adam
Learning Rate: 0.01
Scheduler: False
Weight decay: 1e-05
Smoothing: 0
Batch size: 128


Time: 30.10.2023 21:17:09
Average validation accuracy: 0.21155985949431416
Fold 1: 0.38452653025033207.
Fold 2: 0.17802455039614135.
Fold 3: 0.13960744427716712.
Fold 4: 0.20614120805091699.
Fold 5: 0.14949956449701332.
Optimizer: SGD
Learning Rate: 0.0001
Scheduler: False
Weight decay: 0
Smoothing: 0.0204
Batch size: 128
Momentum: 0


Time: 30.10.2023 21:25:55
Average validation accuracy: 0.3719466775816399
Fold 1: 0.3546395756936741.
Fold 2: 0.37068665242936405.
Fold 3: 0.37997109222808473.
Fold 4: 0.3896811267477812.
Fold 5: 0.36475494080929527.
Optimizer: SGD
Learning Rate: 0.001
Scheduler: False
Weight decay: 0
Smoothing: 0
Batch size: 32
Momentum: 0


Time: 30.10.2023 21:30:23
Average validation accuracy: 0.4050659305959684
Fold 1: 0.41788926972776486.
Fold 2: 0.40051433057945857.
Fold 3: 0.4113866651058926.
Fold 4: 0.39478599818168725.
Fold 5: 0.40075338938503846.
Optimizer: Adam
Learning Rate: 0.01
Scheduler: False
Weight decay: 0.0001
Smoothing: 0.00545
Batch size: 128


Time: 30.10.2023 21:55:24
Average validation accuracy: 0.30098513444798397
Fold 1: 0.1495853898033265.
Fold 2: 0.3362232974112246.
Fold 3: 0.3590013869270031.
Fold 4: 0.33251988330912174.
Fold 5: 0.327595714789244.
Optimizer: SGD
Learning Rate: 0.0001
Scheduler: False
Weight decay: 1e-05
Smoothing: 0
Batch size: 128
Momentum: 0


Time: 30.10.2023 22:02:25
Average validation accuracy: 0.40748712160266914
Fold 1: 0.39416604643615677.
Fold 2: 0.41622175633926317.
Fold 3: 0.39823029917839226.
Fold 4: 0.4104425342707676.
Fold 5: 0.41837497178876626.
Optimizer: Adam
Learning Rate: 0.01
Scheduler: False
Weight decay: 1e-05
Smoothing: 0
Batch size: 32


Time: 30.10.2023 22:08:54
Average validation accuracy: 0.3958297424299421
Fold 1: 0.38990451360840295.
Fold 2: 0.40381987658327256.
Fold 3: 0.4062823185380212.
Fold 4: 0.3885990218513577.
Fold 5: 0.39054298156865597.
Optimizer: Adam
Learning Rate: 0.0001
Scheduler: False
Weight decay: 1e-05
Smoothing: 0.0434
Batch size: 64


Time: 30.10.2023 22:13:58
Average validation accuracy: 0.3851811786880666
Fold 1: 0.3716138660920773.
Fold 2: 0.38480682210301775.
Fold 3: 0.3706995884182958.
Fold 4: 0.3797151726902996.
Fold 5: 0.4190704441366425.
Optimizer: Adam
Learning Rate: 0.0001
Scheduler: False
Weight decay: 0.001
Smoothing: 0
Batch size: 128


Time: 30.10.2023 22:18:21
Average validation accuracy: 0.41458801788816124
Fold 1: 0.42309610207000503.
Fold 2: 0.41718219779543114.
Fold 3: 0.4135118288818786.
Fold 4: 0.4052639134730562.
Fold 5: 0.4138860472204353.
Optimizer: Adam
Learning Rate: 0.001
Scheduler: False
Weight decay: 1e-05
Smoothing: 0
Batch size: 128


Time: 30.10.2023 22:26:06
Average validation accuracy: 0.39388738402247825
Fold 1: 0.40401030399460525.
Fold 2: 0.40701476844879747.
Fold 3: 0.37498452962160667.
Fold 4: 0.3775037549038247.
Fold 5: 0.40592356314355726.
Optimizer: SGD
Learning Rate: 0.001
Scheduler: True
Weight decay: 1e-05
Smoothing: 0
Batch size: 32
Momentum: 0.725
T_max: 0.974


Time: 30.10.2023 22:47:59
Average validation accuracy: 0.36926257427074727
Fold 1: 0.3626594393674054.
Fold 2: 0.3649137064558053.
Fold 3: 0.36568011976241666.
Fold 4: 0.38853592593402886.
Fold 5: 0.36452367983408024.
Optimizer: SGD
Learning Rate: 0.0001
Scheduler: True
Weight decay: 0.0001
Smoothing: 0.0352
Batch size: 64
Momentum: 0.492
T_max: 1


Time: 30.10.2023 22:58:43
Average validation accuracy: 0.3856833653958229
Fold 1: 0.36183182975316486.
Fold 2: 0.37325256743306423.
Fold 3: 0.3962714567710279.
Fold 4: 0.4107611934931597.
Fold 5: 0.38629977952869776.
Optimizer: SGD
Learning Rate: 0.001
Scheduler: False
Weight decay: 0
Smoothing: 0
Batch size: 128
Momentum: 0


Time: 30.10.2023 23:11:34
Average validation accuracy: 0.36840241066699486
Fold 1: 0.37515997513602467.
Fold 2: 0.3736563959310906.
Fold 3: 0.3568383534911094.
Fold 4: 0.36315997019403734.
Fold 5: 0.3731973585827124.
Optimizer: Adam
Learning Rate: 1e-05
Scheduler: False
Weight decay: 0.001
Smoothing: 0
Batch size: 64


Time: 30.10.2023 23:21:30
Average validation accuracy: 0.3836267046995586
Fold 1: 0.37390589428762755.
Fold 2: 0.3792520424572247.
Fold 3: 0.37436061033398604.
Fold 4: 0.40705385736985944.
Fold 5: 0.3835611190490956.
Optimizer: SGD
Learning Rate: 0.001
Scheduler: False
Weight decay: 0.001
Smoothing: 8.43e-05
Batch size: 32
Momentum: 0.36


Time: 30.10.2023 23:29:52
Average validation accuracy: 0.4142432651778318
Fold 1: 0.3939132537940403.
Fold 2: 0.42834611276471124.
Fold 3: 0.3994021797616043.
Fold 4: 0.4230756690982952.
Fold 5: 0.4264791104705077.
Optimizer: Adam
Learning Rate: 0.001
Scheduler: False
Weight decay: 0.001
Smoothing: 0.0226
Batch size: 32


Time: 30.10.2023 23:36:27
Average validation accuracy: 0.3869095529175317
Fold 1: 0.38595779972066685.
Fold 2: 0.3929532102423464.
Fold 3: 0.3806958285538082.
Fold 4: 0.40218604529733637.
Fold 5: 0.37275488077350066.
Optimizer: Adam
Learning Rate: 0.0001
Scheduler: False
Weight decay: 1e-05
Smoothing: 0.0397
Batch size: 64


Time: 31.10.2023 00:19:49
Average validation accuracy: 0.2637747730253079
Fold 1: 0.15282481618495158.
Fold 2: 0.3116870436165283.
Fold 3: 0.344392400205948.
Fold 4: 0.1808905279318969.
Fold 5: 0.3290790771872147.
Optimizer: SGD
Learning Rate: 1e-05
Scheduler: False
Weight decay: 0.001
Smoothing: 0
Batch size: 32
Momentum: 0.344


Time: 31.10.2023 00:29:00
Average validation accuracy: 0.3965878186635757
Fold 1: 0.40348707861224287.
Fold 2: 0.4087577304632765.
Fold 3: 0.40049337283434405.
Fold 4: 0.3806628037810104.
Fold 5: 0.3895381076270043.
Optimizer: Adam
Learning Rate: 0.01
Scheduler: False
Weight decay: 0.001
Smoothing: 0
Batch size: 32


Time: 31.10.2023 00:34:05
Average validation accuracy: 0.38678565723202857
Fold 1: 0.3841660106569579.
Fold 2: 0.3781962348946629.
Fold 3: 0.3913333504908866.
Fold 4: 0.39831197747618796.
Fold 5: 0.38192071264144745.
Optimizer: Adam
Learning Rate: 0.0001
Scheduler: False
Weight decay: 0.0001
Smoothing: 0
Batch size: 128


Time: 31.10.2023 00:39:16
Average validation accuracy: 0.40467760320470153
Fold 1: 0.4000733575866026.
Fold 2: 0.40722288607720825.
Fold 3: 0.4101319568953199.
Fold 4: 0.40494548487741977.
Fold 5: 0.40101433058695685.
Optimizer: Adam
Learning Rate: 0.01
Scheduler: False
Weight decay: 1e-05
Smoothing: 0
Batch size: 64


Time: 31.10.2023 01:07:05
Average validation accuracy: 0.3166801275557235
Fold 1: 0.3526033460984007.
Fold 2: 0.3723652993685702.
Fold 3: 0.35597812698307135.
Fold 4: 0.15078996982893295.
Fold 5: 0.3516638954996423.
Optimizer: SGD
Learning Rate: 0.0001
Scheduler: False
Weight decay: 0.0001
Smoothing: 0.0196
Batch size: 128
Momentum: 0.0106


Time: 31.10.2023 01:15:38
Average validation accuracy: 0.16215177994064656
Fold 1: 0.15104477500420976.
Fold 2: 0.1502638442183668.
Fold 3: 0.15955114413305463.
Fold 4: 0.16910394811979845.
Fold 5: 0.1807951882278032.
Optimizer: SGD
Learning Rate: 1e-05
Scheduler: False
Weight decay: 1e-05
Smoothing: 0
Batch size: 64
Momentum: 0


Time: 31.10.2023 01:26:00
Average validation accuracy: 0.3799246031886018
Fold 1: 0.3845915243571235.
Fold 2: 0.36123269707319733.
Fold 3: 0.3668031533480943.
Fold 4: 0.3834033693505743.
Fold 5: 0.4035922718140194.
Optimizer: SGD
Learning Rate: 0.001
Scheduler: False
Weight decay: 0.0001
Smoothing: 0.0499
Batch size: 64
Momentum: 0


Time: 31.10.2023 01:56:19
Average validation accuracy: 0.34699854372825517
Fold 1: 0.3512734139315465.
Fold 2: 0.35160402521344924.
Fold 3: 0.3244380051547621.
Fold 4: 0.32793903525194223.
Fold 5: 0.3797382390895758.
Optimizer: SGD
Learning Rate: 0.0001
Scheduler: False
Weight decay: 0.001
Smoothing: 0.0332
Batch size: 64
Momentum: 0


Time: 31.10.2023 02:05:00
Average validation accuracy: 0.3872855707492266
Fold 1: 0.3949533179057582.
Fold 2: 0.3849919586649595.
Fold 3: 0.38444196915513207.
Fold 4: 0.36805961047604613.
Fold 5: 0.40398099754423705.
Optimizer: SGD
Learning Rate: 0.001
Scheduler: False
Weight decay: 1e-05
Smoothing: 0.0206
Batch size: 128
Momentum: 0.352


Time: 31.10.2023 02:12:45
Average validation accuracy: 0.14521449683898985
Fold 1: 0.13867366330005065.
Fold 2: 0.14279667011643227.
Fold 3: 0.15618703401072015.
Fold 4: 0.15312281868076325.
Fold 5: 0.13529229808698298.
Optimizer: SGD
Learning Rate: 1e-05
Scheduler: True
Weight decay: 0.001
Smoothing: 0.0307
Batch size: 64
Momentum: 0
T_max: 0.756


Time: 31.10.2023 02:20:15
Average validation accuracy: 0.4122526472037921
Fold 1: 0.40996585224037657.
Fold 2: 0.4280774216394387.
Fold 3: 0.39378650985274666.
Fold 4: 0.41771728522385176.
Fold 5: 0.4117161670625472.
Optimizer: Adam
Learning Rate: 0.001
Scheduler: False
Weight decay: 0.0001
Smoothing: 0.0399
Batch size: 32


Time: 31.10.2023 02:27:02
Average validation accuracy: 0.4043734783920977
Fold 1: 0.415505837249182.
Fold 2: 0.3956543871374143.
Fold 3: 0.4058047686479164.
Fold 4: 0.41488538216747595.
Fold 5: 0.39001701675849965.
Optimizer: SGD
Learning Rate: 0.01
Scheduler: False
Weight decay: 1e-05
Smoothing: 0.0404
Batch size: 64
Momentum: 0.552


Time: 31.10.2023 02:31:26
Average validation accuracy: 0.38456122766329676
Fold 1: 0.3801528176099.
Fold 2: 0.39772911508956027.
Fold 3: 0.4060753617641375.
Fold 4: 0.34443341702207136.
Fold 5: 0.3944154268308147.
Optimizer: Adam
Learning Rate: 0.001
Scheduler: False
Weight decay: 0
Smoothing: 0
Batch size: 128


Time: 31.10.2023 02:40:12
Average validation accuracy: 0.38841578787665443
Fold 1: 0.3726786378506417.
Fold 2: 0.37144062965314056.
Fold 3: 0.38065950453147346.
Fold 4: 0.41491051710392585.
Fold 5: 0.4023896502440904.
Optimizer: Adam
Learning Rate: 0.0001
Scheduler: False
Weight decay: 0.001
Smoothing: 0.0126
Batch size: 32


Time: 31.10.2023 02:53:58
Average validation accuracy: 0.3776792279073931
Fold 1: 0.3735155309049966.
Fold 2: 0.34950944141169316.
Fold 3: 0.3822643771611896.
Fold 4: 0.4129997851326815.
Fold 5: 0.37010700492640486.
Optimizer: Adam
Learning Rate: 1e-05
Scheduler: False
Weight decay: 0
Smoothing: 0.0152
Batch size: 64


Time: 31.10.2023 03:10:49
Average validation accuracy: 0.3791812894471296
Fold 1: 0.351221808659105.
Fold 2: 0.38900495476560315.
Fold 3: 0.3677691611630984.
Fold 4: 0.4229008877996076.
Fold 5: 0.3650096348482336.
Optimizer: Adam
Learning Rate: 1e-05
Scheduler: False
Weight decay: 0.001
Smoothing: 0
Batch size: 32


Time: 31.10.2023 03:23:33
Average validation accuracy: 0.3824482126885008
Fold 1: 0.37962401146193414.
Fold 2: 0.34656624467227704.
Fold 3: 0.3875135151051542.
Fold 4: 0.4065817925664405.
Fold 5: 0.39195549963669807.
Optimizer: Adam
Learning Rate: 1e-05
Scheduler: False
Weight decay: 0.001
Smoothing: 0.0113
Batch size: 128


Time: 31.10.2023 03:30:56
Average validation accuracy: 0.3944231521305518
Fold 1: 0.3887406036139346.
Fold 2: 0.4139474855307458.
Fold 3: 0.38042126463897147.
Fold 4: 0.3838198494942424.
Fold 5: 0.40518655737486475.
Optimizer: SGD
Learning Rate: 0.001
Scheduler: True
Weight decay: 0
Smoothing: 0.0481
Batch size: 64
Momentum: 0.73
T_max: 1


Time: 31.10.2023 03:36:55
Average validation accuracy: 0.3896640473825201
Fold 1: 0.3717937370736156.
Fold 2: 0.38094661306390065.
Fold 3: 0.40318707813247506.
Fold 4: 0.3862755552408838.
Fold 5: 0.40611725340172533.
Optimizer: SGD
Learning Rate: 0.01
Scheduler: False
Weight decay: 1e-05
Smoothing: 0
Batch size: 64
Momentum: 0


Time: 31.10.2023 03:41:39
Average validation accuracy: 0.3839550870221606
Fold 1: 0.38488905558374187.
Fold 2: 0.4047665278405139.
Fold 3: 0.37257479835417984.
Fold 4: 0.3847028414757998.
Fold 5: 0.3728422118565676.
Optimizer: SGD
Learning Rate: 0.01
Scheduler: False
Weight decay: 0.0001
Smoothing: 0
Batch size: 128
Momentum: 0


Time: 31.10.2023 03:47:53
Average validation accuracy: 0.14478507767340293
Fold 1: 0.14469675468568083.
Fold 2: 0.15431237819566854.
Fold 3: 0.15024865488744346.
Fold 4: 0.14050533579546548.
Fold 5: 0.13416226480275642.
Optimizer: SGD
Learning Rate: 1e-05
Scheduler: False
Weight decay: 0
Smoothing: 0
Batch size: 128
Momentum: 0.336


Time: 31.10.2023 04:05:53
Average validation accuracy: 0.35979313314386535
Fold 1: 0.37545022507358544.
Fold 2: 0.37074489196287513.
Fold 3: 0.3715155020415348.
Fold 4: 0.33712703459073695.
Fold 5: 0.3441280120505944.
Optimizer: SGD
Learning Rate: 0.0001
Scheduler: True
Weight decay: 0
Smoothing: 0
Batch size: 128
Momentum: 0.583
T_max: 0.728


Time: 31.10.2023 04:13:21
Average validation accuracy: 0.4024726822767565
Fold 1: 0.40133584470112665.
Fold 2: 0.400586986117812.
Fold 3: 0.39129059235677555.
Fold 4: 0.432054051978239.
Fold 5: 0.38709593622982913.
Optimizer: Adam
Learning Rate: 0.001
Scheduler: False
Weight decay: 1e-05
Smoothing: 0
Batch size: 32


Time: 31.10.2023 04:30:40
Average validation accuracy: 0.38098111892635605
Fold 1: 0.4023568011270117.
Fold 2: 0.3825173433080836.
Fold 3: 0.3693468876855432.
Fold 4: 0.3817946101270864.
Fold 5: 0.3688899523840555.
Optimizer: Adam
Learning Rate: 1e-05
Scheduler: False
Weight decay: 1e-05
Smoothing: 0.0329
Batch size: 32


Time: 31.10.2023 04:37:38
Average validation accuracy: 0.4026636609002153
Fold 1: 0.3843246659951446.
Fold 2: 0.4305757145347248.
Fold 3: 0.40979120482556836.
Fold 4: 0.382891828874721.
Fold 5: 0.4057348902709181.
Optimizer: Adam
Learning Rate: 0.001
Scheduler: False
Weight decay: 0.001
Smoothing: 0.05
Batch size: 64


Time: 31.10.2023 04:42:54
Average validation accuracy: 0.4050338319778565
Fold 1: 0.40215228298269134.
Fold 2: 0.4122913130397341.
Fold 3: 0.42040980612597456.
Fold 4: 0.4145937872708114.
Fold 5: 0.37572197047007055.
Optimizer: Adam
Learning Rate: 0.01
Scheduler: False
Weight decay: 0
Smoothing: 0
Batch size: 64


Time: 31.10.2023 05:10:03
Average validation accuracy: 0.35344041649006525
Fold 1: 0.31550023230180596.
Fold 2: 0.3571360068654082.
Fold 3: 0.3699541852987832.
Fold 4: 0.37900909189221565.
Fold 5: 0.34560256609211326.
Optimizer: SGD
Learning Rate: 0.0001
Scheduler: True
Weight decay: 0.001
Smoothing: 0
Batch size: 64
Momentum: 0
T_max: 0.427


Time: 31.10.2023 05:28:45
Average validation accuracy: 0.39003548581781605
Fold 1: 0.3725319050706389.
Fold 2: 0.3597350208451219.
Fold 3: 0.4102049128454967.
Fold 4: 0.3994510150099774.
Fold 5: 0.40825457531784515.
Optimizer: Adam
Learning Rate: 1e-05
Scheduler: False
Weight decay: 0
Smoothing: 0.031
Batch size: 32


Time: 31.10.2023 05:34:24
Average validation accuracy: 0.4019175603475998
Fold 1: 0.40226576279678444.
Fold 2: 0.39437801129123073.
Fold 3: 0.4356643458821861.
Fold 4: 0.3895484554711229.
Fold 5: 0.38773122629667467.
Optimizer: Adam
Learning Rate: 0.01
Scheduler: False
Weight decay: 0
Smoothing: 0.00486
Batch size: 64


Time: 31.10.2023 05:43:11
Average validation accuracy: 0.38126360596501957
Fold 1: 0.37617934199352066.
Fold 2: 0.3746972723323358.
Fold 3: 0.4026301753302215.
Fold 4: 0.3733772912689088.
Fold 5: 0.3794339489001111.
Optimizer: SGD
Learning Rate: 0.001
Scheduler: False
Weight decay: 0.0001
Smoothing: 0
Batch size: 32
Momentum: 0.404


Time: 31.10.2023 05:57:26
Average validation accuracy: 0.3862939214008131
Fold 1: 0.39576838195117925.
Fold 2: 0.38672348362577047.
Fold 3: 0.400370624055366.
Fold 4: 0.34869264454586685.
Fold 5: 0.3999144728258828.
Optimizer: Adam
Learning Rate: 1e-05
Scheduler: False
Weight decay: 0.0001
Smoothing: 0.0193
Batch size: 64


Time: 31.10.2023 06:10:28
Average validation accuracy: 0.35919436385951564
Fold 1: 0.35916451593614607.
Fold 2: 0.3670358873207967.
Fold 3: 0.31461856570272484.
Fold 4: 0.37439718925298787.
Fold 5: 0.38075566108492276.
Optimizer: Adam
Learning Rate: 1e-05
Scheduler: False
Weight decay: 1e-05
Smoothing: 0.0393
Batch size: 64


Time: 31.10.2023 06:23:04
Average validation accuracy: 0.4144982252233221
Fold 1: 0.41878972229366906.
Fold 2: 0.4285687440281856.
Fold 3: 0.400716329247467.
Fold 4: 0.4139150124828226.
Fold 5: 0.410501318064466.
Optimizer: Adam
Learning Rate: 0.01
Scheduler: False
Weight decay: 0.0001
Smoothing: 0.0367
Batch size: 32


Time: 31.10.2023 06:30:05
Average validation accuracy: 0.4031423105988816
Fold 1: 0.3840722532735872.
Fold 2: 0.41087510873491656.
Fold 3: 0.3929840963270418.
Fold 4: 0.41392240812110215.
Fold 5: 0.41385768653776056.
Optimizer: Adam
Learning Rate: 0.01
Scheduler: False
Weight decay: 0.001
Smoothing: 0
Batch size: 64


Time: 31.10.2023 06:47:20
Average validation accuracy: 0.3711470883537999
Fold 1: 0.3876842417978813.
Fold 2: 0.35317073385111275.
Fold 3: 0.3805798301234721.
Fold 4: 0.3744912338298237.
Fold 5: 0.3598094021667097.
Optimizer: Adam
Learning Rate: 1e-05
Scheduler: False
Weight decay: 0.0001
Smoothing: 0.0456
Batch size: 32


Time: 31.10.2023 06:53:40
Average validation accuracy: 0.38926573541675813
Fold 1: 0.3873937591139837.
Fold 2: 0.40347143402444957.
Fold 3: 0.38596747653684543.
Fold 4: 0.3770570154407795.
Fold 5: 0.3924389919677326.
Optimizer: Adam
Learning Rate: 0.0001
Scheduler: False
Weight decay: 0.001
Smoothing: 0
Batch size: 64


Time: 31.10.2023 07:02:50
Average validation accuracy: 0.41618515988373544
Fold 1: 0.4071710827392646.
Fold 2: 0.41370288298139973.
Fold 3: 0.4265174952533612.
Fold 4: 0.4205965105774451.
Fold 5: 0.4129378278672065.
Optimizer: SGD
Learning Rate: 0.01
Scheduler: False
Weight decay: 0.001
Smoothing: 0.0377
Batch size: 32
Momentum: 0.791


Time: 31.10.2023 07:11:58
Average validation accuracy: 0.40988785198191985
Fold 1: 0.41018561591321845.
Fold 2: 0.3957966869867855.
Fold 3: 0.4123842184410399.
Fold 4: 0.4296821128686799.
Fold 5: 0.4013906256998755.
Optimizer: Adam
Learning Rate: 0.01
Scheduler: False
Weight decay: 0.0001
Smoothing: 0
Batch size: 32


Time: 31.10.2023 07:17:12
Average validation accuracy: 0.3927561200797214
Fold 1: 0.3877620451185672.
Fold 2: 0.3804918678420943.
Fold 3: 0.4226035172334133.
Fold 4: 0.37730882547148586.
Fold 5: 0.3956143447330463.
Optimizer: Adam
Learning Rate: 0.0001
Scheduler: False
Weight decay: 0
Smoothing: 0
Batch size: 128


Time: 31.10.2023 07:24:06
Average validation accuracy: 0.3976250867766319
Fold 1: 0.40269196545332336.
Fold 2: 0.38244419462835194.
Fold 3: 0.40581358061646555.
Fold 4: 0.40836905509732946.
Fold 5: 0.38880663808768906.
Optimizer: SGD
Learning Rate: 0.01
Scheduler: False
Weight decay: 0
Smoothing: 0.0497
Batch size: 64
Momentum: 0


Time: 31.10.2023 07:29:31
Average validation accuracy: 0.39932774375818897
Fold 1: 0.3905788903056379.
Fold 2: 0.4109225351163799.
Fold 3: 0.40790782420513494.
Fold 4: 0.38672045363887175.
Fold 5: 0.40050901552492035.
Optimizer: SGD
Learning Rate: 0.01
Scheduler: True
Weight decay: 0
Smoothing: 0
Batch size: 64
Momentum: 0.353
T_max: 0.483


Time: 31.10.2023 07:56:14
Average validation accuracy: 0.3682058233618707
Fold 1: 0.37153670287712204.
Fold 2: 0.35150066541445885.
Fold 3: 0.38230699995834294.
Fold 4: 0.35798388379536683.
Fold 5: 0.3777008647640627.
Optimizer: SGD
Learning Rate: 0.0001
Scheduler: False
Weight decay: 0.0001
Smoothing: 0
Batch size: 64
Momentum: 0.0968


Time: 01.11.2023 09:23:18
Average validation accuracy: 0.3991734579624101
Fold 1: 0.3921782722021559.
Fold 2: 0.3950320334811835.
Fold 3: 0.415858953314614.
Fold 4: 0.3973568829387151.
Fold 5: 0.3954411478753819.
Optimizer: Adam
Learning Rate: 0.001
Scheduler: False
Weight decay: 0.001
Smoothing: 0.0471
Batch size: 128


Time: 01.11.2023 09:33:50
Average validation accuracy: 0.41197698530667565
Fold 1: 0.42757716282399194.
Fold 2: 0.4015999651692788.
Fold 3: 0.40720800034418503.
Fold 4: 0.40994355451754977.
Fold 5: 0.413556243678373.
Optimizer: Adam
Learning Rate: 0.01
Scheduler: False
Weight decay: 0.001
Smoothing: 0
Batch size: 32


Time: 01.11.2023 09:39:54
Average validation accuracy: 0.39304291406080616
Fold 1: 0.42137644576219774.
Fold 2: 0.37851951134567985.
Fold 3: 0.4031006102023321.
Fold 4: 0.39401218788601267.
Fold 5: 0.3682058151078086.
Optimizer: SGD
Learning Rate: 0.001
Scheduler: True
Weight decay: 0.0001
Smoothing: 0
Batch size: 128
Momentum: 0.471
T_max: 0.309


Time: 01.11.2023 09:45:59
Average validation accuracy: 0.4006265714631235
Fold 1: 0.40114051556123553.
Fold 2: 0.40803156769686305.
Fold 3: 0.3983222542134139.
Fold 4: 0.418645697758925.
Fold 5: 0.3769928220851798.
Optimizer: Adam
Learning Rate: 0.0001
Scheduler: False
Weight decay: 1e-05
Smoothing: 0.0273
Batch size: 64


Time: 01.11.2023 09:50:25
Average validation accuracy: 0.4007392988648924
Fold 1: 0.40291641421661567.
Fold 2: 0.4160434562268481.
Fold 3: 0.3954539515045122.
Fold 4: 0.3767967798593651.
Fold 5: 0.4124858925171211.
Optimizer: Adam
Learning Rate: 0.01
Scheduler: False
Weight decay: 0.0001
Smoothing: 0
Batch size: 128


Time: 01.11.2023 16:06:19
Average validation accuracy: 0.40355993266859685
Fold 1: 0.39625056100992634.
Fold 2: 0.3794587882776935.
Fold 3: 0.41950178950615663.
Fold 4: 0.40908680599398006.
Fold 5: 0.4135017185552275.
Optimizer: SGD
Learning Rate: 0.01
Scheduler: True
Weight decay: 0.001
Smoothing: 0
Batch size: 128
Momentum: 0
T_max: 1


Time: 01.11.2023 16:26:56
Average validation accuracy: 0.39253643889445167
Fold 1: 0.39055533440319223.
Fold 2: 0.3954238980886385.
Fold 3: 0.41304712052914233.
Fold 4: 0.37620900871083135.
Fold 5: 0.387446832740454.
Optimizer: SGD
Learning Rate: 1e-05
Scheduler: False
Weight decay: 1e-05
Smoothing: 0.0319
Batch size: 64
Momentum: 0.917


Time: 01.11.2023 16:35:04
Average validation accuracy: 0.3937540039038764
Fold 1: 0.42670880353077195.
Fold 2: 0.4030729479216221.
Fold 3: 0.39672733646463476.
Fold 4: 0.3603248620054343.
Fold 5: 0.3819360695969187.
Optimizer: Adam
Learning Rate: 0.0001
Scheduler: False
Weight decay: 0
Smoothing: 0.0136
Batch size: 32


Time: 01.11.2023 16:49:44
Average validation accuracy: 0.4037714851589064
Fold 1: 0.43752991697638705.
Fold 2: 0.40445225265528617.
Fold 3: 0.3630211599040371.
Fold 4: 0.393912069934674.
Fold 5: 0.4199420263241475.
Optimizer: Adam
Learning Rate: 1e-05
Scheduler: False
Weight decay: 1e-05
Smoothing: 0.0375
Batch size: 32


Time: 01.11.2023 16:57:23
Average validation accuracy: 0.37446757472363856
Fold 1: 0.36803707957814913.
Fold 2: 0.34155632711198425.
Fold 3: 0.3619798245397505.
Fold 4: 0.404149617462331.
Fold 5: 0.3966150249259778.
Optimizer: SGD
Learning Rate: 0.001
Scheduler: True
Weight decay: 0
Smoothing: 0
Batch size: 128
Momentum: 0
T_max: 0.34


Time: 01.11.2023 17:03:21
Average validation accuracy: 0.14412938798781244
Fold 1: 0.15532360770989645.
Fold 2: 0.13396521651920973.
Fold 3: 0.1562108805920158.
Fold 4: 0.14442927032852654.
Fold 5: 0.13071796478941372.
Optimizer: SGD
Learning Rate: 1e-05
Scheduler: True
Weight decay: 0.001
Smoothing: 0
Batch size: 128
Momentum: 0.232
T_max: 0.347


Time: 01.11.2023 17:35:34
Average validation accuracy: 0.19034020184897044
Fold 1: 0.15256033512342254.
Fold 2: 0.14845651095545973.
Fold 3: 0.14096270934396518.
Fold 4: 0.35798738724330637.
Fold 5: 0.1517340665786985.
Optimizer: SGD
Learning Rate: 1e-05
Scheduler: False
Weight decay: 1e-05
Smoothing: 0
Batch size: 64
Momentum: 0


Time: 01.11.2023 17:40:53
Average validation accuracy: 0.4055946080781646
Fold 1: 0.42406842813566287.
Fold 2: 0.39349796163814005.
Fold 3: 0.3848019479429285.
Fold 4: 0.4061145671940722.
Fold 5: 0.41949013548001934.
Optimizer: Adam
Learning Rate: 0.0001
Scheduler: False
Weight decay: 0
Smoothing: 0
Batch size: 128


Time: 01.11.2023 17:55:19
Average validation accuracy: 0.4147917853977619
Fold 1: 0.4088667848676581.
Fold 2: 0.4130747061257434.
Fold 3: 0.4288522952753985.
Fold 4: 0.40930882040524286.
Fold 5: 0.4138563203147666.
Optimizer: Adam
Learning Rate: 0.01
Scheduler: False
Weight decay: 0.001
Smoothing: 0.0262
Batch size: 32


Time: 01.11.2023 18:09:11
Average validation accuracy: 0.40497138025663826
Fold 1: 0.409691344890783.
Fold 2: 0.3768040662083744.
Fold 3: 0.42091171069000505.
Fold 4: 0.42353202604165385.
Fold 5: 0.3939177534523753.
Optimizer: Adam
Learning Rate: 1e-05
Scheduler: False
Weight decay: 1e-05
Smoothing: 0.0499
Batch size: 32


Time: 01.11.2023 18:16:55
Average validation accuracy: 0.37753374040899745
Fold 1: 0.3933368536014259.
Fold 2: 0.3848027809403828.
Fold 3: 0.36965372730882645.
Fold 4: 0.36491154428392863.
Fold 5: 0.3749637959104237.
Optimizer: SGD
Learning Rate: 0.001
Scheduler: False
Weight decay: 0.001
Smoothing: 0
Batch size: 128
Momentum: 0


Time: 01.11.2023 18:25:11
Average validation accuracy: 0.39424496881439797
Fold 1: 0.4087324686998903.
Fold 2: 0.3799358500365844.
Fold 3: 0.3953244405033888.
Fold 4: 0.3867296822534941.
Fold 5: 0.4005024025786325.
Optimizer: SGD
Learning Rate: 0.001
Scheduler: True
Weight decay: 0
Smoothing: 0
Batch size: 32
Momentum: 0
T_max: 0.276


Time: 01.11.2023 18:33:59
Average validation accuracy: 0.3959631414461448
Fold 1: 0.3900153791773302.
Fold 2: 0.3885212008330373.
Fold 3: 0.39526782414739736.
Fold 4: 0.4022211440278621.
Fold 5: 0.4037901590450971.
Optimizer: SGD
Learning Rate: 0.001
Scheduler: False
Weight decay: 0
Smoothing: 0.00172
Batch size: 32
Momentum: 0


Time: 01.11.2023 18:41:55
Average validation accuracy: 0.39504207041384143
Fold 1: 0.39937377717232536.
Fold 2: 0.4132123386017055.
Fold 3: 0.38885082303056784.
Fold 4: 0.3783288665093501.
Fold 5: 0.3954445467552586.
Optimizer: SGD
Learning Rate: 0.001
Scheduler: False
Weight decay: 1e-05
Smoothing: 0
Batch size: 32
Momentum: 0.0881


Time: 01.11.2023 18:48:56
Average validation accuracy: 0.4062675106756714
Fold 1: 0.41132498614125385.
Fold 2: 0.3870054909828236.
Fold 3: 0.410981032671493.
Fold 4: 0.4172402335303791.
Fold 5: 0.4047858100524075.
Optimizer: SGD
Learning Rate: 0.01
Scheduler: True
Weight decay: 0.0001
Smoothing: 0.0125
Batch size: 32
Momentum: 0.219
T_max: 0.659


Time: 01.11.2023 19:00:42
Average validation accuracy: 0.394493243670087
Fold 1: 0.40144525577538726.
Fold 2: 0.39170818247057243.
Fold 3: 0.37979958699654665.
Fold 4: 0.39299902005240234.
Fold 5: 0.40651417305552606.
Optimizer: Adam
Learning Rate: 1e-05
Scheduler: False
Weight decay: 0
Smoothing: 0.0293
Batch size: 64


Time: 01.11.2023 19:05:20
Average validation accuracy: 0.4038940618420096
Fold 1: 0.40426100338642573.
Fold 2: 0.4330012627750388.
Fold 3: 0.39745483335482806.
Fold 4: 0.3936635234868832.
Fold 5: 0.39108968620687184.
Optimizer: Adam
Learning Rate: 0.01
Scheduler: False
Weight decay: 1e-05
Smoothing: 0.0433
Batch size: 128


Time: 01.11.2023 19:13:25
Average validation accuracy: 0.38864760503436
Fold 1: 0.406069024076267.
Fold 2: 0.3987469540849133.
Fold 3: 0.36204873933465714.
Fold 4: 0.38836331653662454.
Fold 5: 0.38800999113933793.
Optimizer: Adam
Learning Rate: 0.0001
Scheduler: False
Weight decay: 0.0001
Smoothing: 0.0156
Batch size: 32


Time: 01.11.2023 19:18:07
Average validation accuracy: 0.3982633707865565
Fold 1: 0.38689773539955086.
Fold 2: 0.39383079365347157.
Fold 3: 0.4105032515355914.
Fold 4: 0.40228711174280085.
Fold 5: 0.3977979616013677.
Optimizer: Adam
Learning Rate: 0.001
Scheduler: False
Weight decay: 0.0001
Smoothing: 0.0439
Batch size: 128


Time: 01.11.2023 20:11:44
Average validation accuracy: 0.24943159632696044
Fold 1: 0.31794329175278246.
Fold 2: 0.1505404822185294.
Fold 3: 0.313642163955.
Fold 4: 0.15326436615771505.
Fold 5: 0.31176767755077517.
Optimizer: SGD
Learning Rate: 1e-05
Scheduler: True
Weight decay: 0
Smoothing: 0
Batch size: 32
Momentum: 0
T_max: 0.569


Time: 01.11.2023 20:32:43
Average validation accuracy: 0.3954736502886826
Fold 1: 0.3933085113086354.
Fold 2: 0.4089041380306944.
Fold 3: 0.37893449926646083.
Fold 4: 0.4015796080820528.
Fold 5: 0.39464149475556964.
Optimizer: SGD
Learning Rate: 0.0001
Scheduler: True
Weight decay: 1e-05
Smoothing: 0
Batch size: 32
Momentum: 0
T_max: 1


Time: 01.11.2023 20:44:16
Average validation accuracy: 0.3967162599018531
Fold 1: 0.3779126057703163.
Fold 2: 0.3788683315301131.
Fold 3: 0.43435205523887654.
Fold 4: 0.41698689593949184.
Fold 5: 0.3754614110304677.
Optimizer: Adam
Learning Rate: 1e-05
Scheduler: False
Weight decay: 1e-05
Smoothing: 0.00221
Batch size: 64


Time: 01.11.2023 20:59:07
Average validation accuracy: 0.3949514845457804
Fold 1: 0.3993593826407498.
Fold 2: 0.4036383023347336.
Fold 3: 0.38367600373138344.
Fold 4: 0.3773145475124981.
Fold 5: 0.410769186509537.
Optimizer: Adam
Learning Rate: 1e-05
Scheduler: False
Weight decay: 1e-05
Smoothing: 0.0496
Batch size: 32


Time: 01.11.2023 21:05:12
Average validation accuracy: 0.39095335798987463
Fold 1: 0.3732577349815065.
Fold 2: 0.3858441884605915.
Fold 3: 0.3800729370438729.
Fold 4: 0.41565639975799845.
Fold 5: 0.39993552970540397.
Optimizer: Adam
Learning Rate: 0.0001
Scheduler: False
Weight decay: 0.001
Smoothing: 0
Batch size: 64


Time: 01.11.2023 21:10:36
Average validation accuracy: 0.3991458117225148
Fold 1: 0.41457765349882914.
Fold 2: 0.39834722411411283.
Fold 3: 0.38507971082231846.
Fold 4: 0.3847690102273721.
Fold 5: 0.41295545994994165.
Optimizer: Adam
Learning Rate: 0.0001
Scheduler: False
Weight decay: 1e-05
Smoothing: 0
Batch size: 128


Time: 01.11.2023 21:55:12
Average validation accuracy: 0.23260954495500896
Fold 1: 0.3614568949746943.
Fold 2: 0.16906861253011574.
Fold 3: 0.16377496047422468.
Fold 4: 0.17719900630531907.
Fold 5: 0.29154825049069105.
Optimizer: SGD
Learning Rate: 1e-05
Scheduler: False
Weight decay: 0.001
Smoothing: 0.0229
Batch size: 32
Momentum: 0


Time: 01.11.2023 22:02:18
Average validation accuracy: 0.39449844957424196
Fold 1: 0.4134442772768193.
Fold 2: 0.3952970411459199.
Fold 3: 0.42090965545120146.
Fold 4: 0.37415603419772775.
Fold 5: 0.3686852397995413.
Optimizer: SGD
Learning Rate: 0.001
Scheduler: False
Weight decay: 0
Smoothing: 0
Batch size: 64
Momentum: 0


Time: 01.11.2023 22:07:55
Average validation accuracy: 0.3969458868794643
Fold 1: 0.38800169734602175.
Fold 2: 0.40769407849277517.
Fold 3: 0.39587676297598.
Fold 4: 0.3993800756962656.
Fold 5: 0.3937768198862792.
Optimizer: SGD
Learning Rate: 0.01
Scheduler: True
Weight decay: 1e-05
Smoothing: 0
Batch size: 64
Momentum: 0
T_max: 1


Time: 01.11.2023 22:15:06
Average validation accuracy: 0.4112728176997926
Fold 1: 0.43148583110174754.
Fold 2: 0.4257561502622793.
Fold 3: 0.3793295948733121.
Fold 4: 0.4179132781202474.
Fold 5: 0.4018792341413769.
Optimizer: Adam
Learning Rate: 0.01
Scheduler: False
Weight decay: 0
Smoothing: 0
Batch size: 32


Time: 01.11.2023 22:22:15
Average validation accuracy: 0.40994569302531153
Fold 1: 0.38477074288438423.
Fold 2: 0.41878282447486426.
Fold 3: 0.42110489485056213.
Fold 4: 0.417679501729474.
Fold 5: 0.4073905011872728.
Optimizer: Adam
Learning Rate: 0.01
Scheduler: False
Weight decay: 1e-05
Smoothing: 0
Batch size: 32


Time: 01.11.2023 22:33:28
Average validation accuracy: 0.3993703447274405
Fold 1: 0.37261857475985954.
Fold 2: 0.38790994322048045.
Fold 3: 0.42816023998304686.
Fold 4: 0.39008788795042637.
Fold 5: 0.41807507772338914.
Optimizer: Adam
Learning Rate: 1e-05
Scheduler: False
Weight decay: 0.0001
Smoothing: 0.0366
Batch size: 128


Time: 01.11.2023 22:48:02
Average validation accuracy: 0.4078210422633265
Fold 1: 0.41779999942714424.
Fold 2: 0.38805898467610916.
Fold 3: 0.3893360555904095.
Fold 4: 0.3867227479147727.
Fold 5: 0.4571874237081969.
Optimizer: Adam
Learning Rate: 1e-05
Scheduler: False
Weight decay: 0.001
Smoothing: 0.0159
Batch size: 32


Time: 01.11.2023 23:16:22
Average validation accuracy: 0.38574959715911666
Fold 1: 0.3776582448657938.
Fold 2: 0.3981637513747968.
Fold 3: 0.3889515650733267.
Fold 4: 0.3706628599161028.
Fold 5: 0.39331156456556343.
Optimizer: SGD
Learning Rate: 1e-05
Scheduler: True
Weight decay: 0.001
Smoothing: 0
Batch size: 64
Momentum: 0.889
T_max: 1


Time: 01.11.2023 23:23:57
Average validation accuracy: 0.4086982218554322
Fold 1: 0.4028012941377266.
Fold 2: 0.39415366091728177.
Fold 3: 0.43213343957906664.
Fold 4: 0.40398713039071493.
Fold 5: 0.41041558425237123.
Optimizer: Adam
Learning Rate: 0.001
Scheduler: False
Weight decay: 0.001
Smoothing: 0.034
Batch size: 32


Time: 01.11.2023 23:33:03
Average validation accuracy: 0.40876178136351005
Fold 1: 0.3944312831300573.
Fold 2: 0.40359058576134466.
Fold 3: 0.43731730795825124.
Fold 4: 0.4125941778519967.
Fold 5: 0.39587555211590014.
Optimizer: SGD
Learning Rate: 0.001
Scheduler: False
Weight decay: 1e-05
Smoothing: 0.0435
Batch size: 32
Momentum: 0.183


Time: 01.11.2023 23:40:37
Average validation accuracy: 0.40500603131035595
Fold 1: 0.39252700879975067.
Fold 2: 0.38510489376585466.
Fold 3: 0.41187944521648834.
Fold 4: 0.41092373478859245.
Fold 5: 0.42459507398109353.
Optimizer: Adam
Learning Rate: 0.001
Scheduler: False
Weight decay: 1e-05
Smoothing: 0.033
Batch size: 32


Time: 01.11.2023 23:46:26
Average validation accuracy: 0.4191506598501526
Fold 1: 0.42490586752846415.
Fold 2: 0.4328040310291304.
Fold 3: 0.4031755660421957.
Fold 4: 0.4231318452269228.
Fold 5: 0.41173598942405015.
Optimizer: Adam
Learning Rate: 0.01
Scheduler: False
Weight decay: 0.001
Smoothing: 0.0325
Batch size: 128


Time: 01.11.2023 23:54:03
Average validation accuracy: 0.1480468917996478
Fold 1: 0.154297120280217.
Fold 2: 0.12815615460669705.
Fold 3: 0.1307693128170409.
Fold 4: 0.1711764606391341.
Fold 5: 0.15583541065515.
Optimizer: SGD
Learning Rate: 1e-05
Scheduler: False
Weight decay: 1e-05
Smoothing: 0
Batch size: 64
Momentum: 0


Time: 02.11.2023 00:05:09
Average validation accuracy: 0.3985355966995986
Fold 1: 0.3869740952846514.
Fold 2: 0.3958153522536075.
Fold 3: 0.41707288365333145.
Fold 4: 0.3806387157096532.
Fold 5: 0.41217693659674953.
Optimizer: Adam
Learning Rate: 1e-05
Scheduler: False
Weight decay: 0.0001
Smoothing: 0
Batch size: 128


Time: 02.11.2023 00:11:52
Average validation accuracy: 0.40891647238455003
Fold 1: 0.42492755543534183.
Fold 2: 0.4425202708927209.
Fold 3: 0.3987583217968588.
Fold 4: 0.3960642882062041.
Fold 5: 0.38231192559162447.
Optimizer: SGD
Learning Rate: 0.01
Scheduler: True
Weight decay: 0.0001
Smoothing: 0
Batch size: 32
Momentum: 0.324
T_max: 0.756


Time: 02.11.2023 00:19:35
Average validation accuracy: 0.38740921057253014
Fold 1: 0.3857933933838495.
Fold 2: 0.38320704459792204.
Fold 3: 0.4072603161865601.
Fold 4: 0.3710731753935323.
Fold 5: 0.3897121233007868.
Optimizer: SGD
Learning Rate: 0.001
Scheduler: True
Weight decay: 0.0001
Smoothing: 0
Batch size: 128
Momentum: 0
T_max: 0.789


Time: 02.11.2023 01:23:36
Average validation accuracy: 0.3315676810155393
Fold 1: 0.3527688945039384.
Fold 2: 0.35818313144399927.
Fold 3: 0.293161945205772.
Fold 4: 0.31171842262443944.
Fold 5: 0.34200601129954733.
Optimizer: SGD
Learning Rate: 1e-05
Scheduler: True
Weight decay: 1e-05
Smoothing: 0
Batch size: 128
Momentum: 0.644
T_max: 0.637


Time: 02.11.2023 01:30:08
Average validation accuracy: 0.3935412770375454
Fold 1: 0.37486822212046.
Fold 2: 0.3996100356890222.
Fold 3: 0.39059897832102447.
Fold 4: 0.40191180525830705.
Fold 5: 0.4007173437989134.
Optimizer: SGD
Learning Rate: 0.01
Scheduler: False
Weight decay: 1e-05
Smoothing: 0.0464
Batch size: 64
Momentum: 0


Time: 02.11.2023 01:44:51
Average validation accuracy: 0.38820958780311
Fold 1: 0.3991244080015325.
Fold 2: 0.389259884622685.
Fold 3: 0.3922395637127442.
Fold 4: 0.38379941119965655.
Fold 5: 0.37662467147893175.
Optimizer: Adam
Learning Rate: 1e-05
Scheduler: False
Weight decay: 0
Smoothing: 0.00654
Batch size: 32


Time: 02.11.2023 01:55:51
Average validation accuracy: 0.3960172107837389
Fold 1: 0.4338130651550532.
Fold 2: 0.36980669898279367.
Fold 3: 0.3969300232955408.
Fold 4: 0.3846168093989377.
Fold 5: 0.3949194570863692.
Optimizer: Adam
Learning Rate: 1e-05
Scheduler: False
Weight decay: 0.0001
Smoothing: 0
Batch size: 64


Time: 02.11.2023 02:01:57
Average validation accuracy: 0.42236269920863273
Fold 1: 0.40778363752550717.
Fold 2: 0.4461859602226744.
Fold 3: 0.41944443590970804.
Fold 4: 0.4147365954719292.
Fold 5: 0.42366286691334487.
Optimizer: Adam
Learning Rate: 0.01
Scheduler: False
Weight decay: 0.0001
Smoothing: 0.0476
Batch size: 64


Time: 02.11.2023 02:06:53
Average validation accuracy: 0.4158035965720378
Fold 1: 0.3890132332699944.
Fold 2: 0.42214031609743075.
Fold 3: 0.41076265264260625.
Fold 4: 0.4324552731388525.
Fold 5: 0.42464650771130535.
Optimizer: Adam
Learning Rate: 0.01
Scheduler: False
Weight decay: 0.001
Smoothing: 0
Batch size: 128


Time: 02.11.2023 02:13:53
Average validation accuracy: 0.4009056129268093
Fold 1: 0.37826493958607804.
Fold 2: 0.4106003212009871.
Fold 3: 0.4032924129898388.
Fold 4: 0.39680265095187345.
Fold 5: 0.4155677399052694.
Optimizer: Adam
Learning Rate: 0.001
Scheduler: False
Weight decay: 1e-05
Smoothing: 0
Batch size: 32


Time: 02.11.2023 02:25:53
Average validation accuracy: 0.3914282882126313
Fold 1: 0.35938949156719513.
Fold 2: 0.3955557727191095.
Fold 3: 0.39265841263316936.
Fold 4: 0.4212253950077653.
Fold 5: 0.3883123691359172.
Optimizer: Adam
Learning Rate: 1e-05
Scheduler: False
Weight decay: 0.001
Smoothing: 0.0334
Batch size: 128


Time: 02.11.2023 02:40:34
Average validation accuracy: 0.38909886241668035
Fold 1: 0.3991691490328858.
Fold 2: 0.37198431470236837.
Fold 3: 0.37912530701339053.
Fold 4: 0.4054185754637039.
Fold 5: 0.38979696587105317.
Optimizer: Adam
Learning Rate: 1e-05
Scheduler: False
Weight decay: 0.0001
Smoothing: 0.0389
Batch size: 32


Time: 02.11.2023 02:48:18
Average validation accuracy: 0.3980256241115178
Fold 1: 0.39791483592689036.
Fold 2: 0.4161013928633295.
Fold 3: 0.39174317202838377.
Fold 4: 0.4043579032297802.
Fold 5: 0.3800108165092052.
Optimizer: Adam
Learning Rate: 0.0001
Scheduler: False
Weight decay: 1e-05
Smoothing: 0
Batch size: 32


Time: 02.11.2023 02:54:01
Average validation accuracy: 0.39776153379610446
Fold 1: 0.39951986658613964.
Fold 2: 0.3972357744057944.
Fold 3: 0.4083076448743127.
Fold 4: 0.3910365442814113.
Fold 5: 0.3927078388328644.
Optimizer: Adam
Learning Rate: 0.001
Scheduler: False
Weight decay: 0.001
Smoothing: 0.0113
Batch size: 64


Time: 02.11.2023 03:00:34
Average validation accuracy: 0.15673148676172702
Fold 1: 0.17578567465327713.
Fold 2: 0.1463094502056324.
Fold 3: 0.16950655180735247.
Fold 4: 0.14923289899273373.
Fold 5: 0.14282285814963938.
Optimizer: SGD
Learning Rate: 1e-05
Scheduler: False
Weight decay: 0.001
Smoothing: 0
Batch size: 128
Momentum: 0


Time: 02.11.2023 03:06:12
Average validation accuracy: 0.3964079597209354
Fold 1: 0.38844516956136915.
Fold 2: 0.3922405442285203.
Fold 3: 0.4115509171581734.
Fold 4: 0.38877385975195616.
Fold 5: 0.40102930790465796.
Optimizer: Adam
Learning Rate: 0.0001
Scheduler: False
Weight decay: 0.001
Smoothing: 0.0389
Batch size: 128


Time: 02.11.2023 03:17:59
Average validation accuracy: 0.41597760693158686
Fold 1: 0.41751903790534706.
Fold 2: 0.408179290434616.
Fold 3: 0.42286022551579716.
Fold 4: 0.41415831791632823.
Fold 5: 0.4171711628858459.
Optimizer: Adam
Learning Rate: 0.01
Scheduler: False
Weight decay: 0.001
Smoothing: 0.00773
Batch size: 32


Time: 02.11.2023 03:22:37
Average validation accuracy: 0.402662121985366
Fold 1: 0.3987533565642615.
Fold 2: 0.3968812136482682.
Fold 3: 0.3923338510063809.
Fold 4: 0.415853625543256.
Fold 5: 0.40948856316466353.
Optimizer: Adam
Learning Rate: 0.01
Scheduler: False
Weight decay: 1e-05
Smoothing: 0
Batch size: 128


Time: 02.11.2023 03:29:11
Average validation accuracy: 0.40551387933860594
Fold 1: 0.37954624113903324.
Fold 2: 0.40715276029007497.
Fold 3: 0.4172067303402319.
Fold 4: 0.38897059585701677.
Fold 5: 0.43469306906667293.
Optimizer: SGD
Learning Rate: 0.001
Scheduler: False
Weight decay: 0.001
Smoothing: 0
Batch size: 64
Momentum: 0.528


Time: 02.11.2023 03:37:44
Average validation accuracy: 0.39417067309187226
Fold 1: 0.39286665402151555.
Fold 2: 0.407348142429361.
Fold 3: 0.38412622385845635.
Fold 4: 0.3776000673592704.
Fold 5: 0.4089122777907579.
Optimizer: SGD
Learning Rate: 0.001
Scheduler: True
Weight decay: 0.001
Smoothing: 0.00301
Batch size: 128
Momentum: 0
T_max: 1


Time: 02.11.2023 03:45:28
Average validation accuracy: 0.39346427344665347
Fold 1: 0.38956804678820806.
Fold 2: 0.38497258870166323.
Fold 3: 0.3974331158019924.
Fold 4: 0.39596665626427324.
Fold 5: 0.3993809596771303.
Optimizer: SGD
Learning Rate: 0.001
Scheduler: True
Weight decay: 1e-05
Smoothing: 0
Batch size: 64
Momentum: 0
T_max: 0.645


Time: 02.11.2023 03:51:02
Average validation accuracy: 0.39382299380556307
Fold 1: 0.3605186920955504.
Fold 2: 0.39949504748674003.
Fold 3: 0.41337601546638303.
Fold 4: 0.3934646343483729.
Fold 5: 0.40226057963076894.
Optimizer: Adam
Learning Rate: 0.0001
Scheduler: False
Weight decay: 0.001
Smoothing: 0.0465
Batch size: 128


Time: 02.11.2023 03:56:26
Average validation accuracy: 0.40713651645483945
Fold 1: 0.3926199340896312.
Fold 2: 0.4046280676080053.
Fold 3: 0.4193707304539213.
Fold 4: 0.41421869312151266.
Fold 5: 0.4048451570011269.
Optimizer: Adam
Learning Rate: 0.01
Scheduler: False
Weight decay: 0
Smoothing: 0
Batch size: 64


Time: 02.11.2023 04:02:00
Average validation accuracy: 0.39186659671487045
Fold 1: 0.3887801088688657.
Fold 2: 0.38649271262047696.
Fold 3: 0.40614312367156524.
Fold 4: 0.4079368654116361.
Fold 5: 0.3699801730018082.
Optimizer: Adam
Learning Rate: 0.0001
Scheduler: False
Weight decay: 1e-05
Smoothing: 0.0409
Batch size: 128


Time: 02.11.2023 04:06:50
Average validation accuracy: 0.4040366099295608
Fold 1: 0.3808043028798158.
Fold 2: 0.4139829684884667.
Fold 3: 0.39474978552592777.
Fold 4: 0.40738624457683864.
Fold 5: 0.4232597481767549.
Optimizer: Adam
Learning Rate: 0.001
Scheduler: False
Weight decay: 0.001
Smoothing: 0.0377
Batch size: 128


Time: 02.11.2023 04:14:46
Average validation accuracy: 0.3946258460863193
Fold 1: 0.40609148958735974.
Fold 2: 0.3842259569892839.
Fold 3: 0.37754401459739323.
Fold 4: 0.3924660322184761.
Fold 5: 0.4128017370390835.
Optimizer: SGD
Learning Rate: 0.001
Scheduler: True
Weight decay: 0
Smoothing: 0.00905
Batch size: 128
Momentum: 0.141
T_max: 1


Time: 02.11.2023 04:23:09
Average validation accuracy: 0.40013511349850645
Fold 1: 0.389889911673756.
Fold 2: 0.38929402184185813.
Fold 3: 0.4237595210735448.
Fold 4: 0.39744697357096404.
Fold 5: 0.40028513933240956.
Optimizer: Adam
Learning Rate: 0.0001
Scheduler: False
Weight decay: 0.0001
Smoothing: 0.00476
Batch size: 32


Time: 02.11.2023 04:30:44
Average validation accuracy: 0.4060436981577965
Fold 1: 0.39787123861200746.
Fold 2: 0.42768326608476503.
Fold 3: 0.4001723188825553.
Fold 4: 0.40914678817364014.
Fold 5: 0.3953448790360148.
Optimizer: Adam
Learning Rate: 0.001
Scheduler: False
Weight decay: 0.0001
Smoothing: 0.0455
Batch size: 32


Time: 02.11.2023 04:45:49
Average validation accuracy: 0.40401576673643175
Fold 1: 0.4051815583467929.
Fold 2: 0.3801266649181259.
Fold 3: 0.41249134165542306.
Fold 4: 0.41454848803877953.
Fold 5: 0.4077307807230374.
Optimizer: Adam
Learning Rate: 1e-05
Scheduler: False
Weight decay: 1e-05
Smoothing: 0.0268
Batch size: 32


Time: 02.11.2023 05:08:07
Average validation accuracy: 0.39075832062485016
Fold 1: 0.383359081293306.
Fold 2: 0.3982527799906044.
Fold 3: 0.4127404884642332.
Fold 4: 0.36077902458640926.
Fold 5: 0.3986602287896978.
Optimizer: SGD
Learning Rate: 0.0001
Scheduler: False
Weight decay: 0.0001
Smoothing: 0
Batch size: 32
Momentum: 0


Time: 02.11.2023 05:16:22
Average validation accuracy: 0.40076584664651804
Fold 1: 0.4240257987756663.
Fold 2: 0.4128688401934462.
Fold 3: 0.384350953581951.
Fold 4: 0.3998044144804697.
Fold 5: 0.38277922620105703.
Optimizer: SGD
Learning Rate: 0.001
Scheduler: True
Weight decay: 1e-05
Smoothing: 0
Batch size: 32
Momentum: 0.0966
T_max: 0.413


Time: 02.11.2023 05:21:49
Average validation accuracy: 0.40067971100200933
Fold 1: 0.39781126221418184.
Fold 2: 0.40320223299348207.
Fold 3: 0.4046629990540461.
Fold 4: 0.42818832169033144.
Fold 5: 0.36953373905800513.
Optimizer: SGD
Learning Rate: 0.01
Scheduler: False
Weight decay: 0
Smoothing: 0
Batch size: 64
Momentum: 0


Time: 02.11.2023 05:57:04
Average validation accuracy: 0.39607367345313244
Fold 1: 0.414133614616445.
Fold 2: 0.4324147891277036.
Fold 3: 0.3677783416144548.
Fold 4: 0.39118946291288975.
Fold 5: 0.374852158994169.
Optimizer: SGD
Learning Rate: 0.0001
Scheduler: True
Weight decay: 0.0001
Smoothing: 0.0352
Batch size: 128
Momentum: 0
T_max: 1


Time: 02.11.2023 06:04:26
Average validation accuracy: 0.40826162230198626
Fold 1: 0.40354817587432.
Fold 2: 0.41702002362715296.
Fold 3: 0.3935765203866363.
Fold 4: 0.40416977764859263.
Fold 5: 0.4229936139732295.
Optimizer: Adam
Learning Rate: 0.001
Scheduler: False
Weight decay: 0.0001
Smoothing: 0.0149
Batch size: 32


Time: 02.11.2023 06:54:41
Average validation accuracy: 0.237625652261642
Fold 1: 0.13685483861824926.
Fold 2: 0.38787883872380213.
Fold 3: 0.16949349719719023.
Fold 4: 0.3547004021677208.
Fold 5: 0.13920068460124735.
Optimizer: SGD
Learning Rate: 1e-05
Scheduler: False
Weight decay: 1e-05
Smoothing: 0.0179
Batch size: 64
Momentum: 0.271


Time: 02.11.2023 07:01:42
Average validation accuracy: 0.4054312263080824
Fold 1: 0.40967892458200245.
Fold 2: 0.40985234703630397.
Fold 3: 0.40857639542844604.
Fold 4: 0.3961673795899505.
Fold 5: 0.40288108490370894.
Optimizer: Adam
Learning Rate: 0.001
Scheduler: False
Weight decay: 0.001
Smoothing: 0
Batch size: 32


Time: 02.11.2023 07:08:09
Average validation accuracy: 0.39537626434550877
Fold 1: 0.38527568422914726.
Fold 2: 0.3908204499919501.
Fold 3: 0.42013301291976857.
Fold 4: 0.37437726596755205.
Fold 5: 0.40627490861912585.
Optimizer: Adam
Learning Rate: 0.0001
Scheduler: False
Weight decay: 0
Smoothing: 0.0201
Batch size: 64


Time: 02.11.2023 07:18:05
Average validation accuracy: 0.14501636340132784
Fold 1: 0.15285804949211532.
Fold 2: 0.13441253419181887.
Fold 3: 0.140617339983496.
Fold 4: 0.11940930970541723.
Fold 5: 0.17778458363379177.
Optimizer: SGD
Learning Rate: 1e-05
Scheduler: False
Weight decay: 0
Smoothing: 0
Batch size: 128
Momentum: 0


Time: 02.11.2023 07:25:04
Average validation accuracy: 0.41173266570683287
Fold 1: 0.4061140654819594.
Fold 2: 0.4040536152283533.
Fold 3: 0.4120464884975252.
Fold 4: 0.41771812267036024.
Fold 5: 0.4187310366559665.
Optimizer: Adam
Learning Rate: 0.01
Scheduler: False
Weight decay: 0.001
Smoothing: 0
Batch size: 64


Time: 02.11.2023 07:32:29
Average validation accuracy: 0.40385844643835095
Fold 1: 0.393594094476422.
Fold 2: 0.41820276795907946.
Fold 3: 0.40344294362169253.
Fold 4: 0.40375471106449373.
Fold 5: 0.4002977150700671.
Optimizer: Adam
Learning Rate: 0.01
Scheduler: False
Weight decay: 0.0001
Smoothing: 0.0258
Batch size: 32


Time: 02.11.2023 07:41:01
Average validation accuracy: 0.40175196611346636
Fold 1: 0.42892511790377646.
Fold 2: 0.3896463774304124.
Fold 3: 0.4210507955781243.
Fold 4: 0.39976855549053036.
Fold 5: 0.36936898416448843.
Optimizer: SGD
Learning Rate: 0.001
Scheduler: True
Weight decay: 1e-05
Smoothing: 0
Batch size: 32
Momentum: 0
T_max: 1


Time: 02.11.2023 07:45:40
Average validation accuracy: 0.3961207141158777
Fold 1: 0.3851489789903544.
Fold 2: 0.41262919867296355.
Fold 3: 0.39200674085047255.
Fold 4: 0.38746034896099546.
Fold 5: 0.40335830310460263.
Optimizer: Adam
Learning Rate: 0.001
Scheduler: False
Weight decay: 1e-05
Smoothing: 0
Batch size: 128


Time: 02.11.2023 07:53:19
Average validation accuracy: 0.40203968161287784
Fold 1: 0.40753656145243017.
Fold 2: 0.4008265616225036.
Fold 3: 0.4119615680365244.
Fold 4: 0.39058627699966836.
Fold 5: 0.39928743995326277.
Optimizer: Adam
Learning Rate: 0.0001
Scheduler: False
Weight decay: 0.0001
Smoothing: 0
Batch size: 32


Time: 02.11.2023 08:24:30
Average validation accuracy: 0.4018750988488825
Fold 1: 0.4274904003815421.
Fold 2: 0.37481878736372787.
Fold 3: 0.42229172382154184.
Fold 4: 0.38910703832677973.
Fold 5: 0.395667544350821.
Optimizer: SGD
Learning Rate: 0.0001
Scheduler: True
Weight decay: 0.001
Smoothing: 0.0203
Batch size: 64
Momentum: 0
T_max: 0.567


Time: 02.11.2023 08:31:50
Average validation accuracy: 0.4129045193137296
Fold 1: 0.41495008794591726.
Fold 2: 0.41444037581245646.
Fold 3: 0.4154570926002944.
Fold 4: 0.41216103099708346.
Fold 5: 0.4075140092128966.
Optimizer: Adam
Learning Rate: 0.01
Scheduler: False
Weight decay: 1e-05
Smoothing: 0.0117
Batch size: 32


Time: 02.11.2023 08:36:32
Average validation accuracy: 0.4011899090011209
Fold 1: 0.4089588163636182.
Fold 2: 0.4038474888029718.
Fold 3: 0.38625575784083443.
Fold 4: 0.40680849790529494.
Fold 5: 0.4000789840928849.
Optimizer: Adam
Learning Rate: 0.001
Scheduler: False
Weight decay: 1e-05
Smoothing: 0
Batch size: 128


Time: 02.11.2023 08:49:19
Average validation accuracy: 0.39445913817234224
Fold 1: 0.38176926652206006.
Fold 2: 0.38958640631734887.
Fold 3: 0.4067464320549987.
Fold 4: 0.39396721490369857.
Fold 5: 0.400226371063605.
Optimizer: Adam
Learning Rate: 1e-05
Scheduler: False
Weight decay: 1e-05
Smoothing: 0
Batch size: 128


Time: 02.11.2023 08:57:09
Average validation accuracy: 0.39918663820647377
Fold 1: 0.4160341375026569.
Fold 2: 0.3971995401680578.
Fold 3: 0.40133555121529374.
Fold 4: 0.40319539945340327.
Fold 5: 0.3781685626929572.
Optimizer: SGD
Learning Rate: 0.001
Scheduler: True
Weight decay: 1e-05
Smoothing: 0
Batch size: 128
Momentum: 0.083
T_max: 1


