Created: 30.08.2023 05:24:24
Model version: base_cnn_v5
Path: saved_models/base_cnn_v5.pth
Run name: batch64_lr-0d01smooth0d01optim-SGD_wdecay0d001_sch-False_mom0
Accuracy: 0.42469119955516527

Fold 1: 0.4327690296892352.
Fold 2: 0.41300081828670027.
Fold 3: 0.43395441157239684.
Fold 4: 0.42253960824557113.
Fold 5: 0.42119212998192307.

Hyperparameters:
Optimizer: SGD
Momentum: 0
Learning rate: 0.01
Weight decay: 0.001
Used CrossEntropyLoss with label smoothing 0.00799
Balanced classes
Train batch size: 64
Validation batch size: 5


--------------------------Script of the model can be seen below.---------------------------
import torch
import torch.nn as nn
import torch.nn.functional as F


class base_cnn(nn.Module):
    def __init__(self, many_classes):
        super(base_cnn, self).__init__()
        # YOUR CODE HERE
        self.many_classes=many_classes
        self.dropout=nn.Dropout(0.3) #changed from 0.2->0.3 1.6.2022
        self.m = nn.MaxPool1d(2, stride=2)
        self.norm1=nn.BatchNorm1d(6)
        self.conv1 = nn.Conv2d(1, 6, (4,3))
        self.conv2 = nn.Conv1d(6, 15, 3)
        self.norm2=nn.BatchNorm1d(105)
        self.conv1_2 = nn.Conv2d(1, 15, (4,33))
        self.norm1_2=nn.BatchNorm2d(15)
        self.fc1=nn.Linear(105,200)#150) 
        self.bn1 = nn.BatchNorm1d(200)
        self.fc2=nn.Linear(200,120)
        self.bn2 = nn.BatchNorm1d(120)
        self.fc3=nn.Linear(120,8)
        self.fc4=nn.Linear(120,1)
        self.sigmoid=nn.Sigmoid()
        

    def forward(self, x):
        """
        Args:
          x of shape (batch_size, 1, 4, 33): Input sequences.
        
        Returns:
          y of shape (batch_size, 8): Outputs of the network.
        """
        
        y=self.conv1(x) #(batch_size, 6, 1, 31)
        y=self.dropout(y)
        y=F.relu(y)
        y=y.squeeze(dim=2) #(batch_size, 6, 31)
        y=self.m(y) #(batch_size, 6, 15)
        y=self.norm1(y)
        
        y=self.conv2(y) #(batch_size, 6, 13)
        y=self.dropout(y)
        y=F.relu(y)
        y=self.m(y) #(batch_size, 15, 6)
        
        y2=self.conv1_2(x) #(batch_size, 15, 1, 1)
        y2=self.dropout(y2)
        y2=F.relu(y2)
        y2=y2.squeeze(dim=2) #(batch_size, 15, 1)
        
        y=torch.cat((y,y2), dim=2) #(batch_size, 15, 7)
        y = y.view(-1, self.num_flat_features(y)) #(batch_size, 105)
        
        y=self.norm2(y)
        
        y=self.fc1(y)
        y=self.dropout(y)
        y=F.relu(y)
        y=self.bn1(y)
        
        y=self.fc2(y)
        y=self.dropout(y)
        y=F.relu(y)
        y=self.bn2(y)
        if self.many_classes:
            y=self.fc3(y)
        return y
    
    def num_flat_features(self, x):
        size = x.size()[1:]  # all dimensions except the batch dimension
        num_features = 1
        for s in size:
            num_features *= s
        return num_features
-------------------------------------------------------------------------------------------



------------------------------Created input matrices with script:------------------------------
import numpy as np
import torch


def parse_matrices(file, many_classes, classes):
    bases={'A': 0, 'C': 1, 'G': 2, 'T': 3}
    #classes={'AA': 0, 'AC': 1, 'AG': 2, 'AT': 3, 'CA': 4, 'CC': 5, 'CG': 6, 'CT': 7, 'GA':8, 'GC': 9, 'GG': 10,
    #        'GT': 11, 'TA': 12, 'TC': 13, 'TG': 14, 'TT': 15}
    #classes={'A': 0, 'C': 1, 'G': 2, 'T': 3, 'N':4}
    #classes={'altA': 0, 'altC': 1, 'altG': 2, 'altT': 3, 'refA': 4, 'refC': 5, 'refG': 6, 'refT': 7}
    row=0
    df_target=np.empty((1,1,1))
    first_2d=True
    first_3d=True
    first_4d_input=True
    first_df_input=True
    new_sampleid=True
    previous_id=None
    single_class=list()
    target=list()
    row_list=list()
    with open(file, 'r') as fr:
        for line in fr:
            if line.startswith('#'):
                if line.startswith("#ID:"):
                    if previous_id==None or line.strip()!=previous_id:
                        if previous_id!=None:
                            if first_df_input:
                                df_input=temp_2d
                                first_df_input=False
                            else:
                                df_input=np.concatenate((df_input, temp_2d), axis=0)
                        previous_id=line.strip()
                        new_sampleid=True
                        first_2d=True
                        
                if many_classes:
                    if line.startswith('#REF:'):
                        ref=line[6]
                    elif line.startswith('#ALT:') and new_sampleid:
                        alt=line[6]
                        target.append(torch.tensor(classes[ref+alt]))
                        new_sampleid=False
                else:
                    if "CLASS: random" in line and new_sampleid:
                        new_sampleid=False
                        target.append(torch.tensor(0))
                    elif ("#CLASS: train" in line) or ("#CLASS: predict" in line) and new_sampleid:
                        new_sampleid=False
                        target.append(torch.tensor(1))
                continue
            numbers = [float(number) for number in line.strip().split(',')]
            row_in_array=np.array(numbers).reshape(1,1,1,-1)
            if first_2d:
                temp_2d=row_in_array
                first_2d=False
            else:
                temp_2d=np.concatenate((temp_2d, row_in_array), axis=2)

    if not first_2d:
        df_input=np.concatenate((df_input, temp_2d), axis=0)
    if many_classes:
        return torch.Tensor(df_input), torch.tensor(target,dtype=torch.long)
    else:
        return torch.Tensor(df_input), torch.tensor(target,dtype=torch.float)
-------------------------------------------------------------------------------------------



------------------------------Computed accuracies with script:-----------------------------
import torch

def count_f_scores(tp,fp,tn,fn):
    if (tp+fp)==0:
        precision=0
    else:
        precision=tp/(tp+fp)
    if tp+fn==0:
        recall=0
    else:
        recall=tp/(tp+fn)
    if precision==0 and recall==0:
        f1=f2=0
    else:
        f1=2*(precision*recall)/(precision+recall)
        f2=5*(precision*recall)/(4*precision+recall)
    return f1, f2, precision, recall

def count_pred_types(ftp, ftn, tp,fp,tn,fn, labels, predicted, sequences):
    for label, prediction, sequence in zip(labels, predicted, sequences):
        #if label in [0,5,10,15]:
        #if label==4:
        if label in [1,7]:
        #if label in [4,5,6,7]:
            if label==prediction:
                tn+=1
            else:
                fp+=1
                #if prediction in [0,5,10,15]:
                if prediction in [1,7]:
                #if prediction in [4,5,6,7]:
                #if prediction==4:
                    ftn+=1
        else:
            if label==prediction:
                tp+=1
            else:
                fn+=1
                #if prediction!=4:
                #if prediction not in [0,5,10,15]:
                if prediction not in [1,7]:
                #if not prediction in [4,5,6,7]:
                    #for i in range(4):
                    #    if sequence[0, i,16]==1:
                    #        ref=i
                    #if prediction!=i:
                     #   ftn+=1
                    ftp+=1
    return tp,fp,tn,fn,ftn, ftp

def compute_accuracy(device, net, dataloader, criterion, many_classes, datatype, verbose, cv):
    net.eval()
    correct = 0
    total = 0
    tp=fp=tn=fn=ftn=ftp=0
    number_of_classes=8
    correct_per_class=[0 for i in range(number_of_classes)]
    total_per_class=[0 for i in range(number_of_classes)]
    with torch.no_grad():
        tot_loss=0
        tot_items=0
        for sequences, labels in dataloader:
            sequences, labels = sequences.to(device), labels.to(device)
            outputs = net(sequences)
            if not many_classes:
                outputs=outputs.squeeze()
                predicted = torch.round(outputs.data)
            else:
                _, predicted = torch.max(outputs.data, 1)
            for label, prediction in zip(labels, predicted):
                correct_per_class[label]+=(label==prediction).item()
                total_per_class[label]+=1
            if cv:
                tot_loss+=criterion(outputs,labels).item()
                tot_items+=len(labels)
            if verbose:
                tp,fp,tn,fn, ftn, ftp = count_pred_types(ftp, ftn, tp,fp,tn,fn, labels, predicted, sequences)
        if cv:
            tot_loss/=tot_items
        for i in range(number_of_classes):
            correct+=(correct_per_class[i]/total_per_class[i])/number_of_classes
        #f1, f2, precision, recall = count_f_scores(tp,fp,tn,fn)
        #f1_fake, f2_fake, fake_precision, fake_recall = count_f_scores((tp+ftp),(fp-ftn),(tn+ftn),(fn-ftp))
        if verbose:
            f1, f2, precision, recall = count_f_scores(tp,fp,tn,fn)
            f1_fake, f2_fake, fake_precision, fake_recall = count_f_scores((tp+ftp),(fp-ftn),(tn+ftn),(fn-ftp))
            tn_tnfp=tn/(tn+fp) if tn+fp>0 else 0
            fake_tpftp_tpftpfn=(tp+ftp)/(tp+ftp+fn) if (tp+ftp+fn)>0 else 0
            fake_tnftn_tnftnfp=(tn+ftn)/(tn+ftn+fp) if (tn+ftn+fp)>0 else 0
            print('\n',datatype)
            print("TP:",tp,". FN:",fn, "TP/(TP+FN):",recall,"TN:",tn,"FP:",fp,"TN/(TN+FP):",tn_tnfp,
                  "Wrong positive class predicted:",ftp, "Wrong negative class predicted:",ftn)
            print("Fake F1-score:",f1_fake,". Fake F2-score:",f2_fake)
            print("Fake TP/(TP+FN):",fake_tpftp_tpftpfn,"Fake TN/(TN+FP)",fake_tnftn_tnftnfp)
            print("Fake precision:",fake_precision,"Fake recall:",fake_recall)
    #return correct / total, tot_loss, f1, f2
    return correct, tot_loss #, f1, f2, precision, recall, f1_fake, f2_fake, fake_precision, fake_recall
-------------------------------------------------------------------------------------------
