Time: 19.01.2024 15:09:54
Accuracy: 0.42448354341736694

Optimizer: Adam
Learning Rate: 0.0001
Scheduler: False
Weight decay: 0
Smoothing: 0
Batch size: 64
Bidirectional: False
Hidden Dim: 22
n_layers: 1


Time: 19.01.2024 15:17:05
Accuracy: 0.4126933728036669

Optimizer: Adam
Learning Rate: 0.0001
Scheduler: False
Weight decay: 0
Smoothing: 0
Batch size: 64
Bidirectional: False
Hidden Dim: 22
n_layers: 1


Time: 19.01.2024 15:24:18
Accuracy: 0.39393223198370253

Optimizer: Adam
Learning Rate: 0.0001
Scheduler: False
Weight decay: 0
Smoothing: 0
Batch size: 64
Bidirectional: False
Hidden Dim: 22
n_layers: 1


Time: 19.01.2024 15:31:20
Accuracy: 0.40236901578813344

Optimizer: Adam
Learning Rate: 0.0001
Scheduler: False
Weight decay: 0
Smoothing: 0
Batch size: 64
Bidirectional: False
Hidden Dim: 22
n_layers: 1


Time: 19.01.2024 15:37:55
Accuracy: 0.44954959256429844

Optimizer: Adam
Learning Rate: 0.0001
Scheduler: False
Weight decay: 0
Smoothing: 0
Batch size: 64
Bidirectional: False
Hidden Dim: 22
n_layers: 1


Time: 19.01.2024 15:44:30
Accuracy: 0.3966076203208556

Optimizer: Adam
Learning Rate: 0.0001
Scheduler: False
Weight decay: 0
Smoothing: 0
Batch size: 64
Bidirectional: False
Hidden Dim: 22
n_layers: 1


Time: 19.01.2024 15:51:04
Accuracy: 0.4107914756811816

Optimizer: Adam
Learning Rate: 0.0001
Scheduler: False
Weight decay: 0
Smoothing: 0
Batch size: 64
Bidirectional: False
Hidden Dim: 22
n_layers: 1


Time: 19.01.2024 15:57:40
Accuracy: 0.46050897631779986

Optimizer: Adam
Learning Rate: 0.0001
Scheduler: False
Weight decay: 0
Smoothing: 0
Batch size: 64
Bidirectional: False
Hidden Dim: 22
n_layers: 1


Time: 19.01.2024 16:04:16
Accuracy: 0.43470922459893047

Optimizer: Adam
Learning Rate: 0.0001
Scheduler: False
Weight decay: 0
Smoothing: 0
Batch size: 64
Bidirectional: False
Hidden Dim: 22
n_layers: 1


Time: 19.01.2024 16:11:02
Accuracy: 0.44725378787878783

Optimizer: Adam
Learning Rate: 0.0001
Scheduler: False
Weight decay: 0
Smoothing: 0
Batch size: 64
Bidirectional: False
Hidden Dim: 22
n_layers: 1


Time: 19.01.2024 16:24:08
Accuracy: 0.40130108861726504

Optimizer: Adam
Learning Rate: 0.0001
Scheduler: False
Weight decay: 0
Smoothing: 0
Batch size: 64
Bidirectional: False
Hidden Dim: 22
n_layers: 1


Time: 19.01.2024 16:37:14
Accuracy: 0.4586420932009167

Optimizer: Adam
Learning Rate: 0.0001
Scheduler: False
Weight decay: 0
Smoothing: 0
Batch size: 64
Bidirectional: False
Hidden Dim: 22
n_layers: 1


Time: 19.01.2024 16:50:23
Accuracy: 0.516693722943723

Optimizer: Adam
Learning Rate: 0.0001
Scheduler: False
Weight decay: 0
Smoothing: 0
Batch size: 64
Bidirectional: False
Hidden Dim: 22
n_layers: 1


Time: 19.01.2024 17:03:26
Accuracy: 0.37446046600458366

Optimizer: Adam
Learning Rate: 0.0001
Scheduler: False
Weight decay: 0
Smoothing: 0
Batch size: 64
Bidirectional: False
Hidden Dim: 22
n_layers: 1


Time: 19.01.2024 17:16:14
Accuracy: 0.4452882289279348

Optimizer: Adam
Learning Rate: 0.0001
Scheduler: False
Weight decay: 0
Smoothing: 0
Batch size: 64
Bidirectional: False
Hidden Dim: 22
n_layers: 1


Time: 19.01.2024 17:26:50
Accuracy: 0.393840718105424

Optimizer: Adam
Learning Rate: 0.0001
Scheduler: False
Weight decay: 0
Smoothing: 0
Batch size: 64
Bidirectional: False
Hidden Dim: 22
n_layers: 1


Time: 19.01.2024 17:37:28
Accuracy: 0.47890247007894066

Optimizer: Adam
Learning Rate: 0.0001
Scheduler: False
Weight decay: 0
Smoothing: 0
Batch size: 64
Bidirectional: False
Hidden Dim: 22
n_layers: 1


Time: 19.01.2024 17:46:01
Accuracy: 0.4449826521517698

Optimizer: Adam
Learning Rate: 0.0001
Scheduler: False
Weight decay: 0
Smoothing: 0
Batch size: 64
Bidirectional: False
Hidden Dim: 22
n_layers: 1


Time: 19.01.2024 17:51:19
Accuracy: 0.46507909982174683

Optimizer: Adam
Learning Rate: 0.0001
Scheduler: False
Weight decay: 0
Smoothing: 0
Batch size: 64
Bidirectional: False
Hidden Dim: 22
n_layers: 1


Time: 19.01.2024 17:56:37
Accuracy: 0.43833237840590783

Optimizer: Adam
Learning Rate: 0.0001
Scheduler: False
Weight decay: 0
Smoothing: 0
Batch size: 64
Bidirectional: False
Hidden Dim: 22
n_layers: 1


Time: 19.01.2024 18:01:54
Accuracy: 0.47856028775146425

Optimizer: Adam
Learning Rate: 0.0001
Scheduler: False
Weight decay: 0
Smoothing: 0
Batch size: 64
Bidirectional: False
Hidden Dim: 22
n_layers: 1


Time: 19.01.2024 18:07:11
Accuracy: 0.38688645912910613

Optimizer: Adam
Learning Rate: 0.0001
Scheduler: False
Weight decay: 0
Smoothing: 0
Batch size: 64
Bidirectional: False
Hidden Dim: 22
n_layers: 1


Time: 19.01.2024 18:12:30
Accuracy: 0.44626702953908837

Optimizer: Adam
Learning Rate: 0.0001
Scheduler: False
Weight decay: 0
Smoothing: 0
Batch size: 64
Bidirectional: False
Hidden Dim: 22
n_layers: 1


Time: 19.01.2024 18:17:48
Accuracy: 0.4211444805194805

Optimizer: Adam
Learning Rate: 0.0001
Scheduler: False
Weight decay: 0
Smoothing: 0
Batch size: 64
Bidirectional: False
Hidden Dim: 22
n_layers: 1


Time: 19.01.2024 18:23:47
Accuracy: 0.4906281830914184

Optimizer: Adam
Learning Rate: 0.0001
Scheduler: False
Weight decay: 0
Smoothing: 0
Batch size: 64
Bidirectional: False
Hidden Dim: 22
n_layers: 1


Time: 19.01.2024 18:31:30
Accuracy: 0.46112092564298446

Optimizer: Adam
Learning Rate: 0.0001
Scheduler: False
Weight decay: 0
Smoothing: 0
Batch size: 64
Bidirectional: False
Hidden Dim: 22
n_layers: 1


Time: 19.01.2024 18:38:22
Accuracy: 0.4289271390374331

Optimizer: Adam
Learning Rate: 0.0001
Scheduler: False
Weight decay: 0
Smoothing: 0
Batch size: 64
Bidirectional: False
Hidden Dim: 22
n_layers: 1


Time: 19.01.2024 18:44:42
Accuracy: 0.46700168703845174

Optimizer: Adam
Learning Rate: 0.0001
Scheduler: False
Weight decay: 0
Smoothing: 0
Batch size: 64
Bidirectional: False
Hidden Dim: 22
n_layers: 1


Time: 19.01.2024 18:51:03
Accuracy: 0.42801677489177486

Optimizer: Adam
Learning Rate: 0.0001
Scheduler: False
Weight decay: 0
Smoothing: 0
Batch size: 64
Bidirectional: False
Hidden Dim: 22
n_layers: 1


Time: 19.01.2024 18:57:59
Accuracy: 0.45536350903997963

Optimizer: Adam
Learning Rate: 0.0001
Scheduler: False
Weight decay: 0
Smoothing: 0
Batch size: 64
Bidirectional: False
Hidden Dim: 22
n_layers: 1


Time: 19.01.2024 19:05:17
Accuracy: 0.4615307486631016

Optimizer: Adam
Learning Rate: 0.0001
Scheduler: False
Weight decay: 0
Smoothing: 0
Batch size: 64
Bidirectional: False
Hidden Dim: 22
n_layers: 1


Time: 19.01.2024 19:12:36
Accuracy: 0.38015103768780234

Optimizer: Adam
Learning Rate: 0.0001
Scheduler: False
Weight decay: 0
Smoothing: 0
Batch size: 64
Bidirectional: False
Hidden Dim: 22
n_layers: 1


Time: 19.01.2024 19:19:52
Accuracy: 0.47378167175961294

Optimizer: Adam
Learning Rate: 0.0001
Scheduler: False
Weight decay: 0
Smoothing: 0
Batch size: 64
Bidirectional: False
Hidden Dim: 22
n_layers: 1


Time: 19.01.2024 19:27:11
Accuracy: 0.4550054112554112

Optimizer: Adam
Learning Rate: 0.0001
Scheduler: False
Weight decay: 0
Smoothing: 0
Batch size: 64
Bidirectional: False
Hidden Dim: 22
n_layers: 1


Time: 19.01.2024 19:34:28
Accuracy: 0.4112689393939394

Optimizer: Adam
Learning Rate: 0.0001
Scheduler: False
Weight decay: 0
Smoothing: 0
Batch size: 64
Bidirectional: False
Hidden Dim: 22
n_layers: 1


Time: 19.01.2024 19:41:45
Accuracy: 0.4715216768525592

Optimizer: Adam
Learning Rate: 0.0001
Scheduler: False
Weight decay: 0
Smoothing: 0
Batch size: 64
Bidirectional: False
Hidden Dim: 22
n_layers: 1


Time: 19.01.2024 19:50:55
Accuracy: 0.46885185892538833

Optimizer: Adam
Learning Rate: 0.0001
Scheduler: False
Weight decay: 0
Smoothing: 0
Batch size: 64
Bidirectional: False
Hidden Dim: 22
n_layers: 1


Time: 19.01.2024 20:00:17
Accuracy: 0.44237490450725747

Optimizer: Adam
Learning Rate: 0.0001
Scheduler: False
Weight decay: 0
Smoothing: 0
Batch size: 64
Bidirectional: False
Hidden Dim: 22
n_layers: 1


Time: 19.01.2024 20:09:39
Accuracy: 0.4283430417621594

Optimizer: Adam
Learning Rate: 0.0001
Scheduler: False
Weight decay: 0
Smoothing: 0
Batch size: 64
Bidirectional: False
Hidden Dim: 22
n_layers: 1


Time: 19.01.2024 20:18:03
Accuracy: 0.4600625477463713

Optimizer: Adam
Learning Rate: 0.0001
Scheduler: False
Weight decay: 0
Smoothing: 0
Batch size: 64
Bidirectional: False
Hidden Dim: 22
n_layers: 1


Time: 19.01.2024 20:25:47
Accuracy: 0.5121657754010696

Optimizer: Adam
Learning Rate: 0.0001
Scheduler: False
Weight decay: 0
Smoothing: 0
Batch size: 64
Bidirectional: False
Hidden Dim: 22
n_layers: 1


Time: 19.01.2024 20:33:29
Accuracy: 0.40885854341736694

Optimizer: Adam
Learning Rate: 0.0001
Scheduler: False
Weight decay: 0
Smoothing: 0
Batch size: 64
Bidirectional: False
Hidden Dim: 22
n_layers: 1


Time: 19.01.2024 20:41:12
Accuracy: 0.4654053666921314

Optimizer: Adam
Learning Rate: 0.0001
Scheduler: False
Weight decay: 0
Smoothing: 0
Batch size: 64
Bidirectional: False
Hidden Dim: 22
n_layers: 1


Time: 19.01.2024 20:48:55
Accuracy: 0.3961182200152788

Optimizer: Adam
Learning Rate: 0.0001
Scheduler: False
Weight decay: 0
Smoothing: 0
Batch size: 64
Bidirectional: False
Hidden Dim: 22
n_layers: 1


Time: 19.01.2024 20:56:38
Accuracy: 0.44695218996689584

Optimizer: Adam
Learning Rate: 0.0001
Scheduler: False
Weight decay: 0
Smoothing: 0
Batch size: 64
Bidirectional: False
Hidden Dim: 22
n_layers: 1


Time: 19.01.2024 21:04:22
Accuracy: 0.3667327158135982

Optimizer: Adam
Learning Rate: 0.0001
Scheduler: False
Weight decay: 0
Smoothing: 0
Batch size: 64
Bidirectional: False
Hidden Dim: 22
n_layers: 1


Time: 19.01.2024 21:12:06
Accuracy: 0.47653106697224346

Optimizer: Adam
Learning Rate: 0.0001
Scheduler: False
Weight decay: 0
Smoothing: 0
Batch size: 64
Bidirectional: False
Hidden Dim: 22
n_layers: 1


Time: 19.01.2024 21:19:49
Accuracy: 0.3997564935064935

Optimizer: Adam
Learning Rate: 0.0001
Scheduler: False
Weight decay: 0
Smoothing: 0
Batch size: 64
Bidirectional: False
Hidden Dim: 22
n_layers: 1


Time: 19.01.2024 21:27:33
Accuracy: 0.434940794499618

Optimizer: Adam
Learning Rate: 0.0001
Scheduler: False
Weight decay: 0
Smoothing: 0
Batch size: 64
Bidirectional: False
Hidden Dim: 22
n_layers: 1


Time: 19.01.2024 21:35:16
Accuracy: 0.4244190858161446

Optimizer: Adam
Learning Rate: 0.0001
Scheduler: False
Weight decay: 0
Smoothing: 0
Batch size: 64
Bidirectional: False
Hidden Dim: 22
n_layers: 1


Time: 19.01.2024 21:42:59
Accuracy: 0.4198187229437229

Optimizer: Adam
Learning Rate: 0.0001
Scheduler: False
Weight decay: 0
Smoothing: 0
Batch size: 64
Bidirectional: False
Hidden Dim: 22
n_layers: 1


Time: 19.01.2024 21:50:42
Accuracy: 0.4119294308632544

Optimizer: Adam
Learning Rate: 0.0001
Scheduler: False
Weight decay: 0
Smoothing: 0
Batch size: 64
Bidirectional: False
Hidden Dim: 22
n_layers: 1


Time: 19.01.2024 21:58:24
Accuracy: 0.4945115546218487

Optimizer: Adam
Learning Rate: 0.0001
Scheduler: False
Weight decay: 0
Smoothing: 0
Batch size: 64
Bidirectional: False
Hidden Dim: 22
n_layers: 1


Time: 19.01.2024 22:06:07
Accuracy: 0.3787019353195824

Optimizer: Adam
Learning Rate: 0.0001
Scheduler: False
Weight decay: 0
Smoothing: 0
Batch size: 64
Bidirectional: False
Hidden Dim: 22
n_layers: 1


Time: 19.01.2024 22:15:59
Accuracy: 0.4697351667939903

Optimizer: Adam
Learning Rate: 0.0001
Scheduler: False
Weight decay: 0
Smoothing: 0
Batch size: 64
Bidirectional: False
Hidden Dim: 22
n_layers: 1


Time: 19.01.2024 22:25:59
Accuracy: 0.4257098293863

Optimizer: Adam
Learning Rate: 0.0001
Scheduler: False
Weight decay: 0
Smoothing: 0
Batch size: 64
Bidirectional: False
Hidden Dim: 22
n_layers: 1


Time: 19.01.2024 22:36:01
Accuracy: 0.4151292335115865

Optimizer: Adam
Learning Rate: 0.0001
Scheduler: False
Weight decay: 0
Smoothing: 0
Batch size: 64
Bidirectional: False
Hidden Dim: 22
n_layers: 1


Time: 19.01.2024 22:46:02
Accuracy: 0.4187468169085816

Optimizer: Adam
Learning Rate: 0.0001
Scheduler: False
Weight decay: 0
Smoothing: 0
Batch size: 64
Bidirectional: False
Hidden Dim: 22
n_layers: 1


Time: 19.01.2024 22:56:05
Accuracy: 0.4842580213903743

Optimizer: Adam
Learning Rate: 0.0001
Scheduler: False
Weight decay: 0
Smoothing: 0
Batch size: 64
Bidirectional: False
Hidden Dim: 22
n_layers: 1


Time: 19.01.2024 23:06:10
Accuracy: 0.39837344028520494

Optimizer: Adam
Learning Rate: 0.0001
Scheduler: False
Weight decay: 0
Smoothing: 0
Batch size: 64
Bidirectional: False
Hidden Dim: 22
n_layers: 1


Time: 19.01.2024 23:16:11
Accuracy: 0.39071730965113316

Optimizer: Adam
Learning Rate: 0.0001
Scheduler: False
Weight decay: 0
Smoothing: 0
Batch size: 64
Bidirectional: False
Hidden Dim: 22
n_layers: 1


Time: 19.01.2024 23:26:12
Accuracy: 0.4018350522026993

Optimizer: Adam
Learning Rate: 0.0001
Scheduler: False
Weight decay: 0
Smoothing: 0
Batch size: 64
Bidirectional: False
Hidden Dim: 22
n_layers: 1


Time: 19.01.2024 23:36:15
Accuracy: 0.43609784823020115

Optimizer: Adam
Learning Rate: 0.0001
Scheduler: False
Weight decay: 0
Smoothing: 0
Batch size: 64
Bidirectional: False
Hidden Dim: 22
n_layers: 1


Time: 19.01.2024 23:46:16
Accuracy: 0.4493832760376878

Optimizer: Adam
Learning Rate: 0.0001
Scheduler: False
Weight decay: 0
Smoothing: 0
Batch size: 64
Bidirectional: False
Hidden Dim: 22
n_layers: 1


Time: 19.01.2024 23:53:08
Accuracy: 0.4298096511331806

Optimizer: Adam
Learning Rate: 0.0001
Scheduler: False
Weight decay: 0
Smoothing: 0
Batch size: 64
Bidirectional: False
Hidden Dim: 22
n_layers: 1


Time: 20.01.2024 00:00:50
Accuracy: 0.5165862936083524

Optimizer: Adam
Learning Rate: 0.0001
Scheduler: False
Weight decay: 0
Smoothing: 0
Batch size: 64
Bidirectional: False
Hidden Dim: 22
n_layers: 1


Time: 20.01.2024 00:10:24
Accuracy: 0.4254615482556659

Optimizer: Adam
Learning Rate: 0.0001
Scheduler: False
Weight decay: 0
Smoothing: 0
Batch size: 64
Bidirectional: False
Hidden Dim: 22
n_layers: 1


Time: 20.01.2024 00:17:52
Accuracy: 0.369315794499618

Optimizer: Adam
Learning Rate: 0.0001
Scheduler: False
Weight decay: 0
Smoothing: 0
Batch size: 64
Bidirectional: False
Hidden Dim: 22
n_layers: 1


Time: 20.01.2024 00:24:03
Accuracy: 0.4593535141329259

Optimizer: Adam
Learning Rate: 0.0001
Scheduler: False
Weight decay: 0
Smoothing: 0
Batch size: 64
Bidirectional: False
Hidden Dim: 22
n_layers: 1


Time: 20.01.2024 00:30:42
Accuracy: 0.40595397249809007

Optimizer: Adam
Learning Rate: 0.0001
Scheduler: False
Weight decay: 0
Smoothing: 0
Batch size: 64
Bidirectional: False
Hidden Dim: 22
n_layers: 1


Time: 20.01.2024 00:38:26
Accuracy: 0.4651674306086071

Optimizer: Adam
Learning Rate: 0.0001
Scheduler: False
Weight decay: 0
Smoothing: 0
Batch size: 64
Bidirectional: False
Hidden Dim: 22
n_layers: 1


Time: 20.01.2024 00:45:14
Accuracy: 0.4257774700789406

Optimizer: Adam
Learning Rate: 0.0001
Scheduler: False
Weight decay: 0
Smoothing: 0
Batch size: 64
Bidirectional: False
Hidden Dim: 22
n_layers: 1


Time: 20.01.2024 00:51:40
Accuracy: 0.44651292335115866

Optimizer: Adam
Learning Rate: 0.0001
Scheduler: False
Weight decay: 0
Smoothing: 0
Batch size: 64
Bidirectional: False
Hidden Dim: 22
n_layers: 1


Time: 20.01.2024 00:58:02
Accuracy: 0.45016711229946527

Optimizer: Adam
Learning Rate: 0.0001
Scheduler: False
Weight decay: 0
Smoothing: 0
Batch size: 64
Bidirectional: False
Hidden Dim: 22
n_layers: 1


Time: 20.01.2024 01:04:27
Accuracy: 0.46397297555385786

Optimizer: Adam
Learning Rate: 0.0001
Scheduler: False
Weight decay: 0
Smoothing: 0
Batch size: 64
Bidirectional: False
Hidden Dim: 22
n_layers: 1


Time: 20.01.2024 01:10:50
Accuracy: 0.4946945823784059

Optimizer: Adam
Learning Rate: 0.0001
Scheduler: False
Weight decay: 0
Smoothing: 0
Batch size: 64
Bidirectional: False
Hidden Dim: 22
n_layers: 1


Time: 20.01.2024 01:17:13
Accuracy: 0.41315412528647827

Optimizer: Adam
Learning Rate: 0.0001
Scheduler: False
Weight decay: 0
Smoothing: 0
Batch size: 64
Bidirectional: False
Hidden Dim: 22
n_layers: 1


Time: 20.01.2024 01:23:36
Accuracy: 0.46715606697224343

Optimizer: Adam
Learning Rate: 0.0001
Scheduler: False
Weight decay: 0
Smoothing: 0
Batch size: 64
Bidirectional: False
Hidden Dim: 22
n_layers: 1


Time: 20.01.2024 01:29:45
Accuracy: 0.3979827158135981

Optimizer: Adam
Learning Rate: 0.0001
Scheduler: False
Weight decay: 0
Smoothing: 0
Batch size: 64
Bidirectional: False
Hidden Dim: 22
n_layers: 1


Time: 20.01.2024 01:35:21
Accuracy: 0.46278011204481795

Optimizer: Adam
Learning Rate: 0.0001
Scheduler: False
Weight decay: 0
Smoothing: 0
Batch size: 64
Bidirectional: False
Hidden Dim: 22
n_layers: 1


Time: 20.01.2024 01:40:57
Accuracy: 0.46312229437229435

Optimizer: Adam
Learning Rate: 0.0001
Scheduler: False
Weight decay: 0
Smoothing: 0
Batch size: 64
Bidirectional: False
Hidden Dim: 22
n_layers: 1


Time: 20.01.2024 01:46:34
Accuracy: 0.4521167557932264

Optimizer: Adam
Learning Rate: 0.0001
Scheduler: False
Weight decay: 0
Smoothing: 0
Batch size: 64
Bidirectional: False
Hidden Dim: 22
n_layers: 1


Time: 20.01.2024 01:52:09
Accuracy: 0.3905621339444869

Optimizer: Adam
Learning Rate: 0.0001
Scheduler: False
Weight decay: 0
Smoothing: 0
Batch size: 64
Bidirectional: False
Hidden Dim: 22
n_layers: 1


Time: 20.01.2024 01:57:45
Accuracy: 0.4470914502164502

Optimizer: Adam
Learning Rate: 0.0001
Scheduler: False
Weight decay: 0
Smoothing: 0
Batch size: 64
Bidirectional: False
Hidden Dim: 22
n_layers: 1


Time: 20.01.2024 02:03:22
Accuracy: 0.47417876241405654

Optimizer: Adam
Learning Rate: 0.0001
Scheduler: False
Weight decay: 0
Smoothing: 0
Batch size: 64
Bidirectional: False
Hidden Dim: 22
n_layers: 1


Time: 20.01.2024 02:08:57
Accuracy: 0.4284051120448179

Optimizer: Adam
Learning Rate: 0.0001
Scheduler: False
Weight decay: 0
Smoothing: 0
Batch size: 64
Bidirectional: False
Hidden Dim: 22
n_layers: 1


Time: 20.01.2024 02:14:34
Accuracy: 0.43790902724726255

Optimizer: Adam
Learning Rate: 0.0001
Scheduler: False
Weight decay: 0
Smoothing: 0
Batch size: 64
Bidirectional: False
Hidden Dim: 22
n_layers: 1


Time: 20.01.2024 02:20:10
Accuracy: 0.49215606697224346

Optimizer: Adam
Learning Rate: 0.0001
Scheduler: False
Weight decay: 0
Smoothing: 0
Batch size: 64
Bidirectional: False
Hidden Dim: 22
n_layers: 1


Time: 20.01.2024 02:25:46
Accuracy: 0.4492989241151006

Optimizer: Adam
Learning Rate: 0.0001
Scheduler: False
Weight decay: 0
Smoothing: 0
Batch size: 64
Bidirectional: False
Hidden Dim: 22
n_layers: 1


Time: 20.01.2024 02:33:25
Accuracy: 0.45116580723198374

Optimizer: Adam
Learning Rate: 0.0001
Scheduler: False
Weight decay: 0
Smoothing: 0
Batch size: 64
Bidirectional: False
Hidden Dim: 22
n_layers: 1


Time: 20.01.2024 02:41:38
Accuracy: 0.4834304176215941

Optimizer: Adam
Learning Rate: 0.0001
Scheduler: False
Weight decay: 0
Smoothing: 0
Batch size: 64
Bidirectional: False
Hidden Dim: 22
n_layers: 1


Time: 20.01.2024 02:49:52
Accuracy: 0.39553173542144127

Optimizer: Adam
Learning Rate: 0.0001
Scheduler: False
Weight decay: 0
Smoothing: 0
Batch size: 64
Bidirectional: False
Hidden Dim: 22
n_layers: 1


Time: 20.01.2024 02:58:01
Accuracy: 0.4296401515151515

Optimizer: Adam
Learning Rate: 0.0001
Scheduler: False
Weight decay: 0
Smoothing: 0
Batch size: 64
Bidirectional: False
Hidden Dim: 22
n_layers: 1


Time: 20.01.2024 03:06:09
Accuracy: 0.47225378787878786

Optimizer: Adam
Learning Rate: 0.0001
Scheduler: False
Weight decay: 0
Smoothing: 0
Batch size: 64
Bidirectional: False
Hidden Dim: 22
n_layers: 1


Time: 20.01.2024 03:14:19
Accuracy: 0.41465893175451995

Optimizer: Adam
Learning Rate: 0.0001
Scheduler: False
Weight decay: 0
Smoothing: 0
Batch size: 64
Bidirectional: False
Hidden Dim: 22
n_layers: 1


Time: 20.01.2024 03:22:27
Accuracy: 0.37534695696460396

Optimizer: Adam
Learning Rate: 0.0001
Scheduler: False
Weight decay: 0
Smoothing: 0
Batch size: 64
Bidirectional: False
Hidden Dim: 22
n_layers: 1


Time: 20.01.2024 03:30:35
Accuracy: 0.46519926152279095

Optimizer: Adam
Learning Rate: 0.0001
Scheduler: False
Weight decay: 0
Smoothing: 0
Batch size: 64
Bidirectional: False
Hidden Dim: 22
n_layers: 1


Time: 20.01.2024 03:38:46
Accuracy: 0.4540544626941686

Optimizer: Adam
Learning Rate: 0.0001
Scheduler: False
Weight decay: 0
Smoothing: 0
Batch size: 64
Bidirectional: False
Hidden Dim: 22
n_layers: 1


Time: 20.01.2024 03:46:54
Accuracy: 0.4222784568372804

Optimizer: Adam
Learning Rate: 0.0001
Scheduler: False
Weight decay: 0
Smoothing: 0
Batch size: 64
Bidirectional: False
Hidden Dim: 22
n_layers: 1


Time: 20.01.2024 03:55:05
Accuracy: 0.40609959893048125

Optimizer: Adam
Learning Rate: 0.0001
Scheduler: False
Weight decay: 0
Smoothing: 0
Batch size: 64
Bidirectional: False
Hidden Dim: 22
n_layers: 1


Time: 20.01.2024 04:03:16
Accuracy: 0.42387477718360067

Optimizer: Adam
Learning Rate: 0.0001
Scheduler: False
Weight decay: 0
Smoothing: 0
Batch size: 64
Bidirectional: False
Hidden Dim: 22
n_layers: 1


Time: 20.01.2024 04:11:05
Accuracy: 0.42593105423987776

Optimizer: Adam
Learning Rate: 0.0001
Scheduler: False
Weight decay: 0
Smoothing: 0
Batch size: 64
Bidirectional: False
Hidden Dim: 22
n_layers: 1


Time: 20.01.2024 04:17:24
Accuracy: 0.4943404634581105

Optimizer: Adam
Learning Rate: 0.0001
Scheduler: False
Weight decay: 0
Smoothing: 0
Batch size: 64
Bidirectional: False
Hidden Dim: 22
n_layers: 1


Time: 20.01.2024 04:23:43
Accuracy: 0.5010138146167558

Optimizer: Adam
Learning Rate: 0.0001
Scheduler: False
Weight decay: 0
Smoothing: 0
Batch size: 64
Bidirectional: False
Hidden Dim: 22
n_layers: 1


Time: 20.01.2024 04:30:39
Accuracy: 0.45135281385281384

Optimizer: Adam
Learning Rate: 0.0001
Scheduler: False
Weight decay: 0
Smoothing: 0
Batch size: 64
Bidirectional: False
Hidden Dim: 22
n_layers: 1


Time: 20.01.2024 04:38:05
Accuracy: 0.45385949834479244

Optimizer: Adam
Learning Rate: 0.0001
Scheduler: False
Weight decay: 0
Smoothing: 0
Batch size: 64
Bidirectional: False
Hidden Dim: 22
n_layers: 1


Time: 20.01.2024 04:45:34
Accuracy: 0.41761841100076397

Optimizer: Adam
Learning Rate: 0.0001
Scheduler: False
Weight decay: 0
Smoothing: 0
Batch size: 64
Bidirectional: False
Hidden Dim: 22
n_layers: 1


Time: 20.01.2024 04:52:31
Accuracy: 0.42176518334606566

Optimizer: Adam
Learning Rate: 0.0001
Scheduler: False
Weight decay: 0
Smoothing: 0
Batch size: 64
Bidirectional: False
Hidden Dim: 22
n_layers: 1


Time: 20.01.2024 04:58:19
Accuracy: 0.4587566844919786

Optimizer: Adam
Learning Rate: 0.0001
Scheduler: False
Weight decay: 0
Smoothing: 0
Batch size: 64
Bidirectional: False
Hidden Dim: 22
n_layers: 1


Time: 20.01.2024 05:04:09
Accuracy: 0.3801176152279093

Optimizer: Adam
Learning Rate: 0.0001
Scheduler: False
Weight decay: 0
Smoothing: 0
Batch size: 64
Bidirectional: False
Hidden Dim: 22
n_layers: 1


Time: 20.01.2024 05:10:03
Accuracy: 0.38281926406926403

Optimizer: Adam
Learning Rate: 0.0001
Scheduler: False
Weight decay: 0
Smoothing: 0
Batch size: 64
Bidirectional: False
Hidden Dim: 22
n_layers: 1


Time: 20.01.2024 05:20:34
Accuracy: 0.4332203335879806

Optimizer: Adam
Learning Rate: 0.0001
Scheduler: False
Weight decay: 0
Smoothing: 0
Batch size: 64
Bidirectional: False
Hidden Dim: 22
n_layers: 1


Time: 20.01.2024 05:31:05
Accuracy: 0.4150584097275274

Optimizer: Adam
Learning Rate: 0.0001
Scheduler: False
Weight decay: 0
Smoothing: 0
Batch size: 64
Bidirectional: False
Hidden Dim: 22
n_layers: 1


Time: 20.01.2024 05:41:35
Accuracy: 0.46123949579831935

Optimizer: Adam
Learning Rate: 0.0001
Scheduler: False
Weight decay: 0
Smoothing: 0
Batch size: 64
Bidirectional: False
Hidden Dim: 22
n_layers: 1


Time: 20.01.2024 05:52:08
Accuracy: 0.4794794053985231

Optimizer: Adam
Learning Rate: 0.0001
Scheduler: False
Weight decay: 0
Smoothing: 0
Batch size: 64
Bidirectional: False
Hidden Dim: 22
n_layers: 1


Time: 20.01.2024 06:02:41
Accuracy: 0.44054144385026733

Optimizer: Adam
Learning Rate: 0.0001
Scheduler: False
Weight decay: 0
Smoothing: 0
Batch size: 64
Bidirectional: False
Hidden Dim: 22
n_layers: 1


Time: 20.01.2024 06:13:14
Accuracy: 0.4642443340972753

Optimizer: Adam
Learning Rate: 0.0001
Scheduler: False
Weight decay: 0
Smoothing: 0
Batch size: 64
Bidirectional: False
Hidden Dim: 22
n_layers: 1


Time: 20.01.2024 06:23:46
Accuracy: 0.4285300483829896

Optimizer: Adam
Learning Rate: 0.0001
Scheduler: False
Weight decay: 0
Smoothing: 0
Batch size: 64
Bidirectional: False
Hidden Dim: 22
n_layers: 1


Time: 20.01.2024 06:34:21
Accuracy: 0.43189537178507764

Optimizer: Adam
Learning Rate: 0.0001
Scheduler: False
Weight decay: 0
Smoothing: 0
Batch size: 64
Bidirectional: False
Hidden Dim: 22
n_layers: 1


Time: 20.01.2024 06:44:52
Accuracy: 0.4736583269671505

Optimizer: Adam
Learning Rate: 0.0001
Scheduler: False
Weight decay: 0
Smoothing: 0
Batch size: 64
Bidirectional: False
Hidden Dim: 22
n_layers: 1


Time: 20.01.2024 06:55:22
Accuracy: 0.3342850776674306

Optimizer: Adam
Learning Rate: 0.0001
Scheduler: False
Weight decay: 0
Smoothing: 0
Batch size: 64
Bidirectional: False
Hidden Dim: 22
n_layers: 1


Time: 20.01.2024 07:05:52
Accuracy: 0.4719187675070028

Optimizer: Adam
Learning Rate: 0.0001
Scheduler: False
Weight decay: 0
Smoothing: 0
Batch size: 64
Bidirectional: False
Hidden Dim: 22
n_layers: 1


Time: 20.01.2024 07:16:23
Accuracy: 0.42136411382734906

Optimizer: Adam
Learning Rate: 0.0001
Scheduler: False
Weight decay: 0
Smoothing: 0
Batch size: 64
Bidirectional: False
Hidden Dim: 22
n_layers: 1


Time: 20.01.2024 07:26:55
Accuracy: 0.4342826903488668

Optimizer: Adam
Learning Rate: 0.0001
Scheduler: False
Weight decay: 0
Smoothing: 0
Batch size: 64
Bidirectional: False
Hidden Dim: 22
n_layers: 1


Time: 20.01.2024 07:37:27
Accuracy: 0.34928698752228166

Optimizer: Adam
Learning Rate: 0.0001
Scheduler: False
Weight decay: 0
Smoothing: 0
Batch size: 64
Bidirectional: False
Hidden Dim: 22
n_layers: 1


Time: 20.01.2024 07:46:14
Accuracy: 0.4415154698242933

Optimizer: Adam
Learning Rate: 0.0001
Scheduler: False
Weight decay: 0
Smoothing: 0
Batch size: 64
Bidirectional: False
Hidden Dim: 22
n_layers: 1


Time: 20.01.2024 07:54:20
Accuracy: 0.47751384644767

Optimizer: Adam
Learning Rate: 0.0001
Scheduler: False
Weight decay: 0
Smoothing: 0
Batch size: 64
Bidirectional: False
Hidden Dim: 22
n_layers: 1


Time: 20.01.2024 08:02:26
Accuracy: 0.4576664756811816

Optimizer: Adam
Learning Rate: 0.0001
Scheduler: False
Weight decay: 0
Smoothing: 0
Batch size: 64
Bidirectional: False
Hidden Dim: 22
n_layers: 1


Time: 20.01.2024 08:10:32
Accuracy: 0.4772385090399796

Optimizer: Adam
Learning Rate: 0.0001
Scheduler: False
Weight decay: 0
Smoothing: 0
Batch size: 64
Bidirectional: False
Hidden Dim: 22
n_layers: 1


Time: 20.01.2024 08:18:37
Accuracy: 0.40301677489177484

Optimizer: Adam
Learning Rate: 0.0001
Scheduler: False
Weight decay: 0
Smoothing: 0
Batch size: 64
Bidirectional: False
Hidden Dim: 22
n_layers: 1


Time: 20.01.2024 08:26:42
Accuracy: 0.4084638400814871

Optimizer: Adam
Learning Rate: 0.0001
Scheduler: False
Weight decay: 0
Smoothing: 0
Batch size: 64
Bidirectional: False
Hidden Dim: 22
n_layers: 1


Time: 20.01.2024 08:34:45
Accuracy: 0.47047125668449197

Optimizer: Adam
Learning Rate: 0.0001
Scheduler: False
Weight decay: 0
Smoothing: 0
Batch size: 64
Bidirectional: False
Hidden Dim: 22
n_layers: 1


Time: 20.01.2024 08:42:52
Accuracy: 0.4011427298192004

Optimizer: Adam
Learning Rate: 0.0001
Scheduler: False
Weight decay: 0
Smoothing: 0
Batch size: 64
Bidirectional: False
Hidden Dim: 22
n_layers: 1


Time: 20.01.2024 08:50:59
Accuracy: 0.4716044372294372

Optimizer: Adam
Learning Rate: 0.0001
Scheduler: False
Weight decay: 0
Smoothing: 0
Batch size: 64
Bidirectional: False
Hidden Dim: 22
n_layers: 1


Time: 20.01.2024 08:59:05
Accuracy: 0.3990570091673033

Optimizer: Adam
Learning Rate: 0.0001
Scheduler: False
Weight decay: 0
Smoothing: 0
Batch size: 64
Bidirectional: False
Hidden Dim: 22
n_layers: 1


Time: 20.01.2024 09:07:11
Accuracy: 0.4237792844410491

Optimizer: Adam
Learning Rate: 0.0001
Scheduler: False
Weight decay: 0
Smoothing: 0
Batch size: 64
Bidirectional: False
Hidden Dim: 22
n_layers: 1


Time: 20.01.2024 09:15:16
Accuracy: 0.49317783931754516

Optimizer: Adam
Learning Rate: 0.0001
Scheduler: False
Weight decay: 0
Smoothing: 0
Batch size: 64
Bidirectional: False
Hidden Dim: 22
n_layers: 1


Time: 20.01.2024 09:22:54
Accuracy: 0.5024891774891774

Optimizer: Adam
Learning Rate: 0.0001
Scheduler: False
Weight decay: 0
Smoothing: 0
Batch size: 64
Bidirectional: False
Hidden Dim: 22
n_layers: 1


Time: 20.01.2024 09:30:25
Accuracy: 0.41291300611153553

Optimizer: Adam
Learning Rate: 0.0001
Scheduler: False
Weight decay: 0
Smoothing: 0
Batch size: 64
Bidirectional: False
Hidden Dim: 22
n_layers: 1


Time: 20.01.2024 09:37:57
Accuracy: 0.39108177361853835

Optimizer: Adam
Learning Rate: 0.0001
Scheduler: False
Weight decay: 0
Smoothing: 0
Batch size: 64
Bidirectional: False
Hidden Dim: 22
n_layers: 1


Time: 20.01.2024 09:48:05
Accuracy: 0.4636673987776929

Optimizer: Adam
Learning Rate: 0.0001
Scheduler: False
Weight decay: 0
Smoothing: 0
Batch size: 64
Bidirectional: False
Hidden Dim: 22
n_layers: 1


Time: 20.01.2024 09:59:06
Accuracy: 0.44188232111026227

Optimizer: Adam
Learning Rate: 0.0001
Scheduler: False
Weight decay: 0
Smoothing: 0
Batch size: 64
Bidirectional: False
Hidden Dim: 22
n_layers: 1


Time: 20.01.2024 10:10:09
Accuracy: 0.41124108734402853

Optimizer: Adam
Learning Rate: 0.0001
Scheduler: False
Weight decay: 0
Smoothing: 0
Batch size: 64
Bidirectional: False
Hidden Dim: 22
n_layers: 1


Time: 20.01.2024 10:18:36
Accuracy: 0.47316415202444617

Optimizer: Adam
Learning Rate: 0.0001
Scheduler: False
Weight decay: 0
Smoothing: 0
Batch size: 64
Bidirectional: False
Hidden Dim: 22
n_layers: 1


Time: 20.01.2024 10:26:37
Accuracy: 0.40986440030557675

Optimizer: Adam
Learning Rate: 0.0001
Scheduler: False
Weight decay: 0
Smoothing: 0
Batch size: 64
Bidirectional: False
Hidden Dim: 22
n_layers: 1


Time: 20.01.2024 10:34:38
Accuracy: 0.44376352813852815

Optimizer: Adam
Learning Rate: 0.0001
Scheduler: False
Weight decay: 0
Smoothing: 0
Batch size: 64
Bidirectional: False
Hidden Dim: 22
n_layers: 1


Time: 20.01.2024 10:42:37
Accuracy: 0.42472943722943723

Optimizer: Adam
Learning Rate: 0.0001
Scheduler: False
Weight decay: 0
Smoothing: 0
Batch size: 64
Bidirectional: False
Hidden Dim: 22
n_layers: 1


Time: 20.01.2024 10:50:39
Accuracy: 0.44074436592818944

Optimizer: Adam
Learning Rate: 0.0001
Scheduler: False
Weight decay: 0
Smoothing: 0
Batch size: 64
Bidirectional: False
Hidden Dim: 22
n_layers: 1


Time: 20.01.2024 10:58:39
Accuracy: 0.4537154634581105

Optimizer: Adam
Learning Rate: 0.0001
Scheduler: False
Weight decay: 0
Smoothing: 0
Batch size: 64
Bidirectional: False
Hidden Dim: 22
n_layers: 1


Time: 20.01.2024 11:06:39
Accuracy: 0.47469601476954415

Optimizer: Adam
Learning Rate: 0.0001
Scheduler: False
Weight decay: 0
Smoothing: 0
Batch size: 64
Bidirectional: False
Hidden Dim: 22
n_layers: 1


Time: 20.01.2024 11:14:38
Accuracy: 0.433038101604278

Optimizer: Adam
Learning Rate: 0.0001
Scheduler: False
Weight decay: 0
Smoothing: 0
Batch size: 64
Bidirectional: False
Hidden Dim: 22
n_layers: 1


Time: 20.01.2024 11:22:39
Accuracy: 0.4150576139546728

Optimizer: Adam
Learning Rate: 0.0001
Scheduler: False
Weight decay: 0
Smoothing: 0
Batch size: 64
Bidirectional: False
Hidden Dim: 22
n_layers: 1


Time: 20.01.2024 11:30:41
Accuracy: 0.42758626177743825

Optimizer: Adam
Learning Rate: 0.0001
Scheduler: False
Weight decay: 0
Smoothing: 0
Batch size: 64
Bidirectional: False
Hidden Dim: 22
n_layers: 1


Time: 20.01.2024 11:38:42
Accuracy: 0.4712391774891775

Optimizer: Adam
Learning Rate: 0.0001
Scheduler: False
Weight decay: 0
Smoothing: 0
Batch size: 64
Bidirectional: False
Hidden Dim: 22
n_layers: 1


Time: 20.01.2024 11:46:44
Accuracy: 0.3905955564043799

Optimizer: Adam
Learning Rate: 0.0001
Scheduler: False
Weight decay: 0
Smoothing: 0
Batch size: 64
Bidirectional: False
Hidden Dim: 22
n_layers: 1


Time: 20.01.2024 11:54:46
Accuracy: 0.5027040361599185

Optimizer: Adam
Learning Rate: 0.0001
Scheduler: False
Weight decay: 0
Smoothing: 0
Batch size: 64
Bidirectional: False
Hidden Dim: 22
n_layers: 1


Time: 20.01.2024 12:02:48
Accuracy: 0.4060041061879297

Optimizer: Adam
Learning Rate: 0.0001
Scheduler: False
Weight decay: 0
Smoothing: 0
Batch size: 64
Bidirectional: False
Hidden Dim: 22
n_layers: 1


Time: 20.01.2024 12:10:49
Accuracy: 0.41412098930481284

Optimizer: Adam
Learning Rate: 0.0001
Scheduler: False
Weight decay: 0
Smoothing: 0
Batch size: 64
Bidirectional: False
Hidden Dim: 22
n_layers: 1


Time: 20.01.2024 12:19:38
Accuracy: 0.4637907435701553

Optimizer: Adam
Learning Rate: 0.0001
Scheduler: False
Weight decay: 0
Smoothing: 0
Batch size: 64
Bidirectional: False
Hidden Dim: 22
n_layers: 1


Time: 20.01.2024 12:28:52
Accuracy: 0.44089954163483575

Optimizer: Adam
Learning Rate: 0.0001
Scheduler: False
Weight decay: 0
Smoothing: 0
Batch size: 64
Bidirectional: False
Hidden Dim: 22
n_layers: 1


Time: 20.01.2024 12:38:08
Accuracy: 0.4811027820218997

Optimizer: Adam
Learning Rate: 0.0001
Scheduler: False
Weight decay: 0
Smoothing: 0
Batch size: 64
Bidirectional: False
Hidden Dim: 22
n_layers: 1


Time: 20.01.2024 12:47:22
Accuracy: 0.3987792844410491

Optimizer: Adam
Learning Rate: 0.0001
Scheduler: False
Weight decay: 0
Smoothing: 0
Batch size: 64
Bidirectional: False
Hidden Dim: 22
n_layers: 1


Time: 20.01.2024 12:56:37
Accuracy: 0.43671059332824036

Optimizer: Adam
Learning Rate: 0.0001
Scheduler: False
Weight decay: 0
Smoothing: 0
Batch size: 64
Bidirectional: False
Hidden Dim: 22
n_layers: 1


Time: 20.01.2024 13:05:52
Accuracy: 0.4904761904761904

Optimizer: Adam
Learning Rate: 0.0001
Scheduler: False
Weight decay: 0
Smoothing: 0
Batch size: 64
Bidirectional: False
Hidden Dim: 22
n_layers: 1


Time: 20.01.2024 13:15:07
Accuracy: 0.4876511968423733

Optimizer: Adam
Learning Rate: 0.0001
Scheduler: False
Weight decay: 0
Smoothing: 0
Batch size: 64
Bidirectional: False
Hidden Dim: 22
n_layers: 1


Time: 20.01.2024 13:24:22
Accuracy: 0.4437245352686529

Optimizer: Adam
Learning Rate: 0.0001
Scheduler: False
Weight decay: 0
Smoothing: 0
Batch size: 64
Bidirectional: False
Hidden Dim: 22
n_layers: 1


Time: 20.01.2024 13:33:35
Accuracy: 0.4489631079704609

Optimizer: Adam
Learning Rate: 0.0001
Scheduler: False
Weight decay: 0
Smoothing: 0
Batch size: 64
Bidirectional: False
Hidden Dim: 22
n_layers: 1


Time: 20.01.2024 13:42:51
Accuracy: 0.4438637955182073

Optimizer: Adam
Learning Rate: 0.0001
Scheduler: False
Weight decay: 0
Smoothing: 0
Batch size: 64
Bidirectional: False
Hidden Dim: 22
n_layers: 1


Time: 20.01.2024 13:52:06
Accuracy: 0.4334320091673033

Optimizer: Adam
Learning Rate: 0.0001
Scheduler: False
Weight decay: 0
Smoothing: 0
Batch size: 64
Bidirectional: False
Hidden Dim: 22
n_layers: 1


Time: 20.01.2024 14:01:21
Accuracy: 0.4504933791698498

Optimizer: Adam
Learning Rate: 0.0001
Scheduler: False
Weight decay: 0
Smoothing: 0
Batch size: 64
Bidirectional: False
Hidden Dim: 22
n_layers: 1


Time: 20.01.2024 14:10:33
Accuracy: 0.4245424306086071

Optimizer: Adam
Learning Rate: 0.0001
Scheduler: False
Weight decay: 0
Smoothing: 0
Batch size: 64
Bidirectional: False
Hidden Dim: 22
n_layers: 1


Time: 20.01.2024 14:19:46
Accuracy: 0.3895284250063662

Optimizer: Adam
Learning Rate: 0.0001
Scheduler: False
Weight decay: 0
Smoothing: 0
Batch size: 64
Bidirectional: False
Hidden Dim: 22
n_layers: 1


Time: 20.01.2024 14:28:25
Accuracy: 0.513968996689585

Optimizer: Adam
Learning Rate: 0.0001
Scheduler: False
Weight decay: 0
Smoothing: 0
Batch size: 64
Bidirectional: False
Hidden Dim: 22
n_layers: 1


Time: 20.01.2024 14:36:48
Accuracy: 0.42273443468296407

Optimizer: Adam
Learning Rate: 0.0001
Scheduler: False
Weight decay: 0
Smoothing: 0
Batch size: 64
Bidirectional: False
Hidden Dim: 22
n_layers: 1


Time: 20.01.2024 14:45:10
Accuracy: 0.45623169722434426

Optimizer: Adam
Learning Rate: 0.0001
Scheduler: False
Weight decay: 0
Smoothing: 0
Batch size: 64
Bidirectional: False
Hidden Dim: 22
n_layers: 1


Time: 20.01.2024 14:53:31
Accuracy: 0.4884469696969697

Optimizer: Adam
Learning Rate: 0.0001
Scheduler: False
Weight decay: 0
Smoothing: 0
Batch size: 64
Bidirectional: False
Hidden Dim: 22
n_layers: 1


Time: 20.01.2024 14:59:20
Accuracy: 0.46585179526355996

Optimizer: Adam
Learning Rate: 0.0001
Scheduler: False
Weight decay: 0
Smoothing: 0
Batch size: 64
Bidirectional: False
Hidden Dim: 22
n_layers: 1


Time: 20.01.2024 15:05:01
Accuracy: 0.4115625795772855

Optimizer: Adam
Learning Rate: 0.0001
Scheduler: False
Weight decay: 0
Smoothing: 0
Batch size: 64
Bidirectional: False
Hidden Dim: 22
n_layers: 1


Time: 20.01.2024 15:10:41
Accuracy: 0.4148745861981156

Optimizer: Adam
Learning Rate: 0.0001
Scheduler: False
Weight decay: 0
Smoothing: 0
Batch size: 64
Bidirectional: False
Hidden Dim: 22
n_layers: 1


Time: 20.01.2024 15:16:24
Accuracy: 0.45445632798573976

Optimizer: Adam
Learning Rate: 0.0001
Scheduler: False
Weight decay: 0
Smoothing: 0
Batch size: 64
Bidirectional: False
Hidden Dim: 22
n_layers: 1


Time: 20.01.2024 15:22:04
Accuracy: 0.3765899541634835

Optimizer: Adam
Learning Rate: 0.0001
Scheduler: False
Weight decay: 0
Smoothing: 0
Batch size: 64
Bidirectional: False
Hidden Dim: 22
n_layers: 1


Time: 20.01.2024 15:27:45
Accuracy: 0.4437229437229437

Optimizer: Adam
Learning Rate: 0.0001
Scheduler: False
Weight decay: 0
Smoothing: 0
Batch size: 64
Bidirectional: False
Hidden Dim: 22
n_layers: 1


Time: 20.01.2024 15:33:26
Accuracy: 0.4417677298192004

Optimizer: Adam
Learning Rate: 0.0001
Scheduler: False
Weight decay: 0
Smoothing: 0
Batch size: 64
Bidirectional: False
Hidden Dim: 22
n_layers: 1


Time: 20.01.2024 15:39:02
Accuracy: 0.4123193595620066

Optimizer: Adam
Learning Rate: 0.0001
Scheduler: False
Weight decay: 0
Smoothing: 0
Batch size: 64
Bidirectional: False
Hidden Dim: 22
n_layers: 1


Time: 20.01.2024 15:44:30
Accuracy: 0.39951935319582377

Optimizer: Adam
Learning Rate: 0.0001
Scheduler: False
Weight decay: 0
Smoothing: 0
Batch size: 64
Bidirectional: False
Hidden Dim: 22
n_layers: 1


Time: 20.01.2024 15:49:41
Accuracy: 0.4441829004329004

Optimizer: Adam
Learning Rate: 0.0001
Scheduler: False
Weight decay: 0
Smoothing: 0
Batch size: 64
Bidirectional: False
Hidden Dim: 22
n_layers: 1


Time: 20.01.2024 15:57:32
Accuracy: 0.4737888337153043

Optimizer: Adam
Learning Rate: 0.0001
Scheduler: False
Weight decay: 0
Smoothing: 0
Batch size: 64
Bidirectional: False
Hidden Dim: 22
n_layers: 1


Time: 20.01.2024 16:09:49
Accuracy: 0.4381588999236058

Optimizer: Adam
Learning Rate: 0.0001
Scheduler: False
Weight decay: 0
Smoothing: 0
Batch size: 64
Bidirectional: False
Hidden Dim: 22
n_layers: 1


Time: 20.01.2024 16:22:08
Accuracy: 0.48899923605805956

Optimizer: Adam
Learning Rate: 0.0001
Scheduler: False
Weight decay: 0
Smoothing: 0
Batch size: 64
Bidirectional: False
Hidden Dim: 22
n_layers: 1


Time: 20.01.2024 16:34:27
Accuracy: 0.4365235867074102

Optimizer: Adam
Learning Rate: 0.0001
Scheduler: False
Weight decay: 0
Smoothing: 0
Batch size: 64
Bidirectional: False
Hidden Dim: 22
n_layers: 1


Time: 20.01.2024 16:46:45
Accuracy: 0.4354843073593073

Optimizer: Adam
Learning Rate: 0.0001
Scheduler: False
Weight decay: 0
Smoothing: 0
Batch size: 64
Bidirectional: False
Hidden Dim: 22
n_layers: 1


Time: 20.01.2024 16:59:06
Accuracy: 0.48787878787878786

Optimizer: Adam
Learning Rate: 0.0001
Scheduler: False
Weight decay: 0
Smoothing: 0
Batch size: 64
Bidirectional: False
Hidden Dim: 22
n_layers: 1


Time: 20.01.2024 17:11:23
Accuracy: 0.44282610771581354

Optimizer: Adam
Learning Rate: 0.0001
Scheduler: False
Weight decay: 0
Smoothing: 0
Batch size: 64
Bidirectional: False
Hidden Dim: 22
n_layers: 1


Time: 20.01.2024 17:23:41
Accuracy: 0.4640414120193532

Optimizer: Adam
Learning Rate: 0.0001
Scheduler: False
Weight decay: 0
Smoothing: 0
Batch size: 64
Bidirectional: False
Hidden Dim: 22
n_layers: 1


Time: 20.01.2024 17:36:01
Accuracy: 0.4009947160682455

Optimizer: Adam
Learning Rate: 0.0001
Scheduler: False
Weight decay: 0
Smoothing: 0
Batch size: 64
Bidirectional: False
Hidden Dim: 22
n_layers: 1


Time: 20.01.2024 17:48:17
Accuracy: 0.4266353132161955

Optimizer: Adam
Learning Rate: 0.0001
Scheduler: False
Weight decay: 0
Smoothing: 0
Batch size: 64
Bidirectional: False
Hidden Dim: 22
n_layers: 1


Time: 20.01.2024 18:00:37
Accuracy: 0.5071492233256939

Optimizer: Adam
Learning Rate: 0.0001
Scheduler: False
Weight decay: 0
Smoothing: 0
Batch size: 64
Bidirectional: False
Hidden Dim: 22
n_layers: 1


Time: 20.01.2024 18:12:55
Accuracy: 0.3820481601731601

Optimizer: Adam
Learning Rate: 0.0001
Scheduler: False
Weight decay: 0
Smoothing: 0
Batch size: 64
Bidirectional: False
Hidden Dim: 22
n_layers: 1


Time: 20.01.2024 18:25:15
Accuracy: 0.40773172905525845

Optimizer: Adam
Learning Rate: 0.0001
Scheduler: False
Weight decay: 0
Smoothing: 0
Batch size: 64
Bidirectional: False
Hidden Dim: 22
n_layers: 1


Time: 20.01.2024 18:36:07
Accuracy: 0.44075152788388083

Optimizer: Adam
Learning Rate: 0.0001
Scheduler: False
Weight decay: 0
Smoothing: 0
Batch size: 64
Bidirectional: False
Hidden Dim: 22
n_layers: 1


Time: 20.01.2024 18:47:02
Accuracy: 0.3493013114336644

Optimizer: Adam
Learning Rate: 0.0001
Scheduler: False
Weight decay: 0
Smoothing: 0
Batch size: 64
Bidirectional: False
Hidden Dim: 22
n_layers: 1


Time: 20.01.2024 18:57:56
Accuracy: 0.471784281894576

Optimizer: Adam
Learning Rate: 0.0001
Scheduler: False
Weight decay: 0
Smoothing: 0
Batch size: 64
Bidirectional: False
Hidden Dim: 22
n_layers: 1


Time: 20.01.2024 19:05:29
Accuracy: 0.4261976381461675

Optimizer: Adam
Learning Rate: 0.0001
Scheduler: False
Weight decay: 0
Smoothing: 0
Batch size: 64
Bidirectional: False
Hidden Dim: 22
n_layers: 1


Time: 20.01.2024 19:12:32
Accuracy: 0.43937165775401066

Optimizer: Adam
Learning Rate: 0.0001
Scheduler: False
Weight decay: 0
Smoothing: 0
Batch size: 64
Bidirectional: False
Hidden Dim: 22
n_layers: 1


Time: 20.01.2024 19:20:48
Accuracy: 0.48658008658008656

Optimizer: Adam
Learning Rate: 0.0001
Scheduler: False
Weight decay: 0
Smoothing: 0
Batch size: 64
Bidirectional: False
Hidden Dim: 22
n_layers: 1


Time: 20.01.2024 19:29:02
Accuracy: 0.5021271008403362

Optimizer: Adam
Learning Rate: 0.0001
Scheduler: False
Weight decay: 0
Smoothing: 0
Batch size: 64
Bidirectional: False
Hidden Dim: 22
n_layers: 1


Time: 20.01.2024 19:37:17
Accuracy: 0.4452611726508785

Optimizer: Adam
Learning Rate: 0.0001
Scheduler: False
Weight decay: 0
Smoothing: 0
Batch size: 64
Bidirectional: False
Hidden Dim: 22
n_layers: 1


Time: 20.01.2024 19:45:38
Accuracy: 0.4998830213903743

Optimizer: Adam
Learning Rate: 0.0001
Scheduler: False
Weight decay: 0
Smoothing: 0
Batch size: 64
Bidirectional: False
Hidden Dim: 22
n_layers: 1


Time: 20.01.2024 19:54:07
Accuracy: 0.4662138719124013

Optimizer: Adam
Learning Rate: 0.0001
Scheduler: False
Weight decay: 0
Smoothing: 0
Batch size: 64
Bidirectional: False
Hidden Dim: 22
n_layers: 1


Time: 20.01.2024 20:02:32
Accuracy: 0.4633323784059078

Optimizer: Adam
Learning Rate: 0.0001
Scheduler: False
Weight decay: 0
Smoothing: 0
Batch size: 64
Bidirectional: False
Hidden Dim: 22
n_layers: 1


Time: 20.01.2024 20:11:00
Accuracy: 0.5047579258976318

Optimizer: Adam
Learning Rate: 0.0001
Scheduler: False
Weight decay: 0
Smoothing: 0
Batch size: 64
Bidirectional: False
Hidden Dim: 22
n_layers: 1


Time: 20.01.2024 20:20:57
Accuracy: 0.45331837280366694

Optimizer: Adam
Learning Rate: 0.0001
Scheduler: False
Weight decay: 0
Smoothing: 0
Batch size: 64
Bidirectional: False
Hidden Dim: 22
n_layers: 1


Time: 20.01.2024 20:32:04
Accuracy: 0.47992901706137

Optimizer: Adam
Learning Rate: 0.0001
Scheduler: False
Weight decay: 0
Smoothing: 0
Batch size: 64
Bidirectional: False
Hidden Dim: 22
n_layers: 1


Time: 20.01.2024 20:43:09
Accuracy: 0.4213195505474917

Optimizer: Adam
Learning Rate: 0.0001
Scheduler: False
Weight decay: 0
Smoothing: 0
Batch size: 64
Bidirectional: False
Hidden Dim: 22
n_layers: 1


Time: 20.01.2024 20:54:13
Accuracy: 0.43303332696715047

Optimizer: Adam
Learning Rate: 0.0001
Scheduler: False
Weight decay: 0
Smoothing: 0
Batch size: 64
Bidirectional: False
Hidden Dim: 22
n_layers: 1


Time: 20.01.2024 21:04:52
Accuracy: 0.4162242169595111

Optimizer: Adam
Learning Rate: 0.0001
Scheduler: False
Weight decay: 0
Smoothing: 0
Batch size: 64
Bidirectional: False
Hidden Dim: 22
n_layers: 1


Time: 20.01.2024 21:11:43
Accuracy: 0.36238779602750193

Optimizer: Adam
Learning Rate: 0.0001
Scheduler: False
Weight decay: 0
Smoothing: 0
Batch size: 64
Bidirectional: False
Hidden Dim: 22
n_layers: 1


Time: 20.01.2024 21:18:36
Accuracy: 0.45981904125286477

Optimizer: Adam
Learning Rate: 0.0001
Scheduler: False
Weight decay: 0
Smoothing: 0
Batch size: 64
Bidirectional: False
Hidden Dim: 22
n_layers: 1


Time: 20.01.2024 21:25:24
Accuracy: 0.4067815762668704

Optimizer: Adam
Learning Rate: 0.0001
Scheduler: False
Weight decay: 0
Smoothing: 0
Batch size: 64
Bidirectional: False
Hidden Dim: 22
n_layers: 1


Time: 20.01.2024 21:32:14
Accuracy: 0.40150082760376876

Optimizer: Adam
Learning Rate: 0.0001
Scheduler: False
Weight decay: 0
Smoothing: 0
Batch size: 64
Bidirectional: False
Hidden Dim: 22
n_layers: 1


Time: 20.01.2024 21:39:06
Accuracy: 0.47263496307613956

Optimizer: Adam
Learning Rate: 0.0001
Scheduler: False
Weight decay: 0
Smoothing: 0
Batch size: 64
Bidirectional: False
Hidden Dim: 22
n_layers: 1


Time: 20.01.2024 21:46:00
Accuracy: 0.4111209256429844

Optimizer: Adam
Learning Rate: 0.0001
Scheduler: False
Weight decay: 0
Smoothing: 0
Batch size: 64
Bidirectional: False
Hidden Dim: 22
n_layers: 1


Time: 20.01.2024 21:52:50
Accuracy: 0.42144209956709955

Optimizer: Adam
Learning Rate: 0.0001
Scheduler: False
Weight decay: 0
Smoothing: 0
Batch size: 64
Bidirectional: False
Hidden Dim: 22
n_layers: 1


Time: 20.01.2024 21:59:37
Accuracy: 0.4639817290552585

Optimizer: Adam
Learning Rate: 0.0001
Scheduler: False
Weight decay: 0
Smoothing: 0
Batch size: 64
Bidirectional: False
Hidden Dim: 22
n_layers: 1


Time: 20.01.2024 22:06:23
Accuracy: 0.4576028138528138

Optimizer: Adam
Learning Rate: 0.0001
Scheduler: False
Weight decay: 0
Smoothing: 0
Batch size: 64
Bidirectional: False
Hidden Dim: 22
n_layers: 1


Time: 20.01.2024 22:13:10
Accuracy: 0.4395904952890247

Optimizer: Adam
Learning Rate: 0.0001
Scheduler: False
Weight decay: 0
Smoothing: 0
Batch size: 64
Bidirectional: False
Hidden Dim: 22
n_layers: 1


Time: 20.01.2024 22:19:56
Accuracy: 0.35622930990578044

Optimizer: Adam
Learning Rate: 0.0001
Scheduler: False
Weight decay: 0
Smoothing: 0
Batch size: 64
Bidirectional: False
Hidden Dim: 22
n_layers: 1


Time: 20.01.2024 22:26:45
Accuracy: 0.4823998917748918

Optimizer: Adam
Learning Rate: 0.0001
Scheduler: False
Weight decay: 0
Smoothing: 0
Batch size: 64
Bidirectional: False
Hidden Dim: 22
n_layers: 1


Time: 20.01.2024 22:34:18
Accuracy: 0.4752180417621594

Optimizer: Adam
Learning Rate: 0.0001
Scheduler: False
Weight decay: 0
Smoothing: 0
Batch size: 64
Bidirectional: False
Hidden Dim: 22
n_layers: 1


Time: 20.01.2024 22:41:24
Accuracy: 0.3584598612172142

Optimizer: Adam
Learning Rate: 0.0001
Scheduler: False
Weight decay: 0
Smoothing: 0
Batch size: 64
Bidirectional: False
Hidden Dim: 22
n_layers: 1


Time: 20.01.2024 22:47:22
Accuracy: 0.42148347975553857

Optimizer: Adam
Learning Rate: 0.0001
Scheduler: False
Weight decay: 0
Smoothing: 0
Batch size: 64
Bidirectional: False
Hidden Dim: 22
n_layers: 1


Time: 20.01.2024 22:53:23
Accuracy: 0.4084598612172141

Optimizer: Adam
Learning Rate: 0.0001
Scheduler: False
Weight decay: 0
Smoothing: 0
Batch size: 64
Bidirectional: False
Hidden Dim: 22
n_layers: 1


Time: 20.01.2024 22:59:53
Accuracy: 0.4685375286478228

Optimizer: Adam
Learning Rate: 0.0001
Scheduler: False
Weight decay: 0
Smoothing: 0
Batch size: 64
Bidirectional: False
Hidden Dim: 22
n_layers: 1


Time: 20.01.2024 23:06:24
Accuracy: 0.4683027756557168

Optimizer: Adam
Learning Rate: 0.0001
Scheduler: False
Weight decay: 0
Smoothing: 0
Batch size: 64
Bidirectional: False
Hidden Dim: 22
n_layers: 1


Time: 20.01.2024 23:16:17
Accuracy: 0.44535189075630255

Optimizer: Adam
Learning Rate: 0.0001
Scheduler: False
Weight decay: 0
Smoothing: 0
Batch size: 64
Bidirectional: False
Hidden Dim: 22
n_layers: 1


Time: 20.01.2024 23:27:07
Accuracy: 0.45485023554876497

Optimizer: Adam
Learning Rate: 0.0001
Scheduler: False
Weight decay: 0
Smoothing: 0
Batch size: 64
Bidirectional: False
Hidden Dim: 22
n_layers: 1


Time: 20.01.2024 23:37:59
Accuracy: 0.43810637891520243

Optimizer: Adam
Learning Rate: 0.0001
Scheduler: False
Weight decay: 0
Smoothing: 0
Batch size: 64
Bidirectional: False
Hidden Dim: 22
n_layers: 1


Time: 20.01.2024 23:48:49
Accuracy: 0.446115832696715

Optimizer: Adam
Learning Rate: 0.0001
Scheduler: False
Weight decay: 0
Smoothing: 0
Batch size: 64
Bidirectional: False
Hidden Dim: 22
n_layers: 1


Time: 20.01.2024 23:59:36
Accuracy: 0.4551200025464731

Optimizer: Adam
Learning Rate: 0.0001
Scheduler: False
Weight decay: 0
Smoothing: 0
Batch size: 64
Bidirectional: False
Hidden Dim: 22
n_layers: 1


Time: 21.01.2024 00:10:27
Accuracy: 0.43858065953654185

Optimizer: Adam
Learning Rate: 0.0001
Scheduler: False
Weight decay: 0
Smoothing: 0
Batch size: 64
Bidirectional: False
Hidden Dim: 22
n_layers: 1


Time: 21.01.2024 00:21:18
Accuracy: 0.5069017379679145

Optimizer: Adam
Learning Rate: 0.0001
Scheduler: False
Weight decay: 0
Smoothing: 0
Batch size: 64
Bidirectional: False
Hidden Dim: 22
n_layers: 1


Time: 21.01.2024 00:32:07
Accuracy: 0.39592245989304814

Optimizer: Adam
Learning Rate: 0.0001
Scheduler: False
Weight decay: 0
Smoothing: 0
Batch size: 64
Bidirectional: False
Hidden Dim: 22
n_layers: 1


Time: 21.01.2024 00:42:55
Accuracy: 0.40358973134708426

Optimizer: Adam
Learning Rate: 0.0001
Scheduler: False
Weight decay: 0
Smoothing: 0
Batch size: 64
Bidirectional: False
Hidden Dim: 22
n_layers: 1


Time: 21.01.2024 00:53:44
Accuracy: 0.4324563916475681

Optimizer: Adam
Learning Rate: 0.0001
Scheduler: False
Weight decay: 0
Smoothing: 0
Batch size: 64
Bidirectional: False
Hidden Dim: 22
n_layers: 1


Time: 21.01.2024 01:04:34
Accuracy: 0.41997389865036927

Optimizer: Adam
Learning Rate: 0.0001
Scheduler: False
Weight decay: 0
Smoothing: 0
Batch size: 64
Bidirectional: False
Hidden Dim: 22
n_layers: 1


Time: 21.01.2024 01:15:26
Accuracy: 0.4325407435701553

Optimizer: Adam
Learning Rate: 0.0001
Scheduler: False
Weight decay: 0
Smoothing: 0
Batch size: 64
Bidirectional: False
Hidden Dim: 22
n_layers: 1


Time: 21.01.2024 01:26:19
Accuracy: 0.4251559714795009

Optimizer: Adam
Learning Rate: 0.0001
Scheduler: False
Weight decay: 0
Smoothing: 0
Batch size: 64
Bidirectional: False
Hidden Dim: 22
n_layers: 1


Time: 21.01.2024 01:37:12
Accuracy: 0.4974511395467278

Optimizer: Adam
Learning Rate: 0.0001
Scheduler: False
Weight decay: 0
Smoothing: 0
Batch size: 64
Bidirectional: False
Hidden Dim: 22
n_layers: 1


Time: 21.01.2024 01:48:18
Accuracy: 0.4662011395467278

Optimizer: Adam
Learning Rate: 0.0001
Scheduler: False
Weight decay: 0
Smoothing: 0
Batch size: 64
Bidirectional: False
Hidden Dim: 22
n_layers: 1


Time: 21.01.2024 01:59:37
Accuracy: 0.4074810606060606

Optimizer: Adam
Learning Rate: 0.0001
Scheduler: False
Weight decay: 0
Smoothing: 0
Batch size: 64
Bidirectional: False
Hidden Dim: 22
n_layers: 1


Time: 21.01.2024 02:10:58
Accuracy: 0.4462710084033613

Optimizer: Adam
Learning Rate: 0.0001
Scheduler: False
Weight decay: 0
Smoothing: 0
Batch size: 64
Bidirectional: False
Hidden Dim: 22
n_layers: 1


Time: 21.01.2024 02:22:18
Accuracy: 0.4470580277565572

Optimizer: Adam
Learning Rate: 0.0001
Scheduler: False
Weight decay: 0
Smoothing: 0
Batch size: 64
Bidirectional: False
Hidden Dim: 22
n_layers: 1


Time: 21.01.2024 02:33:40
Accuracy: 0.4620989304812834

Optimizer: Adam
Learning Rate: 0.0001
Scheduler: False
Weight decay: 0
Smoothing: 0
Batch size: 64
Bidirectional: False
Hidden Dim: 22
n_layers: 1


Time: 21.01.2024 02:44:59
Accuracy: 0.421115832696715

Optimizer: Adam
Learning Rate: 0.0001
Scheduler: False
Weight decay: 0
Smoothing: 0
Batch size: 64
Bidirectional: False
Hidden Dim: 22
n_layers: 1


Time: 21.01.2024 02:56:19
Accuracy: 0.4485755665902725

Optimizer: Adam
Learning Rate: 0.0001
Scheduler: False
Weight decay: 0
Smoothing: 0
Batch size: 64
Bidirectional: False
Hidden Dim: 22
n_layers: 1


Time: 21.01.2024 03:07:38
Accuracy: 0.4206320028011204

Optimizer: Adam
Learning Rate: 0.0001
Scheduler: False
Weight decay: 0
Smoothing: 0
Batch size: 64
Bidirectional: False
Hidden Dim: 22
n_layers: 1


Time: 21.01.2024 03:18:59
Accuracy: 0.44304733256939133

Optimizer: Adam
Learning Rate: 0.0001
Scheduler: False
Weight decay: 0
Smoothing: 0
Batch size: 64
Bidirectional: False
Hidden Dim: 22
n_layers: 1


Time: 21.01.2024 03:30:20
Accuracy: 0.5010734975808505

Optimizer: Adam
Learning Rate: 0.0001
Scheduler: False
Weight decay: 0
Smoothing: 0
Batch size: 64
Bidirectional: False
Hidden Dim: 22
n_layers: 1


Time: 21.01.2024 03:41:39
Accuracy: 0.4886427298192004

Optimizer: Adam
Learning Rate: 0.0001
Scheduler: False
Weight decay: 0
Smoothing: 0
Batch size: 64
Bidirectional: False
Hidden Dim: 22
n_layers: 1


Time: 21.01.2024 03:52:59
Accuracy: 0.4107007575757575

Optimizer: Adam
Learning Rate: 0.0001
Scheduler: False
Weight decay: 0
Smoothing: 0
Batch size: 64
Bidirectional: False
Hidden Dim: 22
n_layers: 1


Time: 21.01.2024 04:04:21
Accuracy: 0.4602376177743825

Optimizer: Adam
Learning Rate: 0.0001
Scheduler: False
Weight decay: 0
Smoothing: 0
Batch size: 64
Bidirectional: False
Hidden Dim: 22
n_layers: 1


Time: 21.01.2024 04:14:53
Accuracy: 0.43753819709702063

Optimizer: Adam
Learning Rate: 0.0001
Scheduler: False
Weight decay: 0
Smoothing: 0
Batch size: 64
Bidirectional: False
Hidden Dim: 22
n_layers: 1


Time: 21.01.2024 04:24:53
Accuracy: 0.4379082314744079

Optimizer: Adam
Learning Rate: 0.0001
Scheduler: False
Weight decay: 0
Smoothing: 0
Batch size: 64
Bidirectional: False
Hidden Dim: 22
n_layers: 1


Time: 21.01.2024 04:32:28
Accuracy: 0.44777422332569394

Optimizer: Adam
Learning Rate: 0.0001
Scheduler: False
Weight decay: 0
Smoothing: 0
Batch size: 64
Bidirectional: False
Hidden Dim: 22
n_layers: 1


Time: 21.01.2024 04:40:01
Accuracy: 0.4634835752482811

Optimizer: Adam
Learning Rate: 0.0001
Scheduler: False
Weight decay: 0
Smoothing: 0
Batch size: 64
Bidirectional: False
Hidden Dim: 22
n_layers: 1


Time: 21.01.2024 04:47:34
Accuracy: 0.457789820473644

Optimizer: Adam
Learning Rate: 0.0001
Scheduler: False
Weight decay: 0
Smoothing: 0
Batch size: 64
Bidirectional: False
Hidden Dim: 22
n_layers: 1


Time: 21.01.2024 04:55:10
Accuracy: 0.5023976636108989

Optimizer: Adam
Learning Rate: 0.0001
Scheduler: False
Weight decay: 0
Smoothing: 0
Batch size: 64
Bidirectional: False
Hidden Dim: 22
n_layers: 1


Time: 21.01.2024 05:02:47
Accuracy: 0.47686449579831935

Optimizer: Adam
Learning Rate: 0.0001
Scheduler: False
Weight decay: 0
Smoothing: 0
Batch size: 64
Bidirectional: False
Hidden Dim: 22
n_layers: 1


Time: 21.01.2024 05:10:22
Accuracy: 0.4718757957728546

Optimizer: Adam
Learning Rate: 0.0001
Scheduler: False
Weight decay: 0
Smoothing: 0
Batch size: 64
Bidirectional: False
Hidden Dim: 22
n_layers: 1


Time: 21.01.2024 05:17:56
Accuracy: 0.4440277247262541

Optimizer: Adam
Learning Rate: 0.0001
Scheduler: False
Weight decay: 0
Smoothing: 0
Batch size: 64
Bidirectional: False
Hidden Dim: 22
n_layers: 1


Time: 21.01.2024 05:25:31
Accuracy: 0.4647440794499618

Optimizer: Adam
Learning Rate: 0.0001
Scheduler: False
Weight decay: 0
Smoothing: 0
Batch size: 64
Bidirectional: False
Hidden Dim: 22
n_layers: 1


Time: 21.01.2024 05:32:20
Accuracy: 0.36039279348102876

Optimizer: Adam
Learning Rate: 0.0001
Scheduler: False
Weight decay: 0
Smoothing: 0
Batch size: 64
Bidirectional: False
Hidden Dim: 22
n_layers: 1


Time: 21.01.2024 05:38:13
Accuracy: 0.4083086643748408

Optimizer: Adam
Learning Rate: 0.0001
Scheduler: False
Weight decay: 0
Smoothing: 0
Batch size: 64
Bidirectional: False
Hidden Dim: 22
n_layers: 1


Time: 21.01.2024 05:44:24
Accuracy: 0.44834797555385786

Optimizer: Adam
Learning Rate: 0.0001
Scheduler: False
Weight decay: 0
Smoothing: 0
Batch size: 64
Bidirectional: False
Hidden Dim: 22
n_layers: 1


Time: 21.01.2024 05:51:48
Accuracy: 0.42035666539343014

Optimizer: Adam
Learning Rate: 0.0001
Scheduler: False
Weight decay: 0
Smoothing: 0
Batch size: 64
Bidirectional: False
Hidden Dim: 22
n_layers: 1


Time: 21.01.2024 05:59:40
Accuracy: 0.4350553857906799

Optimizer: Adam
Learning Rate: 0.0001
Scheduler: False
Weight decay: 0
Smoothing: 0
Batch size: 64
Bidirectional: False
Hidden Dim: 22
n_layers: 1


Time: 21.01.2024 06:10:13
Accuracy: 0.43882257448433915

Optimizer: Adam
Learning Rate: 0.0001
Scheduler: False
Weight decay: 0
Smoothing: 0
Batch size: 64
Bidirectional: False
Hidden Dim: 22
n_layers: 1


Time: 21.01.2024 06:20:44
Accuracy: 0.45769114463967403

Optimizer: Adam
Learning Rate: 0.0001
Scheduler: False
Weight decay: 0
Smoothing: 0
Batch size: 64
Bidirectional: False
Hidden Dim: 22
n_layers: 1


Time: 21.01.2024 06:30:50
Accuracy: 0.3749228100331041

Optimizer: Adam
Learning Rate: 0.0001
Scheduler: False
Weight decay: 0
Smoothing: 0
Batch size: 64
Bidirectional: False
Hidden Dim: 22
n_layers: 1


Time: 21.01.2024 06:40:14
Accuracy: 0.5105742296918767

Optimizer: Adam
Learning Rate: 0.0001
Scheduler: False
Weight decay: 0
Smoothing: 0
Batch size: 64
Bidirectional: False
Hidden Dim: 22
n_layers: 1


Time: 21.01.2024 06:49:39
Accuracy: 0.4622541061879297

Optimizer: Adam
Learning Rate: 0.0001
Scheduler: False
Weight decay: 0
Smoothing: 0
Batch size: 64
Bidirectional: False
Hidden Dim: 22
n_layers: 1


Time: 21.01.2024 06:59:00
Accuracy: 0.45334145021645017

Optimizer: Adam
Learning Rate: 0.0001
Scheduler: False
Weight decay: 0
Smoothing: 0
Batch size: 64
Bidirectional: False
Hidden Dim: 22
n_layers: 1


Time: 21.01.2024 07:08:07
Accuracy: 0.47010122230710466

Optimizer: Adam
Learning Rate: 0.0001
Scheduler: False
Weight decay: 0
Smoothing: 0
Batch size: 64
Bidirectional: False
Hidden Dim: 22
n_layers: 1


Time: 21.01.2024 07:17:18
Accuracy: 0.4264164756811816

Optimizer: Adam
Learning Rate: 0.0001
Scheduler: False
Weight decay: 0
Smoothing: 0
Batch size: 64
Bidirectional: False
Hidden Dim: 22
n_layers: 1


Time: 21.01.2024 07:26:30
Accuracy: 0.4666388146167558

Optimizer: Adam
Learning Rate: 0.0001
Scheduler: False
Weight decay: 0
Smoothing: 0
Batch size: 64
Bidirectional: False
Hidden Dim: 22
n_layers: 1


Time: 21.01.2024 07:35:41
Accuracy: 0.4465145148968679

Optimizer: Adam
Learning Rate: 0.0001
Scheduler: False
Weight decay: 0
Smoothing: 0
Batch size: 64
Bidirectional: False
Hidden Dim: 22
n_layers: 1


Time: 21.01.2024 07:44:49
Accuracy: 0.3655621339444869

Optimizer: Adam
Learning Rate: 0.0001
Scheduler: False
Weight decay: 0
Smoothing: 0
Batch size: 64
Bidirectional: False
Hidden Dim: 22
n_layers: 1


Time: 21.01.2024 07:53:58
Accuracy: 0.370565953654189

Optimizer: Adam
Learning Rate: 0.0001
Scheduler: False
Weight decay: 0
Smoothing: 0
Batch size: 64
Bidirectional: False
Hidden Dim: 22
n_layers: 1


Time: 21.01.2024 08:03:07
Accuracy: 0.4114877769289534

Optimizer: Adam
Learning Rate: 0.0001
Scheduler: False
Weight decay: 0
Smoothing: 0
Batch size: 64
Bidirectional: False
Hidden Dim: 22
n_layers: 1


Time: 21.01.2024 08:12:21
Accuracy: 0.4646485867074102

Optimizer: Adam
Learning Rate: 0.0001
Scheduler: False
Weight decay: 0
Smoothing: 0
Batch size: 64
Bidirectional: False
Hidden Dim: 22
n_layers: 1


Time: 21.01.2024 08:21:35
Accuracy: 0.45024987267634325

Optimizer: Adam
Learning Rate: 0.0001
Scheduler: False
Weight decay: 0
Smoothing: 0
Batch size: 64
Bidirectional: False
Hidden Dim: 22
n_layers: 1


Time: 21.01.2024 08:30:23
Accuracy: 0.4277899796282149

Optimizer: Adam
Learning Rate: 0.0001
Scheduler: False
Weight decay: 0
Smoothing: 0
Batch size: 64
Bidirectional: False
Hidden Dim: 22
n_layers: 1


Time: 21.01.2024 08:39:02
Accuracy: 0.38244922969187667

Optimizer: Adam
Learning Rate: 0.0001
Scheduler: False
Weight decay: 0
Smoothing: 0
Batch size: 64
Bidirectional: False
Hidden Dim: 22
n_layers: 1


Time: 21.01.2024 08:47:37
Accuracy: 0.4678969314998727

Optimizer: Adam
Learning Rate: 0.0001
Scheduler: False
Weight decay: 0
Smoothing: 0
Batch size: 64
Bidirectional: False
Hidden Dim: 22
n_layers: 1


Time: 21.01.2024 08:53:34
Accuracy: 0.41729373567608863

Optimizer: Adam
Learning Rate: 0.0001
Scheduler: False
Weight decay: 0
Smoothing: 0
Batch size: 64
Bidirectional: False
Hidden Dim: 22
n_layers: 1


Time: 21.01.2024 08:59:33
Accuracy: 0.4205317354214413

Optimizer: Adam
Learning Rate: 0.0001
Scheduler: False
Weight decay: 0
Smoothing: 0
Batch size: 64
Bidirectional: False
Hidden Dim: 22
n_layers: 1


Time: 21.01.2024 09:09:07
Accuracy: 0.4242121848739496

Optimizer: Adam
Learning Rate: 0.0001
Scheduler: False
Weight decay: 0
Smoothing: 0
Batch size: 64
Bidirectional: False
Hidden Dim: 22
n_layers: 1


Time: 21.01.2024 09:18:00
Accuracy: 0.4083404952890247

Optimizer: Adam
Learning Rate: 0.0001
Scheduler: False
Weight decay: 0
Smoothing: 0
Batch size: 64
Bidirectional: False
Hidden Dim: 22
n_layers: 1


Time: 21.01.2024 09:25:33
Accuracy: 0.4680242551566081

Optimizer: Adam
Learning Rate: 0.0001
Scheduler: False
Weight decay: 0
Smoothing: 0
Batch size: 64
Bidirectional: False
Hidden Dim: 22
n_layers: 1


Time: 21.01.2024 09:33:06
Accuracy: 0.473901833460657

Optimizer: Adam
Learning Rate: 0.0001
Scheduler: False
Weight decay: 0
Smoothing: 0
Batch size: 64
Bidirectional: False
Hidden Dim: 22
n_layers: 1


Time: 21.01.2024 09:42:41
Accuracy: 0.4435128596893303

Optimizer: Adam
Learning Rate: 0.0001
Scheduler: False
Weight decay: 0
Smoothing: 0
Batch size: 64
Bidirectional: False
Hidden Dim: 22
n_layers: 1


Time: 21.01.2024 09:52:58
Accuracy: 0.4426589954163484

Optimizer: Adam
Learning Rate: 0.0001
Scheduler: False
Weight decay: 0
Smoothing: 0
Batch size: 64
Bidirectional: False
Hidden Dim: 22
n_layers: 1


Time: 21.01.2024 10:03:22
Accuracy: 0.4347203654188948

Optimizer: Adam
Learning Rate: 0.0001
Scheduler: False
Weight decay: 0
Smoothing: 0
Batch size: 64
Bidirectional: False
Hidden Dim: 22
n_layers: 1


Time: 21.01.2024 10:13:48
Accuracy: 0.4745774446142093

Optimizer: Adam
Learning Rate: 0.0001
Scheduler: False
Weight decay: 0
Smoothing: 0
Batch size: 64
Bidirectional: False
Hidden Dim: 22
n_layers: 1


Time: 21.01.2024 10:24:10
Accuracy: 0.4024199452508276

Optimizer: Adam
Learning Rate: 0.0001
Scheduler: False
Weight decay: 0
Smoothing: 0
Batch size: 64
Bidirectional: False
Hidden Dim: 22
n_layers: 1


Time: 21.01.2024 10:32:56
Accuracy: 0.38539040616246495

Optimizer: Adam
Learning Rate: 0.0001
Scheduler: False
Weight decay: 0
Smoothing: 0
Batch size: 64
Bidirectional: False
Hidden Dim: 22
n_layers: 1


Time: 21.01.2024 10:40:50
Accuracy: 0.4779109371021136

Optimizer: Adam
Learning Rate: 0.0001
Scheduler: False
Weight decay: 0
Smoothing: 0
Batch size: 64
Bidirectional: False
Hidden Dim: 22
n_layers: 1


Time: 21.01.2024 10:48:41
Accuracy: 0.4569749490705373

Optimizer: Adam
Learning Rate: 0.0001
Scheduler: False
Weight decay: 0
Smoothing: 0
Batch size: 64
Bidirectional: False
Hidden Dim: 22
n_layers: 1


Time: 21.01.2024 10:56:26
Accuracy: 0.42427584670231727

Optimizer: Adam
Learning Rate: 0.0001
Scheduler: False
Weight decay: 0
Smoothing: 0
Batch size: 64
Bidirectional: False
Hidden Dim: 22
n_layers: 1


Time: 21.01.2024 11:04:10
Accuracy: 0.44065364782276545

Optimizer: Adam
Learning Rate: 0.0001
Scheduler: False
Weight decay: 0
Smoothing: 0
Batch size: 64
Bidirectional: False
Hidden Dim: 22
n_layers: 1


Time: 21.01.2024 11:11:53
Accuracy: 0.43141552075375605

Optimizer: Adam
Learning Rate: 0.0001
Scheduler: False
Weight decay: 0
Smoothing: 0
Batch size: 64
Bidirectional: False
Hidden Dim: 22
n_layers: 1


Time: 21.01.2024 11:19:37
Accuracy: 0.41524064171122993

Optimizer: Adam
Learning Rate: 0.0001
Scheduler: False
Weight decay: 0
Smoothing: 0
Batch size: 64
Bidirectional: False
Hidden Dim: 22
n_layers: 1


Time: 21.01.2024 11:28:00
Accuracy: 0.4173406862745098

Optimizer: Adam
Learning Rate: 0.0001
Scheduler: False
Weight decay: 0
Smoothing: 0
Batch size: 64
Bidirectional: False
Hidden Dim: 22
n_layers: 1


Time: 21.01.2024 11:36:30
Accuracy: 0.4913284632034632

Optimizer: Adam
Learning Rate: 0.0001
Scheduler: False
Weight decay: 0
Smoothing: 0
Batch size: 64
Bidirectional: False
Hidden Dim: 22
n_layers: 1


Time: 21.01.2024 11:45:22
Accuracy: 0.41303714667685254

Optimizer: Adam
Learning Rate: 0.0001
Scheduler: False
Weight decay: 0
Smoothing: 0
Batch size: 64
Bidirectional: False
Hidden Dim: 22
n_layers: 1


Time: 21.01.2024 11:55:54
Accuracy: 0.4104182582123758

Optimizer: Adam
Learning Rate: 0.0001
Scheduler: False
Weight decay: 0
Smoothing: 0
Batch size: 64
Bidirectional: False
Hidden Dim: 22
n_layers: 1


Time: 21.01.2024 12:06:24
Accuracy: 0.4777963458110517

Optimizer: Adam
Learning Rate: 0.0001
Scheduler: False
Weight decay: 0
Smoothing: 0
Batch size: 64
Bidirectional: False
Hidden Dim: 22
n_layers: 1


Time: 21.01.2024 12:16:54
Accuracy: 0.45557836771072063

Optimizer: Adam
Learning Rate: 0.0001
Scheduler: False
Weight decay: 0
Smoothing: 0
Batch size: 64
Bidirectional: False
Hidden Dim: 22
n_layers: 1


Time: 21.01.2024 12:27:25
Accuracy: 0.4180489241151006

Optimizer: Adam
Learning Rate: 0.0001
Scheduler: False
Weight decay: 0
Smoothing: 0
Batch size: 64
Bidirectional: False
Hidden Dim: 22
n_layers: 1


Time: 21.01.2024 12:37:56
Accuracy: 0.4530748663101604

Optimizer: Adam
Learning Rate: 0.0001
Scheduler: False
Weight decay: 0
Smoothing: 0
Batch size: 64
Bidirectional: False
Hidden Dim: 22
n_layers: 1


Time: 21.01.2024 12:48:27
Accuracy: 0.4934722752737459

Optimizer: Adam
Learning Rate: 0.0001
Scheduler: False
Weight decay: 0
Smoothing: 0
Batch size: 64
Bidirectional: False
Hidden Dim: 22
n_layers: 1


Time: 21.01.2024 12:58:57
Accuracy: 0.4514761586452763

Optimizer: Adam
Learning Rate: 0.0001
Scheduler: False
Weight decay: 0
Smoothing: 0
Batch size: 64
Bidirectional: False
Hidden Dim: 22
n_layers: 1


Time: 21.01.2024 13:09:31
Accuracy: 0.4628716259230965

Optimizer: Adam
Learning Rate: 0.0001
Scheduler: False
Weight decay: 0
Smoothing: 0
Batch size: 64
Bidirectional: False
Hidden Dim: 22
n_layers: 1


Time: 21.01.2024 13:20:02
Accuracy: 0.42151451489686786

Optimizer: Adam
Learning Rate: 0.0001
Scheduler: False
Weight decay: 0
Smoothing: 0
Batch size: 64
Bidirectional: False
Hidden Dim: 22
n_layers: 1


Time: 21.01.2024 13:30:18
Accuracy: 0.4900154379933792

Optimizer: Adam
Learning Rate: 0.0001
Scheduler: False
Weight decay: 0
Smoothing: 0
Batch size: 64
Bidirectional: False
Hidden Dim: 22
n_layers: 1


Time: 21.01.2024 13:40:18
Accuracy: 0.40883069136745603

Optimizer: Adam
Learning Rate: 0.0001
Scheduler: False
Weight decay: 0
Smoothing: 0
Batch size: 64
Bidirectional: False
Hidden Dim: 22
n_layers: 1


Time: 21.01.2024 13:49:31
Accuracy: 0.39870050292844406

Optimizer: Adam
Learning Rate: 0.0001
Scheduler: False
Weight decay: 0
Smoothing: 0
Batch size: 64
Bidirectional: False
Hidden Dim: 22
n_layers: 1


Time: 21.01.2024 13:56:57
Accuracy: 0.4238787560478737

Optimizer: Adam
Learning Rate: 0.0001
Scheduler: False
Weight decay: 0
Smoothing: 0
Batch size: 64
Bidirectional: False
Hidden Dim: 22
n_layers: 1


Time: 21.01.2024 14:04:23
Accuracy: 0.3908971543162719

Optimizer: Adam
Learning Rate: 0.0001
Scheduler: False
Weight decay: 0
Smoothing: 0
Batch size: 64
Bidirectional: False
Hidden Dim: 22
n_layers: 1


Time: 21.01.2024 14:11:50
Accuracy: 0.40445791953144894

Optimizer: Adam
Learning Rate: 0.0001
Scheduler: False
Weight decay: 0
Smoothing: 0
Batch size: 64
Bidirectional: False
Hidden Dim: 22
n_layers: 1


Time: 21.01.2024 14:19:18
Accuracy: 0.38269989814107463

Optimizer: Adam
Learning Rate: 0.0001
Scheduler: False
Weight decay: 0
Smoothing: 0
Batch size: 64
Bidirectional: False
Hidden Dim: 22
n_layers: 1


Time: 21.01.2024 14:26:46
Accuracy: 0.3979254201680672

Optimizer: Adam
Learning Rate: 0.0001
Scheduler: False
Weight decay: 0
Smoothing: 0
Batch size: 64
Bidirectional: False
Hidden Dim: 22
n_layers: 1


Time: 21.01.2024 14:34:13
Accuracy: 0.4265628978864273

Optimizer: Adam
Learning Rate: 0.0001
Scheduler: False
Weight decay: 0
Smoothing: 0
Batch size: 64
Bidirectional: False
Hidden Dim: 22
n_layers: 1


Time: 21.01.2024 14:41:39
Accuracy: 0.4350219633307868

Optimizer: Adam
Learning Rate: 0.0001
Scheduler: False
Weight decay: 0
Smoothing: 0
Batch size: 64
Bidirectional: False
Hidden Dim: 22
n_layers: 1


Time: 21.01.2024 14:49:04
Accuracy: 0.44673335243188184

Optimizer: Adam
Learning Rate: 0.0001
Scheduler: False
Weight decay: 0
Smoothing: 0
Batch size: 64
Bidirectional: False
Hidden Dim: 22
n_layers: 1


Time: 21.01.2024 14:56:30
Accuracy: 0.43370575502928443

Optimizer: Adam
Learning Rate: 0.0001
Scheduler: False
Weight decay: 0
Smoothing: 0
Batch size: 64
Bidirectional: False
Hidden Dim: 22
n_layers: 1


Time: 21.01.2024 15:03:59
Accuracy: 0.45882512095747385

Optimizer: Adam
Learning Rate: 0.0001
Scheduler: False
Weight decay: 0
Smoothing: 0
Batch size: 64
Bidirectional: False
Hidden Dim: 22
n_layers: 1


Time: 21.01.2024 15:11:28
Accuracy: 0.5173184046345811

Optimizer: Adam
Learning Rate: 0.0001
Scheduler: False
Weight decay: 0
Smoothing: 0
Batch size: 64
Bidirectional: False
Hidden Dim: 22
n_layers: 1


Time: 21.01.2024 15:18:55
Accuracy: 0.42537878787878786

Optimizer: Adam
Learning Rate: 0.0001
Scheduler: False
Weight decay: 0
Smoothing: 0
Batch size: 64
Bidirectional: False
Hidden Dim: 22
n_layers: 1


Time: 21.01.2024 15:26:23
Accuracy: 0.4210203399541635

Optimizer: Adam
Learning Rate: 0.0001
Scheduler: False
Weight decay: 0
Smoothing: 0
Batch size: 64
Bidirectional: False
Hidden Dim: 22
n_layers: 1


Time: 21.01.2024 15:33:50
Accuracy: 0.4535921186656481

Optimizer: Adam
Learning Rate: 0.0001
Scheduler: False
Weight decay: 0
Smoothing: 0
Batch size: 64
Bidirectional: False
Hidden Dim: 22
n_layers: 1


Time: 21.01.2024 15:41:18
Accuracy: 0.4413602941176471

Optimizer: Adam
Learning Rate: 0.0001
Scheduler: False
Weight decay: 0
Smoothing: 0
Batch size: 64
Bidirectional: False
Hidden Dim: 22
n_layers: 1


Time: 21.01.2024 15:48:46
Accuracy: 0.48649016424751723

Optimizer: Adam
Learning Rate: 0.0001
Scheduler: False
Weight decay: 0
Smoothing: 0
Batch size: 64
Bidirectional: False
Hidden Dim: 22
n_layers: 1


Time: 21.01.2024 15:55:42
Accuracy: 0.4508307868601986

Optimizer: Adam
Learning Rate: 0.0001
Scheduler: False
Weight decay: 0
Smoothing: 0
Batch size: 64
Bidirectional: False
Hidden Dim: 22
n_layers: 1


Time: 21.01.2024 16:02:06
Accuracy: 0.5159966259230965

Optimizer: Adam
Learning Rate: 0.0001
Scheduler: False
Weight decay: 0
Smoothing: 0
Batch size: 64
Bidirectional: False
Hidden Dim: 22
n_layers: 1


Time: 21.01.2024 16:08:32
Accuracy: 0.4004615482556659

Optimizer: Adam
Learning Rate: 0.0001
Scheduler: False
Weight decay: 0
Smoothing: 0
Batch size: 64
Bidirectional: False
Hidden Dim: 22
n_layers: 1


Time: 21.01.2024 16:15:58
Accuracy: 0.4252976190476191

Optimizer: Adam
Learning Rate: 0.0001
Scheduler: False
Weight decay: 0
Smoothing: 0
Batch size: 64
Bidirectional: False
Hidden Dim: 22
n_layers: 1


Time: 21.01.2024 16:25:04
Accuracy: 0.37156066972243446

Optimizer: Adam
Learning Rate: 0.0001
Scheduler: False
Weight decay: 0
Smoothing: 0
Batch size: 64
Bidirectional: False
Hidden Dim: 22
n_layers: 1


Time: 21.01.2024 16:34:13
Accuracy: 0.4267196651387828

Optimizer: Adam
Learning Rate: 0.0001
Scheduler: False
Weight decay: 0
Smoothing: 0
Batch size: 64
Bidirectional: False
Hidden Dim: 22
n_layers: 1


Time: 21.01.2024 16:43:19
Accuracy: 0.3902923669467787

Optimizer: Adam
Learning Rate: 0.0001
Scheduler: False
Weight decay: 0
Smoothing: 0
Batch size: 64
Bidirectional: False
Hidden Dim: 22
n_layers: 1


Time: 21.01.2024 16:50:49
Accuracy: 0.37320155334861216

Optimizer: Adam
Learning Rate: 0.0001
Scheduler: False
Weight decay: 0
Smoothing: 0
Batch size: 64
Bidirectional: False
Hidden Dim: 22
n_layers: 1


Time: 21.01.2024 16:57:16
Accuracy: 0.44298367074102374

Optimizer: Adam
Learning Rate: 0.0001
Scheduler: False
Weight decay: 0
Smoothing: 0
Batch size: 64
Bidirectional: False
Hidden Dim: 22
n_layers: 1


Time: 21.01.2024 17:03:03
Accuracy: 0.391801948051948

Optimizer: Adam
Learning Rate: 0.0001
Scheduler: False
Weight decay: 0
Smoothing: 0
Batch size: 64
Bidirectional: False
Hidden Dim: 22
n_layers: 1


Time: 21.01.2024 17:08:16
Accuracy: 0.3980988986503692

Optimizer: Adam
Learning Rate: 0.0001
Scheduler: False
Weight decay: 0
Smoothing: 0
Batch size: 64
Bidirectional: False
Hidden Dim: 22
n_layers: 1


Time: 21.01.2024 17:16:13
Accuracy: 0.417561115355233

Optimizer: Adam
Learning Rate: 0.0001
Scheduler: False
Weight decay: 0
Smoothing: 0
Batch size: 64
Bidirectional: False
Hidden Dim: 22
n_layers: 1


Time: 21.01.2024 17:29:15
Accuracy: 0.4345349503437739

Optimizer: Adam
Learning Rate: 0.0001
Scheduler: False
Weight decay: 0
Smoothing: 0
Batch size: 64
Bidirectional: False
Hidden Dim: 22
n_layers: 1


Time: 21.01.2024 17:42:15
Accuracy: 0.41570616883116884

Optimizer: Adam
Learning Rate: 0.0001
Scheduler: False
Weight decay: 0
Smoothing: 0
Batch size: 64
Bidirectional: False
Hidden Dim: 22
n_layers: 1


Time: 21.01.2024 17:55:16
Accuracy: 0.4295995670995671

Optimizer: Adam
Learning Rate: 0.0001
Scheduler: False
Weight decay: 0
Smoothing: 0
Batch size: 64
Bidirectional: False
Hidden Dim: 22
n_layers: 1


Time: 21.01.2024 18:08:14
Accuracy: 0.4719116055513114

Optimizer: Adam
Learning Rate: 0.0001
Scheduler: False
Weight decay: 0
Smoothing: 0
Batch size: 64
Bidirectional: False
Hidden Dim: 22
n_layers: 1


Time: 21.01.2024 18:21:18
Accuracy: 0.3972235485103132

Optimizer: Adam
Learning Rate: 0.0001
Scheduler: False
Weight decay: 0
Smoothing: 0
Batch size: 64
Bidirectional: False
Hidden Dim: 22
n_layers: 1


Time: 21.01.2024 18:34:20
Accuracy: 0.4395236503692387

Optimizer: Adam
Learning Rate: 0.0001
Scheduler: False
Weight decay: 0
Smoothing: 0
Batch size: 64
Bidirectional: False
Hidden Dim: 22
n_layers: 1


Time: 21.01.2024 18:47:21
Accuracy: 0.37852209065444364

Optimizer: Adam
Learning Rate: 0.0001
Scheduler: False
Weight decay: 0
Smoothing: 0
Batch size: 64
Bidirectional: False
Hidden Dim: 22
n_layers: 1


Time: 21.01.2024 19:00:21
Accuracy: 0.42511936592818944

Optimizer: Adam
Learning Rate: 0.0001
Scheduler: False
Weight decay: 0
Smoothing: 0
Batch size: 64
Bidirectional: False
Hidden Dim: 22
n_layers: 1


Time: 21.01.2024 19:13:22
Accuracy: 0.4732047364400306

Optimizer: Adam
Learning Rate: 0.0001
Scheduler: False
Weight decay: 0
Smoothing: 0
Batch size: 64
Bidirectional: False
Hidden Dim: 22
n_layers: 1


Time: 21.01.2024 19:23:46
Accuracy: 0.4238700025464731

Optimizer: Adam
Learning Rate: 0.0001
Scheduler: False
Weight decay: 0
Smoothing: 0
Batch size: 64
Bidirectional: False
Hidden Dim: 22
n_layers: 1


Time: 21.01.2024 19:29:50
Accuracy: 0.46088139801375094

Optimizer: Adam
Learning Rate: 0.0001
Scheduler: False
Weight decay: 0
Smoothing: 0
Batch size: 64
Bidirectional: False
Hidden Dim: 22
n_layers: 1


Time: 21.01.2024 19:35:52
Accuracy: 0.41250636618283676

Optimizer: Adam
Learning Rate: 0.0001
Scheduler: False
Weight decay: 0
Smoothing: 0
Batch size: 64
Bidirectional: False
Hidden Dim: 22
n_layers: 1


Time: 21.01.2024 19:42:43
Accuracy: 0.421701521517698

Optimizer: Adam
Learning Rate: 0.0001
Scheduler: False
Weight decay: 0
Smoothing: 0
Batch size: 64
Bidirectional: False
Hidden Dim: 22
n_layers: 1


Time: 21.01.2024 19:50:09
Accuracy: 0.44621212121212117

Optimizer: Adam
Learning Rate: 0.0001
Scheduler: False
Weight decay: 0
Smoothing: 0
Batch size: 64
Bidirectional: False
Hidden Dim: 22
n_layers: 1


Time: 21.01.2024 19:57:37
Accuracy: 0.4756398013750955

Optimizer: Adam
Learning Rate: 0.0001
Scheduler: False
Weight decay: 0
Smoothing: 0
Batch size: 64
Bidirectional: False
Hidden Dim: 22
n_layers: 1


Time: 21.01.2024 20:04:28
Accuracy: 0.39967452890247007

Optimizer: Adam
Learning Rate: 0.0001
Scheduler: False
Weight decay: 0
Smoothing: 0
Batch size: 64
Bidirectional: False
Hidden Dim: 22
n_layers: 1


Time: 21.01.2024 20:10:59
Accuracy: 0.514370861981156

Optimizer: Adam
Learning Rate: 0.0001
Scheduler: False
Weight decay: 0
Smoothing: 0
Batch size: 64
Bidirectional: False
Hidden Dim: 22
n_layers: 1


Time: 21.01.2024 20:17:29
Accuracy: 0.3782793799337917

Optimizer: Adam
Learning Rate: 0.0001
Scheduler: False
Weight decay: 0
Smoothing: 0
Batch size: 64
Bidirectional: False
Hidden Dim: 22
n_layers: 1


Time: 21.01.2024 20:23:58
Accuracy: 0.438333969951617

Optimizer: Adam
Learning Rate: 0.0001
Scheduler: False
Weight decay: 0
Smoothing: 0
Batch size: 64
Bidirectional: False
Hidden Dim: 22
n_layers: 1


Time: 21.01.2024 20:30:26
Accuracy: 0.43860771581359814

Optimizer: Adam
Learning Rate: 0.0001
Scheduler: False
Weight decay: 0
Smoothing: 0
Batch size: 64
Bidirectional: False
Hidden Dim: 22
n_layers: 1


Time: 21.01.2024 20:36:55
Accuracy: 0.47166809905780493

Optimizer: Adam
Learning Rate: 0.0001
Scheduler: False
Weight decay: 0
Smoothing: 0
Batch size: 64
Bidirectional: False
Hidden Dim: 22
n_layers: 1


Time: 21.01.2024 20:44:50
Accuracy: 0.5439171122994653

Optimizer: Adam
Learning Rate: 0.0001
Scheduler: False
Weight decay: 0
Smoothing: 0
Batch size: 64
Bidirectional: False
Hidden Dim: 22
n_layers: 1


Time: 21.01.2024 20:54:44
Accuracy: 0.4314465558950853

Optimizer: Adam
Learning Rate: 0.0001
Scheduler: False
Weight decay: 0
Smoothing: 0
Batch size: 64
Bidirectional: False
Hidden Dim: 22
n_layers: 1


Time: 21.01.2024 21:04:38
Accuracy: 0.4211683537051184

Optimizer: Adam
Learning Rate: 0.0001
Scheduler: False
Weight decay: 0
Smoothing: 0
Batch size: 64
Bidirectional: False
Hidden Dim: 22
n_layers: 1


Time: 21.01.2024 21:14:31
Accuracy: 0.4533732811306341

Optimizer: Adam
Learning Rate: 0.0001
Scheduler: False
Weight decay: 0
Smoothing: 0
Batch size: 64
Bidirectional: False
Hidden Dim: 22
n_layers: 1


Time: 21.01.2024 21:23:44
Accuracy: 0.4661820409982175

Optimizer: Adam
Learning Rate: 0.0001
Scheduler: False
Weight decay: 0
Smoothing: 0
Batch size: 64
Bidirectional: False
Hidden Dim: 22
n_layers: 1


Time: 21.01.2024 21:32:21
Accuracy: 0.48282165138782784

Optimizer: Adam
Learning Rate: 0.0001
Scheduler: False
Weight decay: 0
Smoothing: 0
Batch size: 64
Bidirectional: False
Hidden Dim: 22
n_layers: 1


Time: 21.01.2024 21:40:59
Accuracy: 0.4185693595620066

Optimizer: Adam
Learning Rate: 0.0001
Scheduler: False
Weight decay: 0
Smoothing: 0
Batch size: 64
Bidirectional: False
Hidden Dim: 22
n_layers: 1


Time: 21.01.2024 21:46:45
Accuracy: 0.4864265024191495

Optimizer: Adam
Learning Rate: 0.0001
Scheduler: False
Weight decay: 0
Smoothing: 0
Batch size: 64
Bidirectional: False
Hidden Dim: 22
n_layers: 1


Time: 21.01.2024 21:52:25
Accuracy: 0.4258992233256939

Optimizer: Adam
Learning Rate: 0.0001
Scheduler: False
Weight decay: 0
Smoothing: 0
Batch size: 64
Bidirectional: False
Hidden Dim: 22
n_layers: 1


Time: 21.01.2024 21:58:05
Accuracy: 0.3906345492742551

Optimizer: Adam
Learning Rate: 0.0001
Scheduler: False
Weight decay: 0
Smoothing: 0
Batch size: 64
Bidirectional: False
Hidden Dim: 22
n_layers: 1


Time: 21.01.2024 22:03:47
Accuracy: 0.4150576139546728

Optimizer: Adam
Learning Rate: 0.0001
Scheduler: False
Weight decay: 0
Smoothing: 0
Batch size: 64
Bidirectional: False
Hidden Dim: 22
n_layers: 1


Time: 21.01.2024 22:09:27
Accuracy: 0.4732843137254902

Optimizer: Adam
Learning Rate: 0.0001
Scheduler: False
Weight decay: 0
Smoothing: 0
Batch size: 64
Bidirectional: False
Hidden Dim: 22
n_layers: 1


Time: 21.01.2024 22:15:06
Accuracy: 0.3786510058568882

Optimizer: Adam
Learning Rate: 0.0001
Scheduler: False
Weight decay: 0
Smoothing: 0
Batch size: 64
Bidirectional: False
Hidden Dim: 22
n_layers: 1


Time: 21.01.2024 22:20:46
Accuracy: 0.48836420932009167

Optimizer: Adam
Learning Rate: 0.0001
Scheduler: False
Weight decay: 0
Smoothing: 0
Batch size: 64
Bidirectional: False
Hidden Dim: 22
n_layers: 1


Time: 21.01.2024 22:29:07
Accuracy: 0.41885185892538834

Optimizer: Adam
Learning Rate: 0.0001
Scheduler: False
Weight decay: 0
Smoothing: 0
Batch size: 64
Bidirectional: False
Hidden Dim: 22
n_layers: 1


Time: 21.01.2024 22:38:06
Accuracy: 0.4647687484084543

Optimizer: Adam
Learning Rate: 0.0001
Scheduler: False
Weight decay: 0
Smoothing: 0
Batch size: 64
Bidirectional: False
Hidden Dim: 22
n_layers: 1


Time: 21.01.2024 22:47:02
Accuracy: 0.41507671250318307

Optimizer: Adam
Learning Rate: 0.0001
Scheduler: False
Weight decay: 0
Smoothing: 0
Batch size: 64
Bidirectional: False
Hidden Dim: 22
n_layers: 1


Time: 21.01.2024 22:56:41
Accuracy: 0.41882002801120444

Optimizer: Adam
Learning Rate: 0.0001
Scheduler: False
Weight decay: 0
Smoothing: 0
Batch size: 64
Bidirectional: False
Hidden Dim: 22
n_layers: 1


Time: 21.01.2024 23:06:21
Accuracy: 0.4677735867074102

Optimizer: Adam
Learning Rate: 0.0001
Scheduler: False
Weight decay: 0
Smoothing: 0
Batch size: 64
Bidirectional: False
Hidden Dim: 22
n_layers: 1


Time: 21.01.2024 23:16:00
Accuracy: 0.4130514705882353

Optimizer: Adam
Learning Rate: 0.0001
Scheduler: False
Weight decay: 0
Smoothing: 0
Batch size: 64
Bidirectional: False
Hidden Dim: 22
n_layers: 1


Time: 21.01.2024 23:25:37
Accuracy: 0.41315173796791443

Optimizer: Adam
Learning Rate: 0.0001
Scheduler: False
Weight decay: 0
Smoothing: 0
Batch size: 64
Bidirectional: False
Hidden Dim: 22
n_layers: 1


Time: 21.01.2024 23:35:16
Accuracy: 0.4241294244970716

Optimizer: Adam
Learning Rate: 0.0001
Scheduler: False
Weight decay: 0
Smoothing: 0
Batch size: 64
Bidirectional: False
Hidden Dim: 22
n_layers: 1


Time: 21.01.2024 23:44:56
Accuracy: 0.47375381970970204

Optimizer: Adam
Learning Rate: 0.0001
Scheduler: False
Weight decay: 0
Smoothing: 0
Batch size: 64
Bidirectional: False
Hidden Dim: 22
n_layers: 1


Time: 21.01.2024 23:54:33
Accuracy: 0.4368052902979373

Optimizer: Adam
Learning Rate: 0.0001
Scheduler: False
Weight decay: 0
Smoothing: 0
Batch size: 64
Bidirectional: False
Hidden Dim: 22
n_layers: 1


Time: 22.01.2024 00:04:12
Accuracy: 0.38569598293862994

Optimizer: Adam
Learning Rate: 0.0001
Scheduler: False
Weight decay: 0
Smoothing: 0
Batch size: 64
Bidirectional: False
Hidden Dim: 22
n_layers: 1


Time: 22.01.2024 00:13:50
Accuracy: 0.41988238477209067

Optimizer: Adam
Learning Rate: 0.0001
Scheduler: False
Weight decay: 0
Smoothing: 0
Batch size: 64
Bidirectional: False
Hidden Dim: 22
n_layers: 1


Time: 22.01.2024 00:23:56
Accuracy: 0.46192783931754516

Optimizer: Adam
Learning Rate: 0.0001
Scheduler: False
Weight decay: 0
Smoothing: 0
Batch size: 64
Bidirectional: False
Hidden Dim: 22
n_layers: 1


Time: 22.01.2024 00:35:22
Accuracy: 0.4245066208301502

Optimizer: Adam
Learning Rate: 0.0001
Scheduler: False
Weight decay: 0
Smoothing: 0
Batch size: 64
Bidirectional: False
Hidden Dim: 22
n_layers: 1


Time: 22.01.2024 00:46:45
Accuracy: 0.44261841100076393

Optimizer: Adam
Learning Rate: 0.0001
Scheduler: False
Weight decay: 0
Smoothing: 0
Batch size: 64
Bidirectional: False
Hidden Dim: 22
n_layers: 1


Time: 22.01.2024 00:58:10
Accuracy: 0.4886745607333842

Optimizer: Adam
Learning Rate: 0.0001
Scheduler: False
Weight decay: 0
Smoothing: 0
Batch size: 64
Bidirectional: False
Hidden Dim: 22
n_layers: 1


Time: 22.01.2024 01:06:14
Accuracy: 0.459469696969697

Optimizer: Adam
Learning Rate: 0.0001
Scheduler: False
Weight decay: 0
Smoothing: 0
Batch size: 64
Bidirectional: False
Hidden Dim: 22
n_layers: 1


Time: 22.01.2024 01:12:01
Accuracy: 0.4270530939648587

Optimizer: Adam
Learning Rate: 0.0001
Scheduler: False
Weight decay: 0
Smoothing: 0
Batch size: 64
Bidirectional: False
Hidden Dim: 22
n_layers: 1


Time: 22.01.2024 01:17:50
Accuracy: 0.4172531512605042

Optimizer: Adam
Learning Rate: 0.0001
Scheduler: False
Weight decay: 0
Smoothing: 0
Batch size: 64
Bidirectional: False
Hidden Dim: 22
n_layers: 1


Time: 22.01.2024 01:23:37
Accuracy: 0.4661183791698498

Optimizer: Adam
Learning Rate: 0.0001
Scheduler: False
Weight decay: 0
Smoothing: 0
Batch size: 64
Bidirectional: False
Hidden Dim: 22
n_layers: 1


Time: 22.01.2024 01:29:24
Accuracy: 0.4247612681436211

Optimizer: Adam
Learning Rate: 0.0001
Scheduler: False
Weight decay: 0
Smoothing: 0
Batch size: 64
Bidirectional: False
Hidden Dim: 22
n_layers: 1


Time: 22.01.2024 01:35:11
Accuracy: 0.45135281385281384

Optimizer: Adam
Learning Rate: 0.0001
Scheduler: False
Weight decay: 0
Smoothing: 0
Batch size: 64
Bidirectional: False
Hidden Dim: 22
n_layers: 1


Time: 22.01.2024 01:40:58
Accuracy: 0.46632846320346316

Optimizer: Adam
Learning Rate: 0.0001
Scheduler: False
Weight decay: 0
Smoothing: 0
Batch size: 64
Bidirectional: False
Hidden Dim: 22
n_layers: 1


Time: 22.01.2024 01:46:46
Accuracy: 0.4619930926916221

Optimizer: Adam
Learning Rate: 0.0001
Scheduler: False
Weight decay: 0
Smoothing: 0
Batch size: 64
Bidirectional: False
Hidden Dim: 22
n_layers: 1


Time: 22.01.2024 01:52:32
Accuracy: 0.46946062515915454

Optimizer: Adam
Learning Rate: 0.0001
Scheduler: False
Weight decay: 0
Smoothing: 0
Batch size: 64
Bidirectional: False
Hidden Dim: 22
n_layers: 1


Time: 22.01.2024 01:58:19
Accuracy: 0.4247899159663866

Optimizer: Adam
Learning Rate: 0.0001
Scheduler: False
Weight decay: 0
Smoothing: 0
Batch size: 64
Bidirectional: False
Hidden Dim: 22
n_layers: 1


Time: 22.01.2024 02:04:06
Accuracy: 0.4933942895339954

Optimizer: Adam
Learning Rate: 0.0001
Scheduler: False
Weight decay: 0
Smoothing: 0
Batch size: 64
Bidirectional: False
Hidden Dim: 22
n_layers: 1


Time: 22.01.2024 02:09:53
Accuracy: 0.43860771581359814

Optimizer: Adam
Learning Rate: 0.0001
Scheduler: False
Weight decay: 0
Smoothing: 0
Batch size: 64
Bidirectional: False
Hidden Dim: 22
n_layers: 1


Time: 22.01.2024 02:16:02
Accuracy: 0.41572128851540613

Optimizer: Adam
Learning Rate: 0.0001
Scheduler: False
Weight decay: 0
Smoothing: 0
Batch size: 64
Bidirectional: False
Hidden Dim: 22
n_layers: 1


Time: 22.01.2024 02:22:33
Accuracy: 0.46003071683218744

Optimizer: Adam
Learning Rate: 0.0001
Scheduler: False
Weight decay: 0
Smoothing: 0
Batch size: 64
Bidirectional: False
Hidden Dim: 22
n_layers: 1


Time: 22.01.2024 02:29:03
Accuracy: 0.42236997071555893

Optimizer: Adam
Learning Rate: 0.0001
Scheduler: False
Weight decay: 0
Smoothing: 0
Batch size: 64
Bidirectional: False
Hidden Dim: 22
n_layers: 1


Time: 22.01.2024 02:36:07
Accuracy: 0.39032021899668956

Optimizer: Adam
Learning Rate: 0.0001
Scheduler: False
Weight decay: 0
Smoothing: 0
Batch size: 64
Bidirectional: False
Hidden Dim: 22
n_layers: 1


Time: 22.01.2024 02:43:19
Accuracy: 0.46449102368220013

Optimizer: Adam
Learning Rate: 0.0001
Scheduler: False
Weight decay: 0
Smoothing: 0
Batch size: 64
Bidirectional: False
Hidden Dim: 22
n_layers: 1


Time: 22.01.2024 02:50:32
Accuracy: 0.47417160045836515

Optimizer: Adam
Learning Rate: 0.0001
Scheduler: False
Weight decay: 0
Smoothing: 0
Batch size: 64
Bidirectional: False
Hidden Dim: 22
n_layers: 1


Time: 22.01.2024 02:57:44
Accuracy: 0.46155143875732113

Optimizer: Adam
Learning Rate: 0.0001
Scheduler: False
Weight decay: 0
Smoothing: 0
Batch size: 64
Bidirectional: False
Hidden Dim: 22
n_layers: 1


Time: 22.01.2024 03:04:56
Accuracy: 0.490938534504711

Optimizer: Adam
Learning Rate: 0.0001
Scheduler: False
Weight decay: 0
Smoothing: 0
Batch size: 64
Bidirectional: False
Hidden Dim: 22
n_layers: 1


Time: 22.01.2024 03:12:09
Accuracy: 0.47241930863254394

Optimizer: Adam
Learning Rate: 0.0001
Scheduler: False
Weight decay: 0
Smoothing: 0
Batch size: 64
Bidirectional: False
Hidden Dim: 22
n_layers: 1


Time: 22.01.2024 03:19:21
Accuracy: 0.47657165138782787

Optimizer: Adam
Learning Rate: 0.0001
Scheduler: False
Weight decay: 0
Smoothing: 0
Batch size: 64
Bidirectional: False
Hidden Dim: 22
n_layers: 1


Time: 22.01.2024 03:26:33
Accuracy: 0.46933330150241914

Optimizer: Adam
Learning Rate: 0.0001
Scheduler: False
Weight decay: 0
Smoothing: 0
Batch size: 64
Bidirectional: False
Hidden Dim: 22
n_layers: 1


Time: 22.01.2024 03:33:45
Accuracy: 0.45808823529411763

Optimizer: Adam
Learning Rate: 0.0001
Scheduler: False
Weight decay: 0
Smoothing: 0
Batch size: 64
Bidirectional: False
Hidden Dim: 22
n_layers: 1


Time: 22.01.2024 03:40:58
Accuracy: 0.40346638655462186

Optimizer: Adam
Learning Rate: 0.0001
Scheduler: False
Weight decay: 0
Smoothing: 0
Batch size: 64
Bidirectional: False
Hidden Dim: 22
n_layers: 1


Time: 22.01.2024 03:48:10
Accuracy: 0.45377196333078684

Optimizer: Adam
Learning Rate: 0.0001
Scheduler: False
Weight decay: 0
Smoothing: 0
Batch size: 64
Bidirectional: False
Hidden Dim: 22
n_layers: 1


Time: 22.01.2024 03:55:43
Accuracy: 0.40075280112044814

Optimizer: Adam
Learning Rate: 0.0001
Scheduler: False
Weight decay: 0
Smoothing: 0
Batch size: 64
Bidirectional: False
Hidden Dim: 22
n_layers: 1


Time: 22.01.2024 04:03:42
Accuracy: 0.3817855551311433

Optimizer: Adam
Learning Rate: 0.0001
Scheduler: False
Weight decay: 0
Smoothing: 0
Batch size: 64
Bidirectional: False
Hidden Dim: 22
n_layers: 1


Time: 22.01.2024 04:11:41
Accuracy: 0.4540297937356761

Optimizer: Adam
Learning Rate: 0.0001
Scheduler: False
Weight decay: 0
Smoothing: 0
Batch size: 64
Bidirectional: False
Hidden Dim: 22
n_layers: 1


Time: 22.01.2024 04:20:50
Accuracy: 0.4052131079704609

Optimizer: Adam
Learning Rate: 0.0001
Scheduler: False
Weight decay: 0
Smoothing: 0
Batch size: 64
Bidirectional: False
Hidden Dim: 22
n_layers: 1


Time: 22.01.2024 04:31:19
Accuracy: 0.4475522026992615

Optimizer: Adam
Learning Rate: 0.0001
Scheduler: False
Weight decay: 0
Smoothing: 0
Batch size: 64
Bidirectional: False
Hidden Dim: 22
n_layers: 1


Time: 22.01.2024 04:39:34
Accuracy: 0.4621673669467787

Optimizer: Adam
Learning Rate: 0.0001
Scheduler: False
Weight decay: 0
Smoothing: 0
Batch size: 64
Bidirectional: False
Hidden Dim: 22
n_layers: 1


Time: 22.01.2024 04:47:01
Accuracy: 0.44932677616501143

Optimizer: Adam
Learning Rate: 0.0001
Scheduler: False
Weight decay: 0
Smoothing: 0
Batch size: 64
Bidirectional: False
Hidden Dim: 22
n_layers: 1


Time: 22.01.2024 04:54:27
Accuracy: 0.3651737967914438

Optimizer: Adam
Learning Rate: 0.0001
Scheduler: False
Weight decay: 0
Smoothing: 0
Batch size: 64
Bidirectional: False
Hidden Dim: 22
n_layers: 1


Time: 22.01.2024 05:01:53
Accuracy: 0.48021549528902474

Optimizer: Adam
Learning Rate: 0.0001
Scheduler: False
Weight decay: 0
Smoothing: 0
Batch size: 64
Bidirectional: False
Hidden Dim: 22
n_layers: 1


Time: 22.01.2024 05:09:41
Accuracy: 0.42693691112808757

Optimizer: Adam
Learning Rate: 0.0001
Scheduler: False
Weight decay: 0
Smoothing: 0
Batch size: 64
Bidirectional: False
Hidden Dim: 22
n_layers: 1


Time: 22.01.2024 05:17:34
Accuracy: 0.4869151069518717

Optimizer: Adam
Learning Rate: 0.0001
Scheduler: False
Weight decay: 0
Smoothing: 0
Batch size: 64
Bidirectional: False
Hidden Dim: 22
n_layers: 1


Time: 22.01.2024 05:25:25
Accuracy: 0.36272281639928694

Optimizer: Adam
Learning Rate: 0.0001
Scheduler: False
Weight decay: 0
Smoothing: 0
Batch size: 64
Bidirectional: False
Hidden Dim: 22
n_layers: 1


Time: 22.01.2024 05:33:17
Accuracy: 0.42109275528393175

Optimizer: Adam
Learning Rate: 0.0001
Scheduler: False
Weight decay: 0
Smoothing: 0
Batch size: 64
Bidirectional: False
Hidden Dim: 22
n_layers: 1


Time: 22.01.2024 05:41:08
Accuracy: 0.4762963139801375

Optimizer: Adam
Learning Rate: 0.0001
Scheduler: False
Weight decay: 0
Smoothing: 0
Batch size: 64
Bidirectional: False
Hidden Dim: 22
n_layers: 1


Time: 22.01.2024 05:48:59
Accuracy: 0.49657260631525335

Optimizer: Adam
Learning Rate: 0.0001
Scheduler: False
Weight decay: 0
Smoothing: 0
Batch size: 64
Bidirectional: False
Hidden Dim: 22
n_layers: 1


Time: 22.01.2024 05:56:49
Accuracy: 0.39992360580595876

Optimizer: Adam
Learning Rate: 0.0001
Scheduler: False
Weight decay: 0
Smoothing: 0
Batch size: 64
Bidirectional: False
Hidden Dim: 22
n_layers: 1


Time: 22.01.2024 06:04:39
Accuracy: 0.447089858670741

Optimizer: Adam
Learning Rate: 0.0001
Scheduler: False
Weight decay: 0
Smoothing: 0
Batch size: 64
Bidirectional: False
Hidden Dim: 22
n_layers: 1


Time: 22.01.2024 06:12:31
Accuracy: 0.3405127960275019

Optimizer: Adam
Learning Rate: 0.0001
Scheduler: False
Weight decay: 0
Smoothing: 0
Batch size: 64
Bidirectional: False
Hidden Dim: 22
n_layers: 1


Time: 22.01.2024 06:19:56
Accuracy: 0.4168043353705118

Optimizer: Adam
Learning Rate: 0.0001
Scheduler: False
Weight decay: 0
Smoothing: 0
Batch size: 64
Bidirectional: False
Hidden Dim: 22
n_layers: 1


Time: 22.01.2024 06:27:24
Accuracy: 0.4801430799592564

Optimizer: Adam
Learning Rate: 0.0001
Scheduler: False
Weight decay: 0
Smoothing: 0
Batch size: 64
Bidirectional: False
Hidden Dim: 22
n_layers: 1


Time: 22.01.2024 06:38:24
Accuracy: 0.4004344919786096

Optimizer: Adam
Learning Rate: 0.0001
Scheduler: False
Weight decay: 0
Smoothing: 0
Batch size: 64
Bidirectional: False
Hidden Dim: 22
n_layers: 1


Time: 22.01.2024 06:51:23
Accuracy: 0.49583651642475174

Optimizer: Adam
Learning Rate: 0.0001
Scheduler: False
Weight decay: 0
Smoothing: 0
Batch size: 64
Bidirectional: False
Hidden Dim: 22
n_layers: 1


Time: 22.01.2024 07:04:23
Accuracy: 0.4365148332060097

Optimizer: Adam
Learning Rate: 0.0001
Scheduler: False
Weight decay: 0
Smoothing: 0
Batch size: 64
Bidirectional: False
Hidden Dim: 22
n_layers: 1


Time: 22.01.2024 07:17:20
Accuracy: 0.385968137254902

Optimizer: Adam
Learning Rate: 0.0001
Scheduler: False
Weight decay: 0
Smoothing: 0
Batch size: 64
Bidirectional: False
Hidden Dim: 22
n_layers: 1


Time: 22.01.2024 07:30:20
Accuracy: 0.4582481856378915

Optimizer: Adam
Learning Rate: 0.0001
Scheduler: False
Weight decay: 0
Smoothing: 0
Batch size: 64
Bidirectional: False
Hidden Dim: 22
n_layers: 1


Time: 22.01.2024 07:43:18
Accuracy: 0.5151021772345302

Optimizer: Adam
Learning Rate: 0.0001
Scheduler: False
Weight decay: 0
Smoothing: 0
Batch size: 64
Bidirectional: False
Hidden Dim: 22
n_layers: 1


Time: 22.01.2024 07:56:16
Accuracy: 0.3794507575757575

Optimizer: Adam
Learning Rate: 0.0001
Scheduler: False
Weight decay: 0
Smoothing: 0
Batch size: 64
Bidirectional: False
Hidden Dim: 22
n_layers: 1


Time: 22.01.2024 08:09:15
Accuracy: 0.4240888400814871

Optimizer: Adam
Learning Rate: 0.0001
Scheduler: False
Weight decay: 0
Smoothing: 0
Batch size: 64
Bidirectional: False
Hidden Dim: 22
n_layers: 1


Time: 22.01.2024 08:22:13
Accuracy: 0.41946062515915455

Optimizer: Adam
Learning Rate: 0.0001
Scheduler: False
Weight decay: 0
Smoothing: 0
Batch size: 64
Bidirectional: False
Hidden Dim: 22
n_layers: 1


Time: 22.01.2024 08:35:10
Accuracy: 0.39710020371785076

Optimizer: Adam
Learning Rate: 0.0001
Scheduler: False
Weight decay: 0
Smoothing: 0
Batch size: 64
Bidirectional: False
Hidden Dim: 22
n_layers: 1


Time: 22.01.2024 08:48:06
Accuracy: 0.4337375859434683

Optimizer: Adam
Learning Rate: 0.0001
Scheduler: False
Weight decay: 0
Smoothing: 0
Batch size: 64
Bidirectional: False
Hidden Dim: 22
n_layers: 1


Time: 22.01.2024 09:01:06
Accuracy: 0.4355161382734912

Optimizer: Adam
Learning Rate: 0.0001
Scheduler: False
Weight decay: 0
Smoothing: 0
Batch size: 64
Bidirectional: False
Hidden Dim: 22
n_layers: 1


Time: 22.01.2024 09:14:05
Accuracy: 0.49552616501145913

Optimizer: Adam
Learning Rate: 0.0001
Scheduler: False
Weight decay: 0
Smoothing: 0
Batch size: 64
Bidirectional: False
Hidden Dim: 22
n_layers: 1


Time: 22.01.2024 09:27:03
Accuracy: 0.42363445378151265

Optimizer: Adam
Learning Rate: 0.0001
Scheduler: False
Weight decay: 0
Smoothing: 0
Batch size: 64
Bidirectional: False
Hidden Dim: 22
n_layers: 1


Time: 22.01.2024 09:40:01
Accuracy: 0.40381254774637126

Optimizer: Adam
Learning Rate: 0.0001
Scheduler: False
Weight decay: 0
Smoothing: 0
Batch size: 64
Bidirectional: False
Hidden Dim: 22
n_layers: 1


Time: 22.01.2024 09:52:59
Accuracy: 0.3682335434173669

Optimizer: Adam
Learning Rate: 0.0001
Scheduler: False
Weight decay: 0
Smoothing: 0
Batch size: 64
Bidirectional: False
Hidden Dim: 22
n_layers: 1


Time: 22.01.2024 10:00:06
Accuracy: 0.456815794499618

Optimizer: Adam
Learning Rate: 0.0001
Scheduler: False
Weight decay: 0
Smoothing: 0
Batch size: 64
Bidirectional: False
Hidden Dim: 22
n_layers: 1


Time: 22.01.2024 10:06:33
Accuracy: 0.43897456709956706

Optimizer: Adam
Learning Rate: 0.0001
Scheduler: False
Weight decay: 0
Smoothing: 0
Batch size: 64
Bidirectional: False
Hidden Dim: 22
n_layers: 1


Time: 22.01.2024 10:13:12
Accuracy: 0.4544197224344283

Optimizer: Adam
Learning Rate: 0.0001
Scheduler: False
Weight decay: 0
Smoothing: 0
Batch size: 64
Bidirectional: False
Hidden Dim: 22
n_layers: 1


Time: 22.01.2024 10:19:48
Accuracy: 0.4425507703081233

Optimizer: Adam
Learning Rate: 0.0001
Scheduler: False
Weight decay: 0
Smoothing: 0
Batch size: 64
Bidirectional: False
Hidden Dim: 22
n_layers: 1


Time: 22.01.2024 10:26:25
Accuracy: 0.39442163228927934

Optimizer: Adam
Learning Rate: 0.0001
Scheduler: False
Weight decay: 0
Smoothing: 0
Batch size: 64
Bidirectional: False
Hidden Dim: 22
n_layers: 1


Time: 22.01.2024 10:34:40
Accuracy: 0.46269178125795773

Optimizer: Adam
Learning Rate: 0.0001
Scheduler: False
Weight decay: 0
Smoothing: 0
Batch size: 64
Bidirectional: False
Hidden Dim: 22
n_layers: 1


Time: 22.01.2024 10:43:35
Accuracy: 0.42647615864527627

Optimizer: Adam
Learning Rate: 0.0001
Scheduler: False
Weight decay: 0
Smoothing: 0
Batch size: 64
Bidirectional: False
Hidden Dim: 22
n_layers: 1


Time: 22.01.2024 10:50:12
Accuracy: 0.3977408008658009

Optimizer: Adam
Learning Rate: 0.0001
Scheduler: False
Weight decay: 0
Smoothing: 0
Batch size: 64
Bidirectional: False
Hidden Dim: 22
n_layers: 1


Time: 22.01.2024 10:55:30
Accuracy: 0.40869143111790174

Optimizer: Adam
Learning Rate: 0.0001
Scheduler: False
Weight decay: 0
Smoothing: 0
Batch size: 64
Bidirectional: False
Hidden Dim: 22
n_layers: 1


Time: 22.01.2024 11:00:53
Accuracy: 0.4353697160682455

Optimizer: Adam
Learning Rate: 0.0001
Scheduler: False
Weight decay: 0
Smoothing: 0
Batch size: 64
Bidirectional: False
Hidden Dim: 22
n_layers: 1


Time: 22.01.2024 11:06:18
Accuracy: 0.4032515278838808

Optimizer: Adam
Learning Rate: 0.0001
Scheduler: False
Weight decay: 0
Smoothing: 0
Batch size: 64
Bidirectional: False
Hidden Dim: 22
n_layers: 1


Time: 22.01.2024 11:11:43
Accuracy: 0.44978912019353195

Optimizer: Adam
Learning Rate: 0.0001
Scheduler: False
Weight decay: 0
Smoothing: 0
Batch size: 64
Bidirectional: False
Hidden Dim: 22
n_layers: 1


Time: 22.01.2024 11:17:08
Accuracy: 0.458982683982684

Optimizer: Adam
Learning Rate: 0.0001
Scheduler: False
Weight decay: 0
Smoothing: 0
Batch size: 64
Bidirectional: False
Hidden Dim: 22
n_layers: 1


Time: 22.01.2024 11:23:33
Accuracy: 0.4592810988031576

Optimizer: Adam
Learning Rate: 0.0001
Scheduler: False
Weight decay: 0
Smoothing: 0
Batch size: 64
Bidirectional: False
Hidden Dim: 22
n_layers: 1


Time: 22.01.2024 11:30:45
Accuracy: 0.49212423605805955

Optimizer: Adam
Learning Rate: 0.0001
Scheduler: False
Weight decay: 0
Smoothing: 0
Batch size: 64
Bidirectional: False
Hidden Dim: 22
n_layers: 1


